{"/Users/alexmedina/Desktop/cookmate/backend/dist/server.js": {"path":"/Users/alexmedina/Desktop/cookmate/backend/dist/server.js","statementMap":{"0":{"start":{"line":2,"column":22},"end":{"line":12,"column":3}},"1":{"start":{"line":3,"column":4},"end":{"line":3,"column":33}},"2":{"start":{"line":3,"column":26},"end":{"line":3,"column":33}},"3":{"start":{"line":4,"column":15},"end":{"line":4,"column":52}},"4":{"start":{"line":5,"column":4},"end":{"line":7,"column":5}},"5":{"start":{"line":6,"column":6},"end":{"line":6,"column":68}},"6":{"start":{"line":6,"column":51},"end":{"line":6,"column":63}},"7":{"start":{"line":8,"column":4},"end":{"line":8,"column":39}},"8":{"start":{"line":10,"column":4},"end":{"line":10,"column":33}},"9":{"start":{"line":10,"column":26},"end":{"line":10,"column":33}},"10":{"start":{"line":11,"column":4},"end":{"line":11,"column":17}},"11":{"start":{"line":13,"column":25},"end":{"line":17,"column":2}},"12":{"start":{"line":14,"column":4},"end":{"line":14,"column":72}},"13":{"start":{"line":16,"column":4},"end":{"line":16,"column":21}},"14":{"start":{"line":18,"column":19},"end":{"line":34,"column":4}},"15":{"start":{"line":19,"column":18},"end":{"line":26,"column":5}},"16":{"start":{"line":20,"column":8},"end":{"line":24,"column":10}},"17":{"start":{"line":21,"column":21},"end":{"line":21,"column":23}},"18":{"start":{"line":22,"column":12},"end":{"line":22,"column":95}},"19":{"start":{"line":22,"column":29},"end":{"line":22,"column":95}},"20":{"start":{"line":22,"column":77},"end":{"line":22,"column":95}},"21":{"start":{"line":23,"column":12},"end":{"line":23,"column":22}},"22":{"start":{"line":25,"column":8},"end":{"line":25,"column":26}},"23":{"start":{"line":27,"column":4},"end":{"line":33,"column":6}},"24":{"start":{"line":28,"column":8},"end":{"line":28,"column":46}},"25":{"start":{"line":28,"column":35},"end":{"line":28,"column":46}},"26":{"start":{"line":29,"column":21},"end":{"line":29,"column":23}},"27":{"start":{"line":30,"column":8},"end":{"line":30,"column":137}},"28":{"start":{"line":30,"column":25},"end":{"line":30,"column":137}},"29":{"start":{"line":30,"column":38},"end":{"line":30,"column":50}},"30":{"start":{"line":30,"column":56},"end":{"line":30,"column":57}},"31":{"start":{"line":30,"column":78},"end":{"line":30,"column":137}},"32":{"start":{"line":30,"column":102},"end":{"line":30,"column":137}},"33":{"start":{"line":31,"column":8},"end":{"line":31,"column":40}},"34":{"start":{"line":32,"column":8},"end":{"line":32,"column":22}},"35":{"start":{"line":35,"column":22},"end":{"line":37,"column":1}},"36":{"start":{"line":36,"column":4},"end":{"line":36,"column":62}},"37":{"start":{"line":38,"column":0},"end":{"line":38,"column":62}},"38":{"start":{"line":39,"column":18},"end":{"line":39,"column":53}},"39":{"start":{"line":40,"column":29},"end":{"line":40,"column":75}},"40":{"start":{"line":41,"column":18},"end":{"line":41,"column":59}},"41":{"start":{"line":42,"column":21},"end":{"line":42,"column":68}},"42":{"start":{"line":43,"column":21},"end":{"line":43,"column":68}},"43":{"start":{"line":44,"column":24},"end":{"line":44,"column":74}},"44":{"start":{"line":45,"column":24},"end":{"line":45,"column":74}},"45":{"start":{"line":46,"column":13},"end":{"line":46,"column":35}},"46":{"start":{"line":47,"column":0},"end":{"line":47,"column":25}},"47":{"start":{"line":48,"column":12},"end":{"line":48,"column":36}},"48":{"start":{"line":50,"column":0},"end":{"line":50,"column":34}},"49":{"start":{"line":51,"column":0},"end":{"line":51,"column":22}},"50":{"start":{"line":53,"column":0},"end":{"line":53,"column":38}},"51":{"start":{"line":54,"column":0},"end":{"line":54,"column":38}},"52":{"start":{"line":55,"column":0},"end":{"line":55,"column":41}},"53":{"start":{"line":56,"column":0},"end":{"line":56,"column":41}},"54":{"start":{"line":58,"column":0},"end":{"line":58,"column":136}},"55":{"start":{"line":59,"column":0},"end":{"line":61,"column":3}},"56":{"start":{"line":60,"column":4},"end":{"line":60,"column":40}},"57":{"start":{"line":62,"column":0},"end":{"line":62,"column":22}}},"fnMap":{"0":{"name":"(anonymous_0)","decl":{"start":{"line":2,"column":74},"end":{"line":2,"column":75}},"loc":{"start":{"line":2,"column":96},"end":{"line":9,"column":1}},"line":2},"1":{"name":"(anonymous_1)","decl":{"start":{"line":6,"column":38},"end":{"line":6,"column":39}},"loc":{"start":{"line":6,"column":49},"end":{"line":6,"column":65}},"line":6},"2":{"name":"(anonymous_2)","decl":{"start":{"line":9,"column":6},"end":{"line":9,"column":7}},"loc":{"start":{"line":9,"column":28},"end":{"line":12,"column":1}},"line":9},"3":{"name":"(anonymous_3)","decl":{"start":{"line":13,"column":80},"end":{"line":13,"column":81}},"loc":{"start":{"line":13,"column":95},"end":{"line":15,"column":1}},"line":13},"4":{"name":"(anonymous_4)","decl":{"start":{"line":15,"column":5},"end":{"line":15,"column":6}},"loc":{"start":{"line":15,"column":20},"end":{"line":17,"column":1}},"line":15},"5":{"name":"(anonymous_5)","decl":{"start":{"line":18,"column":51},"end":{"line":18,"column":52}},"loc":{"start":{"line":18,"column":63},"end":{"line":34,"column":1}},"line":18},"6":{"name":"(anonymous_6)","decl":{"start":{"line":19,"column":18},"end":{"line":19,"column":19}},"loc":{"start":{"line":19,"column":30},"end":{"line":26,"column":5}},"line":19},"7":{"name":"(anonymous_7)","decl":{"start":{"line":20,"column":48},"end":{"line":20,"column":49}},"loc":{"start":{"line":20,"column":61},"end":{"line":24,"column":9}},"line":20},"8":{"name":"(anonymous_8)","decl":{"start":{"line":27,"column":11},"end":{"line":27,"column":12}},"loc":{"start":{"line":27,"column":26},"end":{"line":33,"column":5}},"line":27},"9":{"name":"(anonymous_9)","decl":{"start":{"line":35,"column":56},"end":{"line":35,"column":57}},"loc":{"start":{"line":35,"column":71},"end":{"line":37,"column":1}},"line":35},"10":{"name":"(anonymous_10)","decl":{"start":{"line":59,"column":13},"end":{"line":59,"column":14}},"loc":{"start":{"line":59,"column":27},"end":{"line":61,"column":1}},"line":59}},"branchMap":{"0":{"loc":{"start":{"line":2,"column":22},"end":{"line":12,"column":3}},"type":"binary-expr","locations":[{"start":{"line":2,"column":23},"end":{"line":2,"column":27}},{"start":{"line":2,"column":31},"end":{"line":2,"column":51}},{"start":{"line":2,"column":57},"end":{"line":12,"column":2}}],"line":2},"1":{"loc":{"start":{"line":2,"column":57},"end":{"line":12,"column":2}},"type":"cond-expr","locations":[{"start":{"line":2,"column":74},"end":{"line":9,"column":1}},{"start":{"line":9,"column":6},"end":{"line":12,"column":1}}],"line":2},"2":{"loc":{"start":{"line":3,"column":4},"end":{"line":3,"column":33}},"type":"if","locations":[{"start":{"line":3,"column":4},"end":{"line":3,"column":33}},{"start":{},"end":{}}],"line":3},"3":{"loc":{"start":{"line":5,"column":4},"end":{"line":7,"column":5}},"type":"if","locations":[{"start":{"line":5,"column":4},"end":{"line":7,"column":5}},{"start":{},"end":{}}],"line":5},"4":{"loc":{"start":{"line":5,"column":8},"end":{"line":5,"column":85}},"type":"binary-expr","locations":[{"start":{"line":5,"column":8},"end":{"line":5,"column":13}},{"start":{"line":5,"column":18},"end":{"line":5,"column":84}}],"line":5},"5":{"loc":{"start":{"line":5,"column":18},"end":{"line":5,"column":84}},"type":"cond-expr","locations":[{"start":{"line":5,"column":34},"end":{"line":5,"column":47}},{"start":{"line":5,"column":50},"end":{"line":5,"column":84}}],"line":5},"6":{"loc":{"start":{"line":5,"column":50},"end":{"line":5,"column":84}},"type":"binary-expr","locations":[{"start":{"line":5,"column":50},"end":{"line":5,"column":63}},{"start":{"line":5,"column":67},"end":{"line":5,"column":84}}],"line":5},"7":{"loc":{"start":{"line":10,"column":4},"end":{"line":10,"column":33}},"type":"if","locations":[{"start":{"line":10,"column":4},"end":{"line":10,"column":33}},{"start":{},"end":{}}],"line":10},"8":{"loc":{"start":{"line":13,"column":25},"end":{"line":17,"column":2}},"type":"binary-expr","locations":[{"start":{"line":13,"column":26},"end":{"line":13,"column":30}},{"start":{"line":13,"column":34},"end":{"line":13,"column":57}},{"start":{"line":13,"column":63},"end":{"line":17,"column":1}}],"line":13},"9":{"loc":{"start":{"line":13,"column":63},"end":{"line":17,"column":1}},"type":"cond-expr","locations":[{"start":{"line":13,"column":80},"end":{"line":15,"column":1}},{"start":{"line":15,"column":5},"end":{"line":17,"column":1}}],"line":13},"10":{"loc":{"start":{"line":18,"column":19},"end":{"line":34,"column":4}},"type":"binary-expr","locations":[{"start":{"line":18,"column":20},"end":{"line":18,"column":24}},{"start":{"line":18,"column":28},"end":{"line":18,"column":45}},{"start":{"line":18,"column":50},"end":{"line":34,"column":4}}],"line":18},"11":{"loc":{"start":{"line":20,"column":18},"end":{"line":24,"column":9}},"type":"binary-expr","locations":[{"start":{"line":20,"column":18},"end":{"line":20,"column":44}},{"start":{"line":20,"column":48},"end":{"line":24,"column":9}}],"line":20},"12":{"loc":{"start":{"line":22,"column":29},"end":{"line":22,"column":95}},"type":"if","locations":[{"start":{"line":22,"column":29},"end":{"line":22,"column":95}},{"start":{},"end":{}}],"line":22},"13":{"loc":{"start":{"line":28,"column":8},"end":{"line":28,"column":46}},"type":"if","locations":[{"start":{"line":28,"column":8},"end":{"line":28,"column":46}},{"start":{},"end":{}}],"line":28},"14":{"loc":{"start":{"line":28,"column":12},"end":{"line":28,"column":33}},"type":"binary-expr","locations":[{"start":{"line":28,"column":12},"end":{"line":28,"column":15}},{"start":{"line":28,"column":19},"end":{"line":28,"column":33}}],"line":28},"15":{"loc":{"start":{"line":30,"column":8},"end":{"line":30,"column":137}},"type":"if","locations":[{"start":{"line":30,"column":8},"end":{"line":30,"column":137}},{"start":{},"end":{}}],"line":30},"16":{"loc":{"start":{"line":30,"column":78},"end":{"line":30,"column":137}},"type":"if","locations":[{"start":{"line":30,"column":78},"end":{"line":30,"column":137}},{"start":{},"end":{}}],"line":30},"17":{"loc":{"start":{"line":35,"column":22},"end":{"line":37,"column":1}},"type":"binary-expr","locations":[{"start":{"line":35,"column":23},"end":{"line":35,"column":27}},{"start":{"line":35,"column":31},"end":{"line":35,"column":51}},{"start":{"line":35,"column":56},"end":{"line":37,"column":1}}],"line":35},"18":{"loc":{"start":{"line":36,"column":11},"end":{"line":36,"column":61}},"type":"cond-expr","locations":[{"start":{"line":36,"column":37},"end":{"line":36,"column":40}},{"start":{"line":36,"column":43},"end":{"line":36,"column":61}}],"line":36},"19":{"loc":{"start":{"line":36,"column":12},"end":{"line":36,"column":33}},"type":"binary-expr","locations":[{"start":{"line":36,"column":12},"end":{"line":36,"column":15}},{"start":{"line":36,"column":19},"end":{"line":36,"column":33}}],"line":36}},"s":{"0":1,"1":0,"2":0,"3":0,"4":0,"5":0,"6":0,"7":0,"8":0,"9":0,"10":0,"11":1,"12":0,"13":0,"14":1,"15":1,"16":0,"17":0,"18":0,"19":0,"20":0,"21":0,"22":0,"23":1,"24":1,"25":1,"26":0,"27":0,"28":0,"29":0,"30":0,"31":0,"32":0,"33":0,"34":0,"35":1,"36":6,"37":1,"38":1,"39":1,"40":1,"41":1,"42":1,"43":1,"44":1,"45":1,"46":1,"47":1,"48":1,"49":1,"50":1,"51":1,"52":1,"53":1,"54":1,"55":1,"56":0,"57":1},"f":{"0":0,"1":0,"2":0,"3":0,"4":0,"5":1,"6":0,"7":0,"8":1,"9":6,"10":0},"b":{"0":[1,1,1],"1":[1,0],"2":[0,0],"3":[0,0],"4":[0,0],"5":[0,0],"6":[0,0],"7":[0,0],"8":[1,1,1],"9":[1,0],"10":[1,1,1],"11":[0,0],"12":[0,0],"13":[1,0],"14":[1,1],"15":[0,0],"16":[0,0],"17":[1,1,1],"18":[4,2],"19":[6,6]},"inputSourceMap":null,"_coverageSchema":"1a1c01bbd47fc00a2c39e90264f33305004495a9","hash":"2d8f6789ab7220e456edbca5aead01f1aec16405"}
,"/Users/alexmedina/Desktop/cookmate/backend/dist/config/db.js": {"path":"/Users/alexmedina/Desktop/cookmate/backend/dist/config/db.js","statementMap":{"0":{"start":{"line":2,"column":22},"end":{"line":4,"column":1}},"1":{"start":{"line":3,"column":4},"end":{"line":3,"column":62}},"2":{"start":{"line":5,"column":0},"end":{"line":5,"column":62}},"3":{"start":{"line":6,"column":0},"end":{"line":6,"column":27}},"4":{"start":{"line":7,"column":17},"end":{"line":7,"column":51}},"5":{"start":{"line":8,"column":19},"end":{"line":8,"column":55}},"6":{"start":{"line":9,"column":18},"end":{"line":19,"column":1}},"7":{"start":{"line":10,"column":4},"end":{"line":18,"column":5}},"8":{"start":{"line":11,"column":31},"end":{"line":11,"column":86}},"9":{"start":{"line":12,"column":20},"end":{"line":12,"column":59}},"10":{"start":{"line":13,"column":8},"end":{"line":13,"column":72}},"11":{"start":{"line":16,"column":8},"end":{"line":16,"column":57}},"12":{"start":{"line":17,"column":8},"end":{"line":17,"column":24}},"13":{"start":{"line":20,"column":0},"end":{"line":20,"column":30}}},"fnMap":{"0":{"name":"(anonymous_0)","decl":{"start":{"line":2,"column":56},"end":{"line":2,"column":57}},"loc":{"start":{"line":2,"column":71},"end":{"line":4,"column":1}},"line":2},"1":{"name":"(anonymous_1)","decl":{"start":{"line":9,"column":18},"end":{"line":9,"column":19}},"loc":{"start":{"line":9,"column":30},"end":{"line":19,"column":1}},"line":9}},"branchMap":{"0":{"loc":{"start":{"line":2,"column":22},"end":{"line":4,"column":1}},"type":"binary-expr","locations":[{"start":{"line":2,"column":23},"end":{"line":2,"column":27}},{"start":{"line":2,"column":31},"end":{"line":2,"column":51}},{"start":{"line":2,"column":56},"end":{"line":4,"column":1}}],"line":2},"1":{"loc":{"start":{"line":3,"column":11},"end":{"line":3,"column":61}},"type":"cond-expr","locations":[{"start":{"line":3,"column":37},"end":{"line":3,"column":40}},{"start":{"line":3,"column":43},"end":{"line":3,"column":61}}],"line":3},"2":{"loc":{"start":{"line":3,"column":12},"end":{"line":3,"column":33}},"type":"binary-expr","locations":[{"start":{"line":3,"column":12},"end":{"line":3,"column":15}},{"start":{"line":3,"column":19},"end":{"line":3,"column":33}}],"line":3}},"s":{"0":1,"1":2,"2":1,"3":1,"4":1,"5":1,"6":1,"7":1,"8":1,"9":1,"10":1,"11":0,"12":0,"13":1},"f":{"0":2,"1":1},"b":{"0":[1,1,1],"1":[0,2],"2":[2,2]},"inputSourceMap":null,"_coverageSchema":"1a1c01bbd47fc00a2c39e90264f33305004495a9","hash":"2cf09353dd148582c108e19f15763b4207abb793"}
,"/Users/alexmedina/Desktop/cookmate/backend/dist/config/swagger.js": {"path":"/Users/alexmedina/Desktop/cookmate/backend/dist/config/swagger.js","statementMap":{"0":{"start":{"line":2,"column":22},"end":{"line":4,"column":1}},"1":{"start":{"line":3,"column":4},"end":{"line":3,"column":62}},"2":{"start":{"line":5,"column":0},"end":{"line":5,"column":62}},"3":{"start":{"line":6,"column":0},"end":{"line":6,"column":34}},"4":{"start":{"line":7,"column":24},"end":{"line":7,"column":65}},"5":{"start":{"line":8,"column":16},"end":{"line":36,"column":1}},"6":{"start":{"line":37,"column":20},"end":{"line":37,"column":57}},"7":{"start":{"line":38,"column":25},"end":{"line":48,"column":1}},"8":{"start":{"line":49,"column":0},"end":{"line":49,"column":44}},"9":{"start":{"line":50,"column":0},"end":{"line":50,"column":30}}},"fnMap":{"0":{"name":"(anonymous_0)","decl":{"start":{"line":2,"column":56},"end":{"line":2,"column":57}},"loc":{"start":{"line":2,"column":71},"end":{"line":4,"column":1}},"line":2}},"branchMap":{"0":{"loc":{"start":{"line":2,"column":22},"end":{"line":4,"column":1}},"type":"binary-expr","locations":[{"start":{"line":2,"column":23},"end":{"line":2,"column":27}},{"start":{"line":2,"column":31},"end":{"line":2,"column":51}},{"start":{"line":2,"column":56},"end":{"line":4,"column":1}}],"line":2},"1":{"loc":{"start":{"line":3,"column":11},"end":{"line":3,"column":61}},"type":"cond-expr","locations":[{"start":{"line":3,"column":37},"end":{"line":3,"column":40}},{"start":{"line":3,"column":43},"end":{"line":3,"column":61}}],"line":3},"2":{"loc":{"start":{"line":3,"column":12},"end":{"line":3,"column":33}},"type":"binary-expr","locations":[{"start":{"line":3,"column":12},"end":{"line":3,"column":15}},{"start":{"line":3,"column":19},"end":{"line":3,"column":33}}],"line":3}},"s":{"0":1,"1":1,"2":1,"3":1,"4":1,"5":1,"6":1,"7":1,"8":1,"9":1},"f":{"0":1},"b":{"0":[1,1,1],"1":[0,1],"2":[1,1]},"inputSourceMap":null,"_coverageSchema":"1a1c01bbd47fc00a2c39e90264f33305004495a9","hash":"8d648ddc5e007dab5739d8a28bba684a478e85d3"}
,"/Users/alexmedina/Desktop/cookmate/backend/dist/handlers/authHandler.js": {"path":"/Users/alexmedina/Desktop/cookmate/backend/dist/handlers/authHandler.js","statementMap":{"0":{"start":{"line":2,"column":22},"end":{"line":4,"column":1}},"1":{"start":{"line":3,"column":4},"end":{"line":3,"column":62}},"2":{"start":{"line":5,"column":0},"end":{"line":5,"column":62}},"3":{"start":{"line":6,"column":0},"end":{"line":6,"column":47}},"4":{"start":{"line":7,"column":15},"end":{"line":7,"column":47}},"5":{"start":{"line":8,"column":15},"end":{"line":8,"column":57}},"6":{"start":{"line":9,"column":15},"end":{"line":9,"column":39}},"7":{"start":{"line":10,"column":14},"end":{"line":10,"column":37}},"8":{"start":{"line":11,"column":22},"end":{"line":33,"column":1}},"9":{"start":{"line":12,"column":4},"end":{"line":32,"column":5}},"10":{"start":{"line":13,"column":54},"end":{"line":13,"column":62}},"11":{"start":{"line":14,"column":27},"end":{"line":14,"column":58}},"12":{"start":{"line":15,"column":29},"end":{"line":15,"column":81}},"13":{"start":{"line":16,"column":8},"end":{"line":19,"column":9}},"14":{"start":{"line":17,"column":33},"end":{"line":17,"column":67}},"15":{"start":{"line":18,"column":12},"end":{"line":18,"column":73}},"16":{"start":{"line":20,"column":8},"end":{"line":23,"column":9}},"17":{"start":{"line":21,"column":33},"end":{"line":21,"column":68}},"18":{"start":{"line":22,"column":12},"end":{"line":22,"column":73}},"19":{"start":{"line":24,"column":21},"end":{"line":24,"column":49}},"20":{"start":{"line":25,"column":8},"end":{"line":25,"column":65}},"21":{"start":{"line":26,"column":8},"end":{"line":26,"column":33}},"22":{"start":{"line":27,"column":8},"end":{"line":27,"column":26}},"23":{"start":{"line":28,"column":8},"end":{"line":28,"column":61}},"24":{"start":{"line":31,"column":8},"end":{"line":31,"column":65}},"25":{"start":{"line":34,"column":0},"end":{"line":34,"column":38}},"26":{"start":{"line":35,"column":14},"end":{"line":57,"column":1}},"27":{"start":{"line":36,"column":4},"end":{"line":56,"column":5}},"28":{"start":{"line":37,"column":29},"end":{"line":37,"column":37}},"29":{"start":{"line":38,"column":8},"end":{"line":41,"column":9}},"30":{"start":{"line":39,"column":33},"end":{"line":39,"column":66}},"31":{"start":{"line":40,"column":12},"end":{"line":40,"column":73}},"32":{"start":{"line":42,"column":32},"end":{"line":42,"column":99}},"33":{"start":{"line":43,"column":8},"end":{"line":46,"column":9}},"34":{"start":{"line":44,"column":33},"end":{"line":44,"column":62}},"35":{"start":{"line":45,"column":12},"end":{"line":45,"column":73}},"36":{"start":{"line":47,"column":22},"end":{"line":51,"column":10}},"37":{"start":{"line":52,"column":8},"end":{"line":52,"column":36}},"38":{"start":{"line":55,"column":8},"end":{"line":55,"column":65}},"39":{"start":{"line":58,"column":0},"end":{"line":58,"column":22}}},"fnMap":{"0":{"name":"(anonymous_0)","decl":{"start":{"line":2,"column":56},"end":{"line":2,"column":57}},"loc":{"start":{"line":2,"column":71},"end":{"line":4,"column":1}},"line":2},"1":{"name":"(anonymous_1)","decl":{"start":{"line":11,"column":22},"end":{"line":11,"column":23}},"loc":{"start":{"line":11,"column":42},"end":{"line":33,"column":1}},"line":11},"2":{"name":"(anonymous_2)","decl":{"start":{"line":35,"column":14},"end":{"line":35,"column":15}},"loc":{"start":{"line":35,"column":34},"end":{"line":57,"column":1}},"line":35}},"branchMap":{"0":{"loc":{"start":{"line":2,"column":22},"end":{"line":4,"column":1}},"type":"binary-expr","locations":[{"start":{"line":2,"column":23},"end":{"line":2,"column":27}},{"start":{"line":2,"column":31},"end":{"line":2,"column":51}},{"start":{"line":2,"column":56},"end":{"line":4,"column":1}}],"line":2},"1":{"loc":{"start":{"line":3,"column":11},"end":{"line":3,"column":61}},"type":"cond-expr","locations":[{"start":{"line":3,"column":37},"end":{"line":3,"column":40}},{"start":{"line":3,"column":43},"end":{"line":3,"column":61}}],"line":3},"2":{"loc":{"start":{"line":3,"column":12},"end":{"line":3,"column":33}},"type":"binary-expr","locations":[{"start":{"line":3,"column":12},"end":{"line":3,"column":15}},{"start":{"line":3,"column":19},"end":{"line":3,"column":33}}],"line":3},"3":{"loc":{"start":{"line":16,"column":8},"end":{"line":19,"column":9}},"type":"if","locations":[{"start":{"line":16,"column":8},"end":{"line":19,"column":9}},{"start":{},"end":{}}],"line":16},"4":{"loc":{"start":{"line":20,"column":8},"end":{"line":23,"column":9}},"type":"if","locations":[{"start":{"line":20,"column":8},"end":{"line":23,"column":9}},{"start":{},"end":{}}],"line":20},"5":{"loc":{"start":{"line":38,"column":8},"end":{"line":41,"column":9}},"type":"if","locations":[{"start":{"line":38,"column":8},"end":{"line":41,"column":9}},{"start":{},"end":{}}],"line":38},"6":{"loc":{"start":{"line":43,"column":8},"end":{"line":46,"column":9}},"type":"if","locations":[{"start":{"line":43,"column":8},"end":{"line":46,"column":9}},{"start":{},"end":{}}],"line":43}},"s":{"0":2,"1":4,"2":2,"3":2,"4":2,"5":2,"6":2,"7":2,"8":2,"9":6,"10":6,"11":6,"12":6,"13":5,"14":2,"15":2,"16":3,"17":0,"18":0,"19":3,"20":3,"21":3,"22":3,"23":3,"24":1,"25":2,"26":2,"27":5,"28":5,"29":5,"30":0,"31":0,"32":5,"33":4,"34":1,"35":1,"36":3,"37":3,"38":1,"39":2},"f":{"0":4,"1":6,"2":5},"b":{"0":[2,2,2],"1":[1,3],"2":[4,4],"3":[2,3],"4":[0,3],"5":[0,5],"6":[1,3]},"inputSourceMap":null,"_coverageSchema":"1a1c01bbd47fc00a2c39e90264f33305004495a9","hash":"45313b6d9e8b075e370b0986590375921fbf44d1"}
,"/Users/alexmedina/Desktop/cookmate/backend/dist/handlers/commentHandler.js": {"path":"/Users/alexmedina/Desktop/cookmate/backend/dist/handlers/commentHandler.js","statementMap":{"0":{"start":{"line":2,"column":22},"end":{"line":4,"column":1}},"1":{"start":{"line":3,"column":4},"end":{"line":3,"column":62}},"2":{"start":{"line":5,"column":0},"end":{"line":5,"column":62}},"3":{"start":{"line":6,"column":0},"end":{"line":6,"column":102}},"4":{"start":{"line":7,"column":18},"end":{"line":7,"column":63}},"5":{"start":{"line":8,"column":30},"end":{"line":19,"column":1}},"6":{"start":{"line":9,"column":4},"end":{"line":18,"column":5}},"7":{"start":{"line":10,"column":29},"end":{"line":10,"column":39}},"8":{"start":{"line":11,"column":25},"end":{"line":13,"column":36}},"9":{"start":{"line":14,"column":8},"end":{"line":14,"column":39}},"10":{"start":{"line":17,"column":8},"end":{"line":17,"column":65}},"11":{"start":{"line":20,"column":0},"end":{"line":20,"column":54}},"12":{"start":{"line":21,"column":27},"end":{"line":36,"column":1}},"13":{"start":{"line":22,"column":4},"end":{"line":35,"column":5}},"14":{"start":{"line":23,"column":29},"end":{"line":23,"column":39}},"15":{"start":{"line":24,"column":25},"end":{"line":24,"column":33}},"16":{"start":{"line":25,"column":27},"end":{"line":29,"column":10}},"17":{"start":{"line":30,"column":8},"end":{"line":30,"column":32}},"18":{"start":{"line":31,"column":8},"end":{"line":31,"column":59}},"19":{"start":{"line":34,"column":8},"end":{"line":34,"column":65}},"20":{"start":{"line":37,"column":0},"end":{"line":37,"column":48}},"21":{"start":{"line":38,"column":32},"end":{"line":62,"column":1}},"22":{"start":{"line":39,"column":4},"end":{"line":61,"column":5}},"23":{"start":{"line":40,"column":40},"end":{"line":40,"column":50}},"24":{"start":{"line":41,"column":24},"end":{"line":41,"column":67}},"25":{"start":{"line":42,"column":8},"end":{"line":45,"column":9}},"26":{"start":{"line":43,"column":33},"end":{"line":43,"column":63}},"27":{"start":{"line":44,"column":12},"end":{"line":44,"column":73}},"28":{"start":{"line":47,"column":8},"end":{"line":50,"column":9}},"29":{"start":{"line":48,"column":33},"end":{"line":48,"column":93}},"30":{"start":{"line":49,"column":12},"end":{"line":49,"column":73}},"31":{"start":{"line":52,"column":8},"end":{"line":55,"column":9}},"32":{"start":{"line":53,"column":33},"end":{"line":53,"column":81}},"33":{"start":{"line":54,"column":12},"end":{"line":54,"column":73}},"34":{"start":{"line":56,"column":8},"end":{"line":56,"column":34}},"35":{"start":{"line":57,"column":8},"end":{"line":57,"column":61}},"36":{"start":{"line":60,"column":8},"end":{"line":60,"column":65}},"37":{"start":{"line":63,"column":0},"end":{"line":63,"column":58}}},"fnMap":{"0":{"name":"(anonymous_0)","decl":{"start":{"line":2,"column":56},"end":{"line":2,"column":57}},"loc":{"start":{"line":2,"column":71},"end":{"line":4,"column":1}},"line":2},"1":{"name":"(anonymous_1)","decl":{"start":{"line":8,"column":30},"end":{"line":8,"column":31}},"loc":{"start":{"line":8,"column":50},"end":{"line":19,"column":1}},"line":8},"2":{"name":"(anonymous_2)","decl":{"start":{"line":21,"column":27},"end":{"line":21,"column":28}},"loc":{"start":{"line":21,"column":47},"end":{"line":36,"column":1}},"line":21},"3":{"name":"(anonymous_3)","decl":{"start":{"line":38,"column":32},"end":{"line":38,"column":33}},"loc":{"start":{"line":38,"column":52},"end":{"line":62,"column":1}},"line":38}},"branchMap":{"0":{"loc":{"start":{"line":2,"column":22},"end":{"line":4,"column":1}},"type":"binary-expr","locations":[{"start":{"line":2,"column":23},"end":{"line":2,"column":27}},{"start":{"line":2,"column":31},"end":{"line":2,"column":51}},{"start":{"line":2,"column":56},"end":{"line":4,"column":1}}],"line":2},"1":{"loc":{"start":{"line":3,"column":11},"end":{"line":3,"column":61}},"type":"cond-expr","locations":[{"start":{"line":3,"column":37},"end":{"line":3,"column":40}},{"start":{"line":3,"column":43},"end":{"line":3,"column":61}}],"line":3},"2":{"loc":{"start":{"line":3,"column":12},"end":{"line":3,"column":33}},"type":"binary-expr","locations":[{"start":{"line":3,"column":12},"end":{"line":3,"column":15}},{"start":{"line":3,"column":19},"end":{"line":3,"column":33}}],"line":3},"3":{"loc":{"start":{"line":42,"column":8},"end":{"line":45,"column":9}},"type":"if","locations":[{"start":{"line":42,"column":8},"end":{"line":45,"column":9}},{"start":{},"end":{}}],"line":42},"4":{"loc":{"start":{"line":47,"column":8},"end":{"line":50,"column":9}},"type":"if","locations":[{"start":{"line":47,"column":8},"end":{"line":50,"column":9}},{"start":{},"end":{}}],"line":47},"5":{"loc":{"start":{"line":52,"column":8},"end":{"line":55,"column":9}},"type":"if","locations":[{"start":{"line":52,"column":8},"end":{"line":55,"column":9}},{"start":{},"end":{}}],"line":52}},"s":{"0":2,"1":2,"2":2,"3":2,"4":2,"5":2,"6":2,"7":2,"8":2,"9":1,"10":1,"11":2,"12":2,"13":2,"14":2,"15":2,"16":2,"17":2,"18":1,"19":1,"20":2,"21":2,"22":5,"23":5,"24":5,"25":4,"26":1,"27":1,"28":3,"29":1,"30":1,"31":2,"32":1,"33":1,"34":1,"35":1,"36":1,"37":2},"f":{"0":2,"1":2,"2":2,"3":5},"b":{"0":[2,2,2],"1":[1,1],"2":[2,2],"3":[1,3],"4":[1,2],"5":[1,1]},"inputSourceMap":null,"_coverageSchema":"1a1c01bbd47fc00a2c39e90264f33305004495a9","hash":"cc7fc2f44e21db4d6435030f8fc18534a6c4f25d"}
,"/Users/alexmedina/Desktop/cookmate/backend/dist/handlers/recipeHandler.js": {"path":"/Users/alexmedina/Desktop/cookmate/backend/dist/handlers/recipeHandler.js","statementMap":{"0":{"start":{"line":2,"column":22},"end":{"line":4,"column":1}},"1":{"start":{"line":3,"column":4},"end":{"line":3,"column":62}},"2":{"start":{"line":5,"column":0},"end":{"line":5,"column":62}},"3":{"start":{"line":6,"column":0},"end":{"line":6,"column":220}},"4":{"start":{"line":7,"column":17},"end":{"line":7,"column":61}},"5":{"start":{"line":8,"column":15},"end":{"line":8,"column":57}},"6":{"start":{"line":9,"column":19},"end":{"line":9,"column":55}},"7":{"start":{"line":10,"column":22},"end":{"line":18,"column":1}},"8":{"start":{"line":11,"column":4},"end":{"line":17,"column":5}},"9":{"start":{"line":12,"column":25},"end":{"line":12,"column":54}},"10":{"start":{"line":13,"column":8},"end":{"line":13,"column":39}},"11":{"start":{"line":16,"column":8},"end":{"line":16,"column":65}},"12":{"start":{"line":19,"column":0},"end":{"line":19,"column":38}},"13":{"start":{"line":20,"column":21},"end":{"line":41,"column":1}},"14":{"start":{"line":21,"column":4},"end":{"line":40,"column":5}},"15":{"start":{"line":22,"column":92},"end":{"line":22,"column":100}},"16":{"start":{"line":23,"column":26},"end":{"line":31,"column":10}},"17":{"start":{"line":32,"column":8},"end":{"line":32,"column":31}},"18":{"start":{"line":33,"column":8},"end":{"line":35,"column":11}},"19":{"start":{"line":36,"column":8},"end":{"line":36,"column":60}},"20":{"start":{"line":39,"column":8},"end":{"line":39,"column":65}},"21":{"start":{"line":42,"column":0},"end":{"line":42,"column":36}},"22":{"start":{"line":43,"column":22},"end":{"line":45,"column":1}},"23":{"start":{"line":44,"column":4},"end":{"line":44,"column":37}},"24":{"start":{"line":46,"column":0},"end":{"line":46,"column":38}},"25":{"start":{"line":47,"column":21},"end":{"line":74,"column":1}},"26":{"start":{"line":48,"column":4},"end":{"line":73,"column":5}},"27":{"start":{"line":49,"column":27},"end":{"line":49,"column":35}},"28":{"start":{"line":51,"column":8},"end":{"line":54,"column":9}},"29":{"start":{"line":52,"column":33},"end":{"line":52,"column":80}},"30":{"start":{"line":53,"column":12},"end":{"line":53,"column":73}},"31":{"start":{"line":55,"column":25},"end":{"line":55,"column":30}},"32":{"start":{"line":56,"column":8},"end":{"line":61,"column":9}},"33":{"start":{"line":57,"column":12},"end":{"line":60,"column":13}},"34":{"start":{"line":58,"column":16},"end":{"line":58,"column":34}},"35":{"start":{"line":59,"column":16},"end":{"line":59,"column":22}},"36":{"start":{"line":62,"column":8},"end":{"line":66,"column":9}},"37":{"start":{"line":63,"column":12},"end":{"line":65,"column":70}},"38":{"start":{"line":67,"column":8},"end":{"line":67,"column":46}},"39":{"start":{"line":68,"column":8},"end":{"line":68,"column":32}},"40":{"start":{"line":69,"column":8},"end":{"line":69,"column":60}},"41":{"start":{"line":72,"column":8},"end":{"line":72,"column":65}},"42":{"start":{"line":75,"column":0},"end":{"line":75,"column":36}},"43":{"start":{"line":76,"column":21},"end":{"line":94,"column":1}},"44":{"start":{"line":77,"column":4},"end":{"line":93,"column":5}},"45":{"start":{"line":78,"column":29},"end":{"line":78,"column":39}},"46":{"start":{"line":79,"column":23},"end":{"line":79,"column":64}},"47":{"start":{"line":80,"column":8},"end":{"line":83,"column":9}},"48":{"start":{"line":81,"column":33},"end":{"line":81,"column":62}},"49":{"start":{"line":82,"column":12},"end":{"line":82,"column":73}},"50":{"start":{"line":84,"column":8},"end":{"line":87,"column":9}},"51":{"start":{"line":85,"column":33},"end":{"line":85,"column":80}},"52":{"start":{"line":86,"column":12},"end":{"line":86,"column":73}},"53":{"start":{"line":88,"column":8},"end":{"line":88,"column":33}},"54":{"start":{"line":89,"column":8},"end":{"line":89,"column":60}},"55":{"start":{"line":92,"column":8},"end":{"line":92,"column":65}},"56":{"start":{"line":95,"column":0},"end":{"line":95,"column":36}},"57":{"start":{"line":97,"column":19},"end":{"line":108,"column":1}},"58":{"start":{"line":98,"column":19},"end":{"line":98,"column":29}},"59":{"start":{"line":99,"column":19},"end":{"line":99,"column":30}},"60":{"start":{"line":100,"column":19},"end":{"line":100,"column":54}},"61":{"start":{"line":101,"column":4},"end":{"line":102,"column":67}},"62":{"start":{"line":102,"column":8},"end":{"line":102,"column":67}},"63":{"start":{"line":103,"column":25},"end":{"line":103,"column":70}},"64":{"start":{"line":104,"column":4},"end":{"line":105,"column":40}},"65":{"start":{"line":105,"column":8},"end":{"line":105,"column":40}},"66":{"start":{"line":106,"column":4},"end":{"line":106,"column":24}},"67":{"start":{"line":107,"column":4},"end":{"line":107,"column":57}},"68":{"start":{"line":109,"column":0},"end":{"line":109,"column":32}},"69":{"start":{"line":125,"column":21},"end":{"line":134,"column":1}},"70":{"start":{"line":126,"column":19},"end":{"line":126,"column":29}},"71":{"start":{"line":127,"column":19},"end":{"line":127,"column":30}},"72":{"start":{"line":128,"column":19},"end":{"line":128,"column":54}},"73":{"start":{"line":129,"column":4},"end":{"line":130,"column":67}},"74":{"start":{"line":130,"column":8},"end":{"line":130,"column":67}},"75":{"start":{"line":131,"column":4},"end":{"line":131,"column":75}},"76":{"start":{"line":131,"column":48},"end":{"line":131,"column":73}},"77":{"start":{"line":132,"column":4},"end":{"line":132,"column":24}},"78":{"start":{"line":133,"column":4},"end":{"line":133,"column":57}},"79":{"start":{"line":135,"column":0},"end":{"line":135,"column":36}},"80":{"start":{"line":153,"column":23},"end":{"line":164,"column":1}},"81":{"start":{"line":154,"column":19},"end":{"line":154,"column":29}},"82":{"start":{"line":155,"column":19},"end":{"line":155,"column":30}},"83":{"start":{"line":156,"column":19},"end":{"line":156,"column":54}},"84":{"start":{"line":157,"column":4},"end":{"line":158,"column":67}},"85":{"start":{"line":158,"column":8},"end":{"line":158,"column":67}},"86":{"start":{"line":159,"column":25},"end":{"line":159,"column":70}},"87":{"start":{"line":160,"column":4},"end":{"line":161,"column":44}},"88":{"start":{"line":161,"column":8},"end":{"line":161,"column":44}},"89":{"start":{"line":162,"column":4},"end":{"line":162,"column":24}},"90":{"start":{"line":163,"column":4},"end":{"line":163,"column":65}},"91":{"start":{"line":165,"column":0},"end":{"line":165,"column":40}},"92":{"start":{"line":187,"column":25},"end":{"line":196,"column":1}},"93":{"start":{"line":188,"column":19},"end":{"line":188,"column":29}},"94":{"start":{"line":189,"column":19},"end":{"line":189,"column":30}},"95":{"start":{"line":190,"column":19},"end":{"line":190,"column":54}},"96":{"start":{"line":191,"column":4},"end":{"line":192,"column":67}},"97":{"start":{"line":192,"column":8},"end":{"line":192,"column":67}},"98":{"start":{"line":193,"column":4},"end":{"line":193,"column":83}},"99":{"start":{"line":193,"column":56},"end":{"line":193,"column":81}},"100":{"start":{"line":194,"column":4},"end":{"line":194,"column":24}},"101":{"start":{"line":195,"column":4},"end":{"line":195,"column":65}},"102":{"start":{"line":197,"column":0},"end":{"line":197,"column":44}}},"fnMap":{"0":{"name":"(anonymous_0)","decl":{"start":{"line":2,"column":56},"end":{"line":2,"column":57}},"loc":{"start":{"line":2,"column":71},"end":{"line":4,"column":1}},"line":2},"1":{"name":"(anonymous_1)","decl":{"start":{"line":10,"column":22},"end":{"line":10,"column":23}},"loc":{"start":{"line":10,"column":42},"end":{"line":18,"column":1}},"line":10},"2":{"name":"(anonymous_2)","decl":{"start":{"line":20,"column":21},"end":{"line":20,"column":22}},"loc":{"start":{"line":20,"column":41},"end":{"line":41,"column":1}},"line":20},"3":{"name":"(anonymous_3)","decl":{"start":{"line":43,"column":22},"end":{"line":43,"column":23}},"loc":{"start":{"line":43,"column":42},"end":{"line":45,"column":1}},"line":43},"4":{"name":"(anonymous_4)","decl":{"start":{"line":47,"column":21},"end":{"line":47,"column":22}},"loc":{"start":{"line":47,"column":41},"end":{"line":74,"column":1}},"line":47},"5":{"name":"(anonymous_5)","decl":{"start":{"line":76,"column":21},"end":{"line":76,"column":22}},"loc":{"start":{"line":76,"column":41},"end":{"line":94,"column":1}},"line":76},"6":{"name":"(anonymous_6)","decl":{"start":{"line":97,"column":19},"end":{"line":97,"column":20}},"loc":{"start":{"line":97,"column":39},"end":{"line":108,"column":1}},"line":97},"7":{"name":"(anonymous_7)","decl":{"start":{"line":125,"column":21},"end":{"line":125,"column":22}},"loc":{"start":{"line":125,"column":41},"end":{"line":134,"column":1}},"line":125},"8":{"name":"(anonymous_8)","decl":{"start":{"line":131,"column":39},"end":{"line":131,"column":40}},"loc":{"start":{"line":131,"column":48},"end":{"line":131,"column":73}},"line":131},"9":{"name":"(anonymous_9)","decl":{"start":{"line":153,"column":23},"end":{"line":153,"column":24}},"loc":{"start":{"line":153,"column":43},"end":{"line":164,"column":1}},"line":153},"10":{"name":"(anonymous_10)","decl":{"start":{"line":187,"column":25},"end":{"line":187,"column":26}},"loc":{"start":{"line":187,"column":45},"end":{"line":196,"column":1}},"line":187},"11":{"name":"(anonymous_11)","decl":{"start":{"line":193,"column":47},"end":{"line":193,"column":48}},"loc":{"start":{"line":193,"column":56},"end":{"line":193,"column":81}},"line":193}},"branchMap":{"0":{"loc":{"start":{"line":2,"column":22},"end":{"line":4,"column":1}},"type":"binary-expr","locations":[{"start":{"line":2,"column":23},"end":{"line":2,"column":27}},{"start":{"line":2,"column":31},"end":{"line":2,"column":51}},{"start":{"line":2,"column":56},"end":{"line":4,"column":1}}],"line":2},"1":{"loc":{"start":{"line":3,"column":11},"end":{"line":3,"column":61}},"type":"cond-expr","locations":[{"start":{"line":3,"column":37},"end":{"line":3,"column":40}},{"start":{"line":3,"column":43},"end":{"line":3,"column":61}}],"line":3},"2":{"loc":{"start":{"line":3,"column":12},"end":{"line":3,"column":33}},"type":"binary-expr","locations":[{"start":{"line":3,"column":12},"end":{"line":3,"column":15}},{"start":{"line":3,"column":19},"end":{"line":3,"column":33}}],"line":3},"3":{"loc":{"start":{"line":51,"column":8},"end":{"line":54,"column":9}},"type":"if","locations":[{"start":{"line":51,"column":8},"end":{"line":54,"column":9}},{"start":{},"end":{}}],"line":51},"4":{"loc":{"start":{"line":57,"column":12},"end":{"line":60,"column":13}},"type":"if","locations":[{"start":{"line":57,"column":12},"end":{"line":60,"column":13}},{"start":{},"end":{}}],"line":57},"5":{"loc":{"start":{"line":62,"column":8},"end":{"line":66,"column":9}},"type":"if","locations":[{"start":{"line":62,"column":8},"end":{"line":66,"column":9}},{"start":{},"end":{}}],"line":62},"6":{"loc":{"start":{"line":80,"column":8},"end":{"line":83,"column":9}},"type":"if","locations":[{"start":{"line":80,"column":8},"end":{"line":83,"column":9}},{"start":{},"end":{}}],"line":80},"7":{"loc":{"start":{"line":84,"column":8},"end":{"line":87,"column":9}},"type":"if","locations":[{"start":{"line":84,"column":8},"end":{"line":87,"column":9}},{"start":{},"end":{}}],"line":84},"8":{"loc":{"start":{"line":101,"column":4},"end":{"line":102,"column":67}},"type":"if","locations":[{"start":{"line":101,"column":4},"end":{"line":102,"column":67}},{"start":{},"end":{}}],"line":101},"9":{"loc":{"start":{"line":104,"column":4},"end":{"line":105,"column":40}},"type":"if","locations":[{"start":{"line":104,"column":4},"end":{"line":105,"column":40}},{"start":{},"end":{}}],"line":104},"10":{"loc":{"start":{"line":129,"column":4},"end":{"line":130,"column":67}},"type":"if","locations":[{"start":{"line":129,"column":4},"end":{"line":130,"column":67}},{"start":{},"end":{}}],"line":129},"11":{"loc":{"start":{"line":157,"column":4},"end":{"line":158,"column":67}},"type":"if","locations":[{"start":{"line":157,"column":4},"end":{"line":158,"column":67}},{"start":{},"end":{}}],"line":157},"12":{"loc":{"start":{"line":160,"column":4},"end":{"line":161,"column":44}},"type":"if","locations":[{"start":{"line":160,"column":4},"end":{"line":161,"column":44}},{"start":{},"end":{}}],"line":160},"13":{"loc":{"start":{"line":191,"column":4},"end":{"line":192,"column":67}},"type":"if","locations":[{"start":{"line":191,"column":4},"end":{"line":192,"column":67}},{"start":{},"end":{}}],"line":191}},"s":{"0":2,"1":6,"2":2,"3":2,"4":2,"5":2,"6":2,"7":2,"8":4,"9":4,"10":4,"11":0,"12":2,"13":2,"14":3,"15":3,"16":3,"17":3,"18":3,"19":3,"20":0,"21":2,"22":2,"23":1,"24":2,"25":2,"26":1,"27":1,"28":1,"29":0,"30":0,"31":1,"32":1,"33":1,"34":1,"35":1,"36":1,"37":0,"38":1,"39":1,"40":1,"41":0,"42":2,"43":2,"44":1,"45":1,"46":1,"47":1,"48":0,"49":0,"50":1,"51":0,"52":0,"53":1,"54":1,"55":0,"56":2,"57":2,"58":0,"59":0,"60":0,"61":0,"62":0,"63":0,"64":0,"65":0,"66":0,"67":0,"68":2,"69":2,"70":0,"71":0,"72":0,"73":0,"74":0,"75":0,"76":0,"77":0,"78":0,"79":2,"80":2,"81":0,"82":0,"83":0,"84":0,"85":0,"86":0,"87":0,"88":0,"89":0,"90":0,"91":2,"92":2,"93":0,"94":0,"95":0,"96":0,"97":0,"98":0,"99":0,"100":0,"101":0,"102":2},"f":{"0":6,"1":4,"2":3,"3":1,"4":1,"5":1,"6":0,"7":0,"8":0,"9":0,"10":0,"11":0},"b":{"0":[2,2,2],"1":[4,2],"2":[6,6],"3":[0,1],"4":[1,0],"5":[0,1],"6":[0,1],"7":[0,1],"8":[0,0],"9":[0,0],"10":[0,0],"11":[0,0],"12":[0,0],"13":[0,0]},"inputSourceMap":null,"_coverageSchema":"1a1c01bbd47fc00a2c39e90264f33305004495a9","hash":"cc545d6be228e29aa807e8df5d1f05f6a33d8220"}
,"/Users/alexmedina/Desktop/cookmate/backend/dist/handlers/userHandler.js": {"path":"/Users/alexmedina/Desktop/cookmate/backend/dist/handlers/userHandler.js","statementMap":{"0":{"start":{"line":2,"column":22},"end":{"line":4,"column":1}},"1":{"start":{"line":3,"column":4},"end":{"line":3,"column":62}},"2":{"start":{"line":5,"column":0},"end":{"line":5,"column":62}},"3":{"start":{"line":6,"column":0},"end":{"line":6,"column":112}},"4":{"start":{"line":7,"column":15},"end":{"line":7,"column":57}},"5":{"start":{"line":8,"column":15},"end":{"line":8,"column":47}},"6":{"start":{"line":9,"column":23},"end":{"line":16,"column":1}},"7":{"start":{"line":10,"column":4},"end":{"line":15,"column":7}},"8":{"start":{"line":17,"column":0},"end":{"line":17,"column":40}},"9":{"start":{"line":18,"column":26},"end":{"line":42,"column":1}},"10":{"start":{"line":19,"column":4},"end":{"line":41,"column":5}},"11":{"start":{"line":20,"column":27},"end":{"line":20,"column":37}},"12":{"start":{"line":21,"column":40},"end":{"line":21,"column":48}},"13":{"start":{"line":22,"column":27},"end":{"line":22,"column":58}},"14":{"start":{"line":23,"column":29},"end":{"line":23,"column":81}},"15":{"start":{"line":24,"column":8},"end":{"line":27,"column":9}},"16":{"start":{"line":25,"column":33},"end":{"line":25,"column":67}},"17":{"start":{"line":26,"column":12},"end":{"line":26,"column":73}},"18":{"start":{"line":28,"column":8},"end":{"line":32,"column":9}},"19":{"start":{"line":31,"column":12},"end":{"line":31,"column":74}},"20":{"start":{"line":33,"column":8},"end":{"line":33,"column":52}},"21":{"start":{"line":34,"column":8},"end":{"line":34,"column":56}},"22":{"start":{"line":35,"column":8},"end":{"line":35,"column":59}},"23":{"start":{"line":36,"column":8},"end":{"line":36,"column":35}},"24":{"start":{"line":37,"column":8},"end":{"line":37,"column":66}},"25":{"start":{"line":40,"column":8},"end":{"line":40,"column":65}},"26":{"start":{"line":43,"column":0},"end":{"line":43,"column":46}},"27":{"start":{"line":44,"column":23},"end":{"line":58,"column":1}},"28":{"start":{"line":45,"column":4},"end":{"line":57,"column":5}},"29":{"start":{"line":46,"column":27},"end":{"line":46,"column":37}},"30":{"start":{"line":47,"column":21},"end":{"line":47,"column":78}},"31":{"start":{"line":48,"column":8},"end":{"line":52,"column":9}},"32":{"start":{"line":49,"column":12},"end":{"line":51,"column":78}},"33":{"start":{"line":53,"column":8},"end":{"line":53,"column":43}},"34":{"start":{"line":56,"column":8},"end":{"line":56,"column":65}},"35":{"start":{"line":59,"column":0},"end":{"line":59,"column":40}},"36":{"start":{"line":60,"column":25},"end":{"line":74,"column":1}},"37":{"start":{"line":61,"column":4},"end":{"line":73,"column":5}},"38":{"start":{"line":62,"column":27},"end":{"line":62,"column":37}},"39":{"start":{"line":63,"column":21},"end":{"line":63,"column":80}},"40":{"start":{"line":64,"column":8},"end":{"line":68,"column":9}},"41":{"start":{"line":65,"column":12},"end":{"line":67,"column":78}},"42":{"start":{"line":69,"column":8},"end":{"line":69,"column":45}},"43":{"start":{"line":72,"column":8},"end":{"line":72,"column":65}},"44":{"start":{"line":75,"column":0},"end":{"line":75,"column":44}}},"fnMap":{"0":{"name":"(anonymous_0)","decl":{"start":{"line":2,"column":56},"end":{"line":2,"column":57}},"loc":{"start":{"line":2,"column":71},"end":{"line":4,"column":1}},"line":2},"1":{"name":"(anonymous_1)","decl":{"start":{"line":9,"column":23},"end":{"line":9,"column":24}},"loc":{"start":{"line":9,"column":43},"end":{"line":16,"column":1}},"line":9},"2":{"name":"(anonymous_2)","decl":{"start":{"line":18,"column":26},"end":{"line":18,"column":27}},"loc":{"start":{"line":18,"column":46},"end":{"line":42,"column":1}},"line":18},"3":{"name":"(anonymous_3)","decl":{"start":{"line":44,"column":23},"end":{"line":44,"column":24}},"loc":{"start":{"line":44,"column":43},"end":{"line":58,"column":1}},"line":44},"4":{"name":"(anonymous_4)","decl":{"start":{"line":60,"column":25},"end":{"line":60,"column":26}},"loc":{"start":{"line":60,"column":45},"end":{"line":74,"column":1}},"line":60}},"branchMap":{"0":{"loc":{"start":{"line":2,"column":22},"end":{"line":4,"column":1}},"type":"binary-expr","locations":[{"start":{"line":2,"column":23},"end":{"line":2,"column":27}},{"start":{"line":2,"column":31},"end":{"line":2,"column":51}},{"start":{"line":2,"column":56},"end":{"line":4,"column":1}}],"line":2},"1":{"loc":{"start":{"line":3,"column":11},"end":{"line":3,"column":61}},"type":"cond-expr","locations":[{"start":{"line":3,"column":37},"end":{"line":3,"column":40}},{"start":{"line":3,"column":43},"end":{"line":3,"column":61}}],"line":3},"2":{"loc":{"start":{"line":3,"column":12},"end":{"line":3,"column":33}},"type":"binary-expr","locations":[{"start":{"line":3,"column":12},"end":{"line":3,"column":15}},{"start":{"line":3,"column":19},"end":{"line":3,"column":33}}],"line":3},"3":{"loc":{"start":{"line":24,"column":8},"end":{"line":27,"column":9}},"type":"if","locations":[{"start":{"line":24,"column":8},"end":{"line":27,"column":9}},{"start":{},"end":{}}],"line":24},"4":{"loc":{"start":{"line":24,"column":12},"end":{"line":24,"column":66}},"type":"binary-expr","locations":[{"start":{"line":24,"column":12},"end":{"line":24,"column":24}},{"start":{"line":24,"column":28},"end":{"line":24,"column":66}}],"line":24},"5":{"loc":{"start":{"line":28,"column":8},"end":{"line":32,"column":9}},"type":"if","locations":[{"start":{"line":28,"column":8},"end":{"line":32,"column":9}},{"start":{},"end":{}}],"line":28},"6":{"loc":{"start":{"line":28,"column":12},"end":{"line":30,"column":39}},"type":"binary-expr","locations":[{"start":{"line":28,"column":12},"end":{"line":28,"column":47}},{"start":{"line":29,"column":12},"end":{"line":29,"column":41}},{"start":{"line":30,"column":12},"end":{"line":30,"column":39}}],"line":28},"7":{"loc":{"start":{"line":33,"column":31},"end":{"line":33,"column":51}},"type":"binary-expr","locations":[{"start":{"line":33,"column":31},"end":{"line":33,"column":37}},{"start":{"line":33,"column":41},"end":{"line":33,"column":51}}],"line":33},"8":{"loc":{"start":{"line":34,"column":29},"end":{"line":34,"column":55}},"type":"binary-expr","locations":[{"start":{"line":34,"column":29},"end":{"line":34,"column":33}},{"start":{"line":34,"column":37},"end":{"line":34,"column":55}}],"line":34},"9":{"loc":{"start":{"line":35,"column":30},"end":{"line":35,"column":58}},"type":"binary-expr","locations":[{"start":{"line":35,"column":30},"end":{"line":35,"column":35}},{"start":{"line":35,"column":39},"end":{"line":35,"column":58}}],"line":35},"10":{"loc":{"start":{"line":48,"column":8},"end":{"line":52,"column":9}},"type":"if","locations":[{"start":{"line":48,"column":8},"end":{"line":52,"column":9}},{"start":{},"end":{}}],"line":48},"11":{"loc":{"start":{"line":64,"column":8},"end":{"line":68,"column":9}},"type":"if","locations":[{"start":{"line":64,"column":8},"end":{"line":68,"column":9}},{"start":{},"end":{}}],"line":64}},"s":{"0":2,"1":4,"2":2,"3":2,"4":2,"5":2,"6":2,"7":1,"8":2,"9":2,"10":1,"11":1,"12":1,"13":1,"14":1,"15":1,"16":0,"17":0,"18":1,"19":0,"20":1,"21":1,"22":1,"23":1,"24":1,"25":0,"26":2,"27":2,"28":2,"29":2,"30":2,"31":1,"32":1,"33":0,"34":0,"35":2,"36":2,"37":0,"38":0,"39":0,"40":0,"41":0,"42":0,"43":0,"44":2},"f":{"0":4,"1":1,"2":1,"3":2,"4":0},"b":{"0":[2,2,2],"1":[2,2],"2":[4,4],"3":[0,1],"4":[1,0],"5":[0,1],"6":[1,0,0],"7":[1,0],"8":[1,0],"9":[1,0],"10":[1,0],"11":[0,0]},"inputSourceMap":null,"_coverageSchema":"1a1c01bbd47fc00a2c39e90264f33305004495a9","hash":"1e38f0a962cf0360d3065e2868547e1747a80adf"}
,"/Users/alexmedina/Desktop/cookmate/backend/dist/middleware/authenticateJWT.js": {"path":"/Users/alexmedina/Desktop/cookmate/backend/dist/middleware/authenticateJWT.js","statementMap":{"0":{"start":{"line":2,"column":0},"end":{"line":2,"column":62}},"1":{"start":{"line":3,"column":0},"end":{"line":3,"column":33}},"2":{"start":{"line":4,"column":14},"end":{"line":4,"column":37}},"3":{"start":{"line":5,"column":24},"end":{"line":19,"column":1}},"4":{"start":{"line":6,"column":23},"end":{"line":6,"column":48}},"5":{"start":{"line":7,"column":4},"end":{"line":9,"column":5}},"6":{"start":{"line":8,"column":8},"end":{"line":8,"column":63}},"7":{"start":{"line":10,"column":18},"end":{"line":10,"column":42}},"8":{"start":{"line":11,"column":4},"end":{"line":18,"column":5}},"9":{"start":{"line":12,"column":24},"end":{"line":12,"column":51}},"10":{"start":{"line":13,"column":8},"end":{"line":13,"column":42}},"11":{"start":{"line":14,"column":8},"end":{"line":14,"column":15}},"12":{"start":{"line":17,"column":8},"end":{"line":17,"column":60}},"13":{"start":{"line":20,"column":0},"end":{"line":20,"column":42}}},"fnMap":{"0":{"name":"(anonymous_0)","decl":{"start":{"line":5,"column":24},"end":{"line":5,"column":25}},"loc":{"start":{"line":5,"column":44},"end":{"line":19,"column":1}},"line":5}},"branchMap":{"0":{"loc":{"start":{"line":7,"column":4},"end":{"line":9,"column":5}},"type":"if","locations":[{"start":{"line":7,"column":4},"end":{"line":9,"column":5}},{"start":{},"end":{}}],"line":7}},"s":{"0":3,"1":3,"2":3,"3":3,"4":9,"5":9,"6":3,"7":6,"8":6,"9":6,"10":6,"11":6,"12":0,"13":3},"f":{"0":9},"b":{"0":[3,6]},"inputSourceMap":null,"_coverageSchema":"1a1c01bbd47fc00a2c39e90264f33305004495a9","hash":"32121d93e4d932ae814050c2eec9ff44e57020c3"}
,"/Users/alexmedina/Desktop/cookmate/backend/dist/middleware/bodyErrors.js": {"path":"/Users/alexmedina/Desktop/cookmate/backend/dist/middleware/bodyErrors.js","statementMap":{"0":{"start":{"line":2,"column":0},"end":{"line":2,"column":62}},"1":{"start":{"line":3,"column":0},"end":{"line":3,"column":44}},"2":{"start":{"line":4,"column":28},"end":{"line":4,"column":56}},"3":{"start":{"line":6,"column":19},"end":{"line":6,"column":65}},"4":{"start":{"line":7,"column":4},"end":{"line":9,"column":5}},"5":{"start":{"line":8,"column":8},"end":{"line":8,"column":64}},"6":{"start":{"line":10,"column":4},"end":{"line":10,"column":11}}},"fnMap":{"0":{"name":"handleBodyErrors","decl":{"start":{"line":5,"column":9},"end":{"line":5,"column":25}},"loc":{"start":{"line":5,"column":42},"end":{"line":11,"column":1}},"line":5}},"branchMap":{"0":{"loc":{"start":{"line":7,"column":4},"end":{"line":9,"column":5}},"type":"if","locations":[{"start":{"line":7,"column":4},"end":{"line":9,"column":5}},{"start":{},"end":{}}],"line":7}},"s":{"0":3,"1":3,"2":3,"3":24,"4":24,"5":11,"6":13},"f":{"0":24},"b":{"0":[11,13]},"inputSourceMap":null,"_coverageSchema":"1a1c01bbd47fc00a2c39e90264f33305004495a9","hash":"8e0f1d37774d0440158f61c656cfc740eb5507ba"}
,"/Users/alexmedina/Desktop/cookmate/backend/dist/middleware/comment.js": {"path":"/Users/alexmedina/Desktop/cookmate/backend/dist/middleware/comment.js","statementMap":{"0":{"start":{"line":2,"column":0},"end":{"line":2,"column":62}},"1":{"start":{"line":3,"column":0},"end":{"line":3,"column":72}},"2":{"start":{"line":4,"column":28},"end":{"line":4,"column":56}},"3":{"start":{"line":5,"column":30},"end":{"line":8,"column":1}},"4":{"start":{"line":6,"column":4},"end":{"line":6,"column":107}},"5":{"start":{"line":7,"column":4},"end":{"line":7,"column":11}},"6":{"start":{"line":9,"column":0},"end":{"line":9,"column":54}},"7":{"start":{"line":10,"column":31},"end":{"line":16,"column":1}},"8":{"start":{"line":11,"column":4},"end":{"line":14,"column":18}},"9":{"start":{"line":15,"column":4},"end":{"line":15,"column":11}},"10":{"start":{"line":17,"column":0},"end":{"line":17,"column":56}}},"fnMap":{"0":{"name":"(anonymous_0)","decl":{"start":{"line":5,"column":30},"end":{"line":5,"column":31}},"loc":{"start":{"line":5,"column":56},"end":{"line":8,"column":1}},"line":5},"1":{"name":"(anonymous_1)","decl":{"start":{"line":10,"column":31},"end":{"line":10,"column":32}},"loc":{"start":{"line":10,"column":57},"end":{"line":16,"column":1}},"line":10}},"branchMap":{},"s":{"0":1,"1":1,"2":1,"3":1,"4":0,"5":0,"6":1,"7":1,"8":0,"9":0,"10":1},"f":{"0":0,"1":0},"b":{},"inputSourceMap":null,"_coverageSchema":"1a1c01bbd47fc00a2c39e90264f33305004495a9","hash":"a52618876ea28c47803c575aa7637f64dd0ee59b"}
,"/Users/alexmedina/Desktop/cookmate/backend/dist/middleware/recipe.js": {"path":"/Users/alexmedina/Desktop/cookmate/backend/dist/middleware/recipe.js","statementMap":{"0":{"start":{"line":2,"column":22},"end":{"line":4,"column":1}},"1":{"start":{"line":3,"column":4},"end":{"line":3,"column":62}},"2":{"start":{"line":5,"column":0},"end":{"line":5,"column":62}},"3":{"start":{"line":6,"column":0},"end":{"line":6,"column":87}},"4":{"start":{"line":7,"column":28},"end":{"line":7,"column":56}},"5":{"start":{"line":8,"column":17},"end":{"line":8,"column":61}},"6":{"start":{"line":9,"column":27},"end":{"line":35,"column":1}},"7":{"start":{"line":10,"column":4},"end":{"line":14,"column":18}},"8":{"start":{"line":15,"column":4},"end":{"line":19,"column":18}},"9":{"start":{"line":20,"column":4},"end":{"line":23,"column":18}},"10":{"start":{"line":24,"column":4},"end":{"line":27,"column":18}},"11":{"start":{"line":28,"column":4},"end":{"line":32,"column":18}},"12":{"start":{"line":33,"column":4},"end":{"line":33,"column":104}},"13":{"start":{"line":34,"column":4},"end":{"line":34,"column":11}},"14":{"start":{"line":36,"column":0},"end":{"line":36,"column":48}},"15":{"start":{"line":37,"column":24},"end":{"line":40,"column":1}},"16":{"start":{"line":38,"column":4},"end":{"line":38,"column":107}},"17":{"start":{"line":39,"column":4},"end":{"line":39,"column":11}},"18":{"start":{"line":41,"column":0},"end":{"line":41,"column":42}},"19":{"start":{"line":42,"column":23},"end":{"line":56,"column":1}},"20":{"start":{"line":43,"column":4},"end":{"line":55,"column":5}},"21":{"start":{"line":44,"column":29},"end":{"line":44,"column":39}},"22":{"start":{"line":45,"column":23},"end":{"line":45,"column":64}},"23":{"start":{"line":46,"column":8},"end":{"line":49,"column":9}},"24":{"start":{"line":47,"column":33},"end":{"line":47,"column":62}},"25":{"start":{"line":48,"column":12},"end":{"line":48,"column":73}},"26":{"start":{"line":50,"column":8},"end":{"line":50,"column":28}},"27":{"start":{"line":51,"column":8},"end":{"line":51,"column":15}},"28":{"start":{"line":54,"column":8},"end":{"line":54,"column":65}},"29":{"start":{"line":57,"column":0},"end":{"line":57,"column":40}}},"fnMap":{"0":{"name":"(anonymous_0)","decl":{"start":{"line":2,"column":56},"end":{"line":2,"column":57}},"loc":{"start":{"line":2,"column":71},"end":{"line":4,"column":1}},"line":2},"1":{"name":"(anonymous_1)","decl":{"start":{"line":9,"column":27},"end":{"line":9,"column":28}},"loc":{"start":{"line":9,"column":53},"end":{"line":35,"column":1}},"line":9},"2":{"name":"(anonymous_2)","decl":{"start":{"line":37,"column":24},"end":{"line":37,"column":25}},"loc":{"start":{"line":37,"column":50},"end":{"line":40,"column":1}},"line":37},"3":{"name":"(anonymous_3)","decl":{"start":{"line":42,"column":23},"end":{"line":42,"column":24}},"loc":{"start":{"line":42,"column":49},"end":{"line":56,"column":1}},"line":42}},"branchMap":{"0":{"loc":{"start":{"line":2,"column":22},"end":{"line":4,"column":1}},"type":"binary-expr","locations":[{"start":{"line":2,"column":23},"end":{"line":2,"column":27}},{"start":{"line":2,"column":31},"end":{"line":2,"column":51}},{"start":{"line":2,"column":56},"end":{"line":4,"column":1}}],"line":2},"1":{"loc":{"start":{"line":3,"column":11},"end":{"line":3,"column":61}},"type":"cond-expr","locations":[{"start":{"line":3,"column":37},"end":{"line":3,"column":40}},{"start":{"line":3,"column":43},"end":{"line":3,"column":61}}],"line":3},"2":{"loc":{"start":{"line":3,"column":12},"end":{"line":3,"column":33}},"type":"binary-expr","locations":[{"start":{"line":3,"column":12},"end":{"line":3,"column":15}},{"start":{"line":3,"column":19},"end":{"line":3,"column":33}}],"line":3},"3":{"loc":{"start":{"line":46,"column":8},"end":{"line":49,"column":9}},"type":"if","locations":[{"start":{"line":46,"column":8},"end":{"line":49,"column":9}},{"start":{},"end":{}}],"line":46}},"s":{"0":2,"1":2,"2":2,"3":2,"4":2,"5":2,"6":2,"7":4,"8":4,"9":4,"10":4,"11":4,"12":4,"13":4,"14":2,"15":2,"16":3,"17":3,"18":2,"19":2,"20":2,"21":2,"22":2,"23":2,"24":0,"25":0,"26":2,"27":2,"28":0,"29":2},"f":{"0":2,"1":4,"2":3,"3":2},"b":{"0":[2,2,2],"1":[2,0],"2":[2,2],"3":[0,2]},"inputSourceMap":null,"_coverageSchema":"1a1c01bbd47fc00a2c39e90264f33305004495a9","hash":"900df0b398e2f32c9fa77702c3a5f3dd5a5e91aa"}
,"/Users/alexmedina/Desktop/cookmate/backend/dist/middleware/user.js": {"path":"/Users/alexmedina/Desktop/cookmate/backend/dist/middleware/user.js","statementMap":{"0":{"start":{"line":2,"column":22},"end":{"line":4,"column":1}},"1":{"start":{"line":3,"column":4},"end":{"line":3,"column":62}},"2":{"start":{"line":5,"column":0},"end":{"line":5,"column":62}},"3":{"start":{"line":6,"column":0},"end":{"line":6,"column":132}},"4":{"start":{"line":7,"column":28},"end":{"line":7,"column":56}},"5":{"start":{"line":8,"column":15},"end":{"line":8,"column":57}},"6":{"start":{"line":9,"column":28},"end":{"line":15,"column":1}},"7":{"start":{"line":10,"column":4},"end":{"line":13,"column":18}},"8":{"start":{"line":14,"column":4},"end":{"line":14,"column":11}},"9":{"start":{"line":16,"column":0},"end":{"line":16,"column":50}},"10":{"start":{"line":17,"column":21},"end":{"line":31,"column":1}},"11":{"start":{"line":18,"column":4},"end":{"line":30,"column":5}},"12":{"start":{"line":19,"column":27},"end":{"line":19,"column":37}},"13":{"start":{"line":20,"column":21},"end":{"line":20,"column":58}},"14":{"start":{"line":21,"column":8},"end":{"line":24,"column":9}},"15":{"start":{"line":22,"column":33},"end":{"line":22,"column":60}},"16":{"start":{"line":23,"column":12},"end":{"line":23,"column":73}},"17":{"start":{"line":25,"column":8},"end":{"line":25,"column":29}},"18":{"start":{"line":26,"column":8},"end":{"line":26,"column":15}},"19":{"start":{"line":29,"column":8},"end":{"line":29,"column":65}},"20":{"start":{"line":32,"column":0},"end":{"line":32,"column":36}},"21":{"start":{"line":33,"column":20},"end":{"line":46,"column":1}},"22":{"start":{"line":34,"column":4},"end":{"line":45,"column":5}},"23":{"start":{"line":35,"column":26},"end":{"line":35,"column":34}},"24":{"start":{"line":36,"column":21},"end":{"line":36,"column":60}},"25":{"start":{"line":37,"column":8},"end":{"line":40,"column":9}},"26":{"start":{"line":38,"column":33},"end":{"line":38,"column":66}},"27":{"start":{"line":39,"column":12},"end":{"line":39,"column":73}},"28":{"start":{"line":41,"column":8},"end":{"line":41,"column":15}},"29":{"start":{"line":44,"column":8},"end":{"line":44,"column":65}},"30":{"start":{"line":47,"column":0},"end":{"line":47,"column":34}},"31":{"start":{"line":48,"column":25},"end":{"line":66,"column":1}},"32":{"start":{"line":49,"column":4},"end":{"line":65,"column":5}},"33":{"start":{"line":50,"column":26},"end":{"line":50,"column":34}},"34":{"start":{"line":51,"column":8},"end":{"line":54,"column":9}},"35":{"start":{"line":52,"column":33},"end":{"line":52,"column":63}},"36":{"start":{"line":53,"column":12},"end":{"line":53,"column":73}},"37":{"start":{"line":55,"column":21},"end":{"line":55,"column":60}},"38":{"start":{"line":56,"column":8},"end":{"line":59,"column":9}},"39":{"start":{"line":57,"column":33},"end":{"line":57,"column":60}},"40":{"start":{"line":58,"column":12},"end":{"line":58,"column":73}},"41":{"start":{"line":60,"column":8},"end":{"line":60,"column":29}},"42":{"start":{"line":61,"column":8},"end":{"line":61,"column":15}},"43":{"start":{"line":64,"column":8},"end":{"line":64,"column":65}},"44":{"start":{"line":67,"column":0},"end":{"line":67,"column":44}},"45":{"start":{"line":68,"column":21},"end":{"line":87,"column":1}},"46":{"start":{"line":69,"column":4},"end":{"line":69,"column":104}},"47":{"start":{"line":70,"column":4},"end":{"line":70,"column":100}},"48":{"start":{"line":71,"column":4},"end":{"line":71,"column":107}},"49":{"start":{"line":72,"column":4},"end":{"line":75,"column":18}},"50":{"start":{"line":76,"column":4},"end":{"line":85,"column":18}},"51":{"start":{"line":80,"column":8},"end":{"line":82,"column":9}},"52":{"start":{"line":81,"column":12},"end":{"line":81,"column":54}},"53":{"start":{"line":83,"column":8},"end":{"line":83,"column":20}},"54":{"start":{"line":86,"column":4},"end":{"line":86,"column":11}},"55":{"start":{"line":88,"column":0},"end":{"line":88,"column":36}}},"fnMap":{"0":{"name":"(anonymous_0)","decl":{"start":{"line":2,"column":56},"end":{"line":2,"column":57}},"loc":{"start":{"line":2,"column":71},"end":{"line":4,"column":1}},"line":2},"1":{"name":"(anonymous_1)","decl":{"start":{"line":9,"column":28},"end":{"line":9,"column":29}},"loc":{"start":{"line":9,"column":54},"end":{"line":15,"column":1}},"line":9},"2":{"name":"(anonymous_2)","decl":{"start":{"line":17,"column":21},"end":{"line":17,"column":22}},"loc":{"start":{"line":17,"column":47},"end":{"line":31,"column":1}},"line":17},"3":{"name":"(anonymous_3)","decl":{"start":{"line":33,"column":20},"end":{"line":33,"column":21}},"loc":{"start":{"line":33,"column":46},"end":{"line":46,"column":1}},"line":33},"4":{"name":"(anonymous_4)","decl":{"start":{"line":48,"column":25},"end":{"line":48,"column":26}},"loc":{"start":{"line":48,"column":51},"end":{"line":66,"column":1}},"line":48},"5":{"name":"(anonymous_5)","decl":{"start":{"line":68,"column":21},"end":{"line":68,"column":22}},"loc":{"start":{"line":68,"column":47},"end":{"line":87,"column":1}},"line":68},"6":{"name":"(anonymous_6)","decl":{"start":{"line":79,"column":16},"end":{"line":79,"column":17}},"loc":{"start":{"line":79,"column":36},"end":{"line":84,"column":5}},"line":79}},"branchMap":{"0":{"loc":{"start":{"line":2,"column":22},"end":{"line":4,"column":1}},"type":"binary-expr","locations":[{"start":{"line":2,"column":23},"end":{"line":2,"column":27}},{"start":{"line":2,"column":31},"end":{"line":2,"column":51}},{"start":{"line":2,"column":56},"end":{"line":4,"column":1}}],"line":2},"1":{"loc":{"start":{"line":3,"column":11},"end":{"line":3,"column":61}},"type":"cond-expr","locations":[{"start":{"line":3,"column":37},"end":{"line":3,"column":40}},{"start":{"line":3,"column":43},"end":{"line":3,"column":61}}],"line":3},"2":{"loc":{"start":{"line":3,"column":12},"end":{"line":3,"column":33}},"type":"binary-expr","locations":[{"start":{"line":3,"column":12},"end":{"line":3,"column":15}},{"start":{"line":3,"column":19},"end":{"line":3,"column":33}}],"line":3},"3":{"loc":{"start":{"line":21,"column":8},"end":{"line":24,"column":9}},"type":"if","locations":[{"start":{"line":21,"column":8},"end":{"line":24,"column":9}},{"start":{},"end":{}}],"line":21},"4":{"loc":{"start":{"line":37,"column":8},"end":{"line":40,"column":9}},"type":"if","locations":[{"start":{"line":37,"column":8},"end":{"line":40,"column":9}},{"start":{},"end":{}}],"line":37},"5":{"loc":{"start":{"line":37,"column":12},"end":{"line":37,"column":55}},"type":"binary-expr","locations":[{"start":{"line":37,"column":12},"end":{"line":37,"column":16}},{"start":{"line":37,"column":20},"end":{"line":37,"column":55}}],"line":37},"6":{"loc":{"start":{"line":51,"column":8},"end":{"line":54,"column":9}},"type":"if","locations":[{"start":{"line":51,"column":8},"end":{"line":54,"column":9}},{"start":{},"end":{}}],"line":51},"7":{"loc":{"start":{"line":56,"column":8},"end":{"line":59,"column":9}},"type":"if","locations":[{"start":{"line":56,"column":8},"end":{"line":59,"column":9}},{"start":{},"end":{}}],"line":56},"8":{"loc":{"start":{"line":80,"column":8},"end":{"line":82,"column":9}},"type":"if","locations":[{"start":{"line":80,"column":8},"end":{"line":82,"column":9}},{"start":{},"end":{}}],"line":80}},"s":{"0":3,"1":3,"2":3,"3":3,"4":3,"5":3,"6":3,"7":4,"8":4,"9":3,"10":3,"11":4,"12":4,"13":4,"14":4,"15":1,"16":1,"17":3,"18":3,"19":0,"20":3,"21":3,"22":10,"23":10,"24":10,"25":10,"26":2,"27":2,"28":8,"29":0,"30":3,"31":3,"32":8,"33":8,"34":8,"35":1,"36":1,"37":7,"38":7,"39":3,"40":3,"41":4,"42":4,"43":0,"44":3,"45":3,"46":11,"47":11,"48":11,"49":11,"50":11,"51":11,"52":2,"53":9,"54":11,"55":3},"f":{"0":3,"1":4,"2":4,"3":10,"4":8,"5":11,"6":11},"b":{"0":[3,3,3],"1":[2,1],"2":[3,3],"3":[1,3],"4":[2,8],"5":[10,2],"6":[1,7],"7":[3,4],"8":[2,9]},"inputSourceMap":null,"_coverageSchema":"1a1c01bbd47fc00a2c39e90264f33305004495a9","hash":"29467df3944d6792b8d97148aec1d8acae1aae9a"}
,"/Users/alexmedina/Desktop/cookmate/backend/dist/models/Comment.js": {"path":"/Users/alexmedina/Desktop/cookmate/backend/dist/models/Comment.js","statementMap":{"0":{"start":{"line":2,"column":22},"end":{"line":4,"column":1}},"1":{"start":{"line":3,"column":4},"end":{"line":3,"column":62}},"2":{"start":{"line":5,"column":0},"end":{"line":5,"column":62}},"3":{"start":{"line":6,"column":19},"end":{"line":6,"column":55}},"4":{"start":{"line":7,"column":22},"end":{"line":23,"column":2}},"5":{"start":{"line":24,"column":16},"end":{"line":24,"column":66}},"6":{"start":{"line":25,"column":0},"end":{"line":25,"column":26}}},"fnMap":{"0":{"name":"(anonymous_0)","decl":{"start":{"line":2,"column":56},"end":{"line":2,"column":57}},"loc":{"start":{"line":2,"column":71},"end":{"line":4,"column":1}},"line":2}},"branchMap":{"0":{"loc":{"start":{"line":2,"column":22},"end":{"line":4,"column":1}},"type":"binary-expr","locations":[{"start":{"line":2,"column":23},"end":{"line":2,"column":27}},{"start":{"line":2,"column":31},"end":{"line":2,"column":51}},{"start":{"line":2,"column":56},"end":{"line":4,"column":1}}],"line":2},"1":{"loc":{"start":{"line":3,"column":11},"end":{"line":3,"column":61}},"type":"cond-expr","locations":[{"start":{"line":3,"column":37},"end":{"line":3,"column":40}},{"start":{"line":3,"column":43},"end":{"line":3,"column":61}}],"line":3},"2":{"loc":{"start":{"line":3,"column":12},"end":{"line":3,"column":33}},"type":"binary-expr","locations":[{"start":{"line":3,"column":12},"end":{"line":3,"column":15}},{"start":{"line":3,"column":19},"end":{"line":3,"column":33}}],"line":3}},"s":{"0":1,"1":1,"2":1,"3":1,"4":1,"5":1,"6":1},"f":{"0":1},"b":{"0":[1,1,1],"1":[0,1],"2":[1,1]},"inputSourceMap":null,"_coverageSchema":"1a1c01bbd47fc00a2c39e90264f33305004495a9","hash":"b3dbce95c2d28caf8a276e4c58e7343e96cc7ea9"}
,"/Users/alexmedina/Desktop/cookmate/backend/dist/models/Recipe.js": {"path":"/Users/alexmedina/Desktop/cookmate/backend/dist/models/Recipe.js","statementMap":{"0":{"start":{"line":2,"column":22},"end":{"line":4,"column":1}},"1":{"start":{"line":3,"column":4},"end":{"line":3,"column":62}},"2":{"start":{"line":5,"column":0},"end":{"line":5,"column":62}},"3":{"start":{"line":6,"column":19},"end":{"line":6,"column":55}},"4":{"start":{"line":7,"column":21},"end":{"line":54,"column":2}},"5":{"start":{"line":55,"column":15},"end":{"line":55,"column":63}},"6":{"start":{"line":56,"column":0},"end":{"line":56,"column":25}}},"fnMap":{"0":{"name":"(anonymous_0)","decl":{"start":{"line":2,"column":56},"end":{"line":2,"column":57}},"loc":{"start":{"line":2,"column":71},"end":{"line":4,"column":1}},"line":2}},"branchMap":{"0":{"loc":{"start":{"line":2,"column":22},"end":{"line":4,"column":1}},"type":"binary-expr","locations":[{"start":{"line":2,"column":23},"end":{"line":2,"column":27}},{"start":{"line":2,"column":31},"end":{"line":2,"column":51}},{"start":{"line":2,"column":56},"end":{"line":4,"column":1}}],"line":2},"1":{"loc":{"start":{"line":3,"column":11},"end":{"line":3,"column":61}},"type":"cond-expr","locations":[{"start":{"line":3,"column":37},"end":{"line":3,"column":40}},{"start":{"line":3,"column":43},"end":{"line":3,"column":61}}],"line":3},"2":{"loc":{"start":{"line":3,"column":12},"end":{"line":3,"column":33}},"type":"binary-expr","locations":[{"start":{"line":3,"column":12},"end":{"line":3,"column":15}},{"start":{"line":3,"column":19},"end":{"line":3,"column":33}}],"line":3}},"s":{"0":2,"1":2,"2":2,"3":2,"4":2,"5":2,"6":2},"f":{"0":2},"b":{"0":[2,2,2],"1":[0,2],"2":[2,2]},"inputSourceMap":null,"_coverageSchema":"1a1c01bbd47fc00a2c39e90264f33305004495a9","hash":"6dcd307a121c926d3791d8516df7a7cbff10baaf"}
,"/Users/alexmedina/Desktop/cookmate/backend/dist/models/User.js": {"path":"/Users/alexmedina/Desktop/cookmate/backend/dist/models/User.js","statementMap":{"0":{"start":{"line":2,"column":22},"end":{"line":4,"column":1}},"1":{"start":{"line":3,"column":4},"end":{"line":3,"column":62}},"2":{"start":{"line":5,"column":0},"end":{"line":5,"column":62}},"3":{"start":{"line":6,"column":19},"end":{"line":6,"column":55}},"4":{"start":{"line":8,"column":19},"end":{"line":42,"column":2}},"5":{"start":{"line":43,"column":13},"end":{"line":43,"column":57}},"6":{"start":{"line":44,"column":0},"end":{"line":44,"column":23}}},"fnMap":{"0":{"name":"(anonymous_0)","decl":{"start":{"line":2,"column":56},"end":{"line":2,"column":57}},"loc":{"start":{"line":2,"column":71},"end":{"line":4,"column":1}},"line":2}},"branchMap":{"0":{"loc":{"start":{"line":2,"column":22},"end":{"line":4,"column":1}},"type":"binary-expr","locations":[{"start":{"line":2,"column":23},"end":{"line":2,"column":27}},{"start":{"line":2,"column":31},"end":{"line":2,"column":51}},{"start":{"line":2,"column":56},"end":{"line":4,"column":1}}],"line":2},"1":{"loc":{"start":{"line":3,"column":11},"end":{"line":3,"column":61}},"type":"cond-expr","locations":[{"start":{"line":3,"column":37},"end":{"line":3,"column":40}},{"start":{"line":3,"column":43},"end":{"line":3,"column":61}}],"line":3},"2":{"loc":{"start":{"line":3,"column":12},"end":{"line":3,"column":33}},"type":"binary-expr","locations":[{"start":{"line":3,"column":12},"end":{"line":3,"column":15}},{"start":{"line":3,"column":19},"end":{"line":3,"column":33}}],"line":3}},"s":{"0":3,"1":3,"2":3,"3":3,"4":3,"5":3,"6":3},"f":{"0":3},"b":{"0":[3,3,3],"1":[0,3],"2":[3,3]},"inputSourceMap":null,"_coverageSchema":"1a1c01bbd47fc00a2c39e90264f33305004495a9","hash":"8ae95fee919eae46272746b9bd51bcedd6861b35"}
,"/Users/alexmedina/Desktop/cookmate/backend/dist/routes/authRouter.js": {"path":"/Users/alexmedina/Desktop/cookmate/backend/dist/routes/authRouter.js","statementMap":{"0":{"start":{"line":2,"column":0},"end":{"line":2,"column":62}},"1":{"start":{"line":3,"column":18},"end":{"line":3,"column":36}},"2":{"start":{"line":4,"column":22},"end":{"line":4,"column":56}},"3":{"start":{"line":5,"column":28},"end":{"line":5,"column":56}},"4":{"start":{"line":6,"column":21},"end":{"line":6,"column":56}},"5":{"start":{"line":7,"column":15},"end":{"line":7,"column":44}},"6":{"start":{"line":8,"column":15},"end":{"line":8,"column":38}},"7":{"start":{"line":89,"column":0},"end":{"line":89,"column":131}},"8":{"start":{"line":146,"column":0},"end":{"line":146,"column":288}},"9":{"start":{"line":147,"column":0},"end":{"line":147,"column":25}}},"fnMap":{},"branchMap":{},"s":{"0":1,"1":1,"2":1,"3":1,"4":1,"5":1,"6":1,"7":1,"8":1,"9":1},"f":{},"b":{},"inputSourceMap":null,"_coverageSchema":"1a1c01bbd47fc00a2c39e90264f33305004495a9","hash":"2c4544e7de413b8764bb8e783ea4a6a0d32aff70"}
,"/Users/alexmedina/Desktop/cookmate/backend/dist/routes/commentRouter.js": {"path":"/Users/alexmedina/Desktop/cookmate/backend/dist/routes/commentRouter.js","statementMap":{"0":{"start":{"line":2,"column":0},"end":{"line":2,"column":62}},"1":{"start":{"line":3,"column":18},"end":{"line":3,"column":36}},"2":{"start":{"line":4,"column":25},"end":{"line":4,"column":62}},"3":{"start":{"line":5,"column":28},"end":{"line":5,"column":56}},"4":{"start":{"line":6,"column":26},"end":{"line":6,"column":66}},"5":{"start":{"line":7,"column":18},"end":{"line":7,"column":50}},"6":{"start":{"line":8,"column":21},"end":{"line":8,"column":56}},"7":{"start":{"line":9,"column":15},"end":{"line":9,"column":38}},"8":{"start":{"line":64,"column":0},"end":{"line":64,"column":146}},"9":{"start":{"line":108,"column":0},"end":{"line":108,"column":269}},"10":{"start":{"line":148,"column":0},"end":{"line":148,"column":231}},"11":{"start":{"line":149,"column":0},"end":{"line":149,"column":25}}},"fnMap":{},"branchMap":{},"s":{"0":1,"1":1,"2":1,"3":1,"4":1,"5":1,"6":1,"7":1,"8":1,"9":1,"10":1,"11":1},"f":{},"b":{},"inputSourceMap":null,"_coverageSchema":"1a1c01bbd47fc00a2c39e90264f33305004495a9","hash":"e3ca48846dc6e9406aa12a8ee9f5037dd19614ee"}
,"/Users/alexmedina/Desktop/cookmate/backend/dist/routes/recipieRouter.js": {"path":"/Users/alexmedina/Desktop/cookmate/backend/dist/routes/recipieRouter.js","statementMap":{"0":{"start":{"line":2,"column":0},"end":{"line":2,"column":62}},"1":{"start":{"line":3,"column":18},"end":{"line":3,"column":36}},"2":{"start":{"line":4,"column":24},"end":{"line":4,"column":60}},"3":{"start":{"line":5,"column":21},"end":{"line":5,"column":56}},"4":{"start":{"line":6,"column":26},"end":{"line":6,"column":66}},"5":{"start":{"line":7,"column":17},"end":{"line":7,"column":48}},"6":{"start":{"line":8,"column":15},"end":{"line":8,"column":38}},"7":{"start":{"line":10,"column":0},"end":{"line":10,"column":51}},"8":{"start":{"line":11,"column":0},"end":{"line":11,"column":56}},"9":{"start":{"line":90,"column":0},"end":{"line":90,"column":54}},"10":{"start":{"line":146,"column":0},"end":{"line":146,"column":149}},"11":{"start":{"line":175,"column":0},"end":{"line":175,"column":89}},"12":{"start":{"line":243,"column":0},"end":{"line":243,"column":152}},"13":{"start":{"line":274,"column":0},"end":{"line":274,"column":101}},"14":{"start":{"line":276,"column":0},"end":{"line":276,"column":127}},"15":{"start":{"line":277,"column":0},"end":{"line":277,"column":131}},"16":{"start":{"line":278,"column":0},"end":{"line":278,"column":135}},"17":{"start":{"line":279,"column":0},"end":{"line":279,"column":139}},"18":{"start":{"line":280,"column":0},"end":{"line":280,"column":25}}},"fnMap":{},"branchMap":{},"s":{"0":1,"1":1,"2":1,"3":1,"4":1,"5":1,"6":1,"7":1,"8":1,"9":1,"10":1,"11":1,"12":1,"13":1,"14":1,"15":1,"16":1,"17":1,"18":1},"f":{},"b":{},"inputSourceMap":null,"_coverageSchema":"1a1c01bbd47fc00a2c39e90264f33305004495a9","hash":"8a56bd8e092fdf642e5b71928a5e42336e6c75a2"}
,"/Users/alexmedina/Desktop/cookmate/backend/dist/routes/userRouter.js": {"path":"/Users/alexmedina/Desktop/cookmate/backend/dist/routes/userRouter.js","statementMap":{"0":{"start":{"line":2,"column":0},"end":{"line":2,"column":62}},"1":{"start":{"line":3,"column":28},"end":{"line":3,"column":56}},"2":{"start":{"line":4,"column":18},"end":{"line":4,"column":36}},"3":{"start":{"line":5,"column":21},"end":{"line":5,"column":56}},"4":{"start":{"line":6,"column":22},"end":{"line":6,"column":56}},"5":{"start":{"line":7,"column":26},"end":{"line":7,"column":66}},"6":{"start":{"line":8,"column":15},"end":{"line":8,"column":44}},"7":{"start":{"line":9,"column":15},"end":{"line":9,"column":38}},"8":{"start":{"line":10,"column":0},"end":{"line":10,"column":51}},"9":{"start":{"line":11,"column":0},"end":{"line":11,"column":44}},"10":{"start":{"line":64,"column":0},"end":{"line":64,"column":58}},"11":{"start":{"line":125,"column":0},"end":{"line":125,"column":415}},"12":{"start":{"line":212,"column":0},"end":{"line":212,"column":66}},"13":{"start":{"line":213,"column":0},"end":{"line":213,"column":70}},"14":{"start":{"line":214,"column":0},"end":{"line":214,"column":25}}},"fnMap":{},"branchMap":{},"s":{"0":1,"1":1,"2":1,"3":1,"4":1,"5":1,"6":1,"7":1,"8":1,"9":1,"10":1,"11":1,"12":1,"13":1,"14":1},"f":{},"b":{},"inputSourceMap":null,"_coverageSchema":"1a1c01bbd47fc00a2c39e90264f33305004495a9","hash":"ea569af9e8e6d391e6b4694bcd8580a5ca496818"}
,"/Users/alexmedina/Desktop/cookmate/backend/dist/tests/mocks/comment.js": {"path":"/Users/alexmedina/Desktop/cookmate/backend/dist/tests/mocks/comment.js","statementMap":{"0":{"start":{"line":2,"column":0},"end":{"line":2,"column":62}},"1":{"start":{"line":3,"column":0},"end":{"line":3,"column":30}},"2":{"start":{"line":4,"column":0},"end":{"line":14,"column":2}}},"fnMap":{},"branchMap":{},"s":{"0":1,"1":1,"2":1},"f":{},"b":{},"inputSourceMap":null,"_coverageSchema":"1a1c01bbd47fc00a2c39e90264f33305004495a9","hash":"1a531eeda98731c00d4995d1a9e9717a72f3d0cd"}
,"/Users/alexmedina/Desktop/cookmate/backend/dist/tests/mocks/recipe.js": {"path":"/Users/alexmedina/Desktop/cookmate/backend/dist/tests/mocks/recipe.js","statementMap":{"0":{"start":{"line":2,"column":0},"end":{"line":2,"column":62}},"1":{"start":{"line":3,"column":0},"end":{"line":3,"column":29}},"2":{"start":{"line":4,"column":19},"end":{"line":4,"column":38}},"3":{"start":{"line":5,"column":0},"end":{"line":52,"column":2}}},"fnMap":{},"branchMap":{},"s":{"0":2,"1":2,"2":2,"3":2},"f":{},"b":{},"inputSourceMap":null,"_coverageSchema":"1a1c01bbd47fc00a2c39e90264f33305004495a9","hash":"0864bdb2ee1a1e57e82750ef3b562c12399a6fa8"}
,"/Users/alexmedina/Desktop/cookmate/backend/dist/tests/mocks/user.js": {"path":"/Users/alexmedina/Desktop/cookmate/backend/dist/tests/mocks/user.js","statementMap":{"0":{"start":{"line":2,"column":0},"end":{"line":2,"column":62}},"1":{"start":{"line":3,"column":0},"end":{"line":3,"column":27}},"2":{"start":{"line":4,"column":19},"end":{"line":4,"column":38}},"3":{"start":{"line":5,"column":0},"end":{"line":13,"column":2}}},"fnMap":{},"branchMap":{},"s":{"0":2,"1":2,"2":2,"3":2},"f":{},"b":{},"inputSourceMap":null,"_coverageSchema":"1a1c01bbd47fc00a2c39e90264f33305004495a9","hash":"58a3c882401aa004d5285a956174a3fa162dc1e8"}
,"/Users/alexmedina/Desktop/cookmate/backend/dist/utils/auth.js": {"path":"/Users/alexmedina/Desktop/cookmate/backend/dist/utils/auth.js","statementMap":{"0":{"start":{"line":2,"column":22},"end":{"line":4,"column":1}},"1":{"start":{"line":3,"column":4},"end":{"line":3,"column":62}},"2":{"start":{"line":5,"column":0},"end":{"line":5,"column":62}},"3":{"start":{"line":6,"column":0},"end":{"line":6,"column":56}},"4":{"start":{"line":7,"column":17},"end":{"line":7,"column":51}},"5":{"start":{"line":8,"column":21},"end":{"line":11,"column":1}},"6":{"start":{"line":9,"column":17},"end":{"line":9,"column":51}},"7":{"start":{"line":10,"column":4},"end":{"line":10,"column":55}},"8":{"start":{"line":12,"column":0},"end":{"line":12,"column":36}},"9":{"start":{"line":13,"column":24},"end":{"line":15,"column":1}},"10":{"start":{"line":14,"column":4},"end":{"line":14,"column":68}},"11":{"start":{"line":16,"column":0},"end":{"line":16,"column":42}}},"fnMap":{"0":{"name":"(anonymous_0)","decl":{"start":{"line":2,"column":56},"end":{"line":2,"column":57}},"loc":{"start":{"line":2,"column":71},"end":{"line":4,"column":1}},"line":2},"1":{"name":"(anonymous_1)","decl":{"start":{"line":8,"column":21},"end":{"line":8,"column":22}},"loc":{"start":{"line":8,"column":41},"end":{"line":11,"column":1}},"line":8},"2":{"name":"(anonymous_2)","decl":{"start":{"line":13,"column":24},"end":{"line":13,"column":25}},"loc":{"start":{"line":13,"column":60},"end":{"line":15,"column":1}},"line":13}},"branchMap":{"0":{"loc":{"start":{"line":2,"column":22},"end":{"line":4,"column":1}},"type":"binary-expr","locations":[{"start":{"line":2,"column":23},"end":{"line":2,"column":27}},{"start":{"line":2,"column":31},"end":{"line":2,"column":51}},{"start":{"line":2,"column":56},"end":{"line":4,"column":1}}],"line":2},"1":{"loc":{"start":{"line":3,"column":11},"end":{"line":3,"column":61}},"type":"cond-expr","locations":[{"start":{"line":3,"column":37},"end":{"line":3,"column":40}},{"start":{"line":3,"column":43},"end":{"line":3,"column":61}}],"line":3},"2":{"loc":{"start":{"line"
[...]
,"/Users/alexmedina/Desktop/cookmate/backend/src/middleware/comment.ts": {"path":"/Users/alexmedina/Desktop/cookmate/backend/src/middleware/comment.ts","statementMap":{"0":{"start":{"line":2,"column":0},"end":{"line":2,"column":42}},"1":{"start":{"line":4,"column":37},"end":{"line":11,"column":1}},"2":{"start":{"line":9,"column":2},"end":{"line":9,"column":80}},"3":{"start":{"line":10,"column":2},"end":{"line":10,"column":9}},"4":{"start":{"line":4,"column":13},"end":{"line":4,"column":37}},"5":{"start":{"line":13,"column":38},"end":{"line":23,"column":1}},"6":{"start":{"line":18,"column":2},"end":{"line":21,"column":14}},"7":{"start":{"line":22,"column":2},"end":{"line":22,"column":9}},"8":{"start":{"line":13,"column":13},"end":{"line":13,"column":38}}},"fnMap":{"0":{"name":"(anonymous_0)","decl":{"start":{"line":4,"column":37},"end":{"line":4,"column":42}},"loc":{"start":{"line":8,"column":4},"end":{"line":11,"column":1}}},"1":{"name":"(anonymous_1)","decl":{"start":{"line":13,"column":38},"end":{"line":13,"column":43}},"loc":{"start":{"line":17,"column":4},"end":{"line":23,"column":1}}}},"branchMap":{},"s":{"0":1,"1":1,"2":0,"3":0,"4":1,"5":1,"6":0,"7":0,"8":1},"f":{"0":0,"1":0},"b":{}}
,"/Users/alexmedina/Desktop/cookmate/backend/src/middleware/recipe.ts": {"path":"/Users/alexmedina/Desktop/cookmate/backend/src/middleware/recipe.ts","statementMap":{"0":{"start":{"line":2,"column":0},"end":{"line":2,"column":48}},"1":{"start":{"line":3,"column":0},"end":{"line":3,"column":51}},"2":{"start":{"line":13,"column":34},"end":{"line":44,"column":1}},"3":{"start":{"line":18,"column":2},"end":{"line":22,"column":14}},"4":{"start":{"line":23,"column":2},"end":{"line":27,"column":14}},"5":{"start":{"line":28,"column":2},"end":{"line":31,"column":14}},"6":{"start":{"line":32,"column":2},"end":{"line":35,"column":14}},"7":{"start":{"line":36,"column":2},"end":{"line":40,"column":14}},"8":{"start":{"line":41,"column":2},"end":{"line":41,"column":77}},"9":{"start":{"line":43,"column":2},"end":{"line":43,"column":9}},"10":{"start":{"line":13,"column":13},"end":{"line":13,"column":34}},"11":{"start":{"line":46,"column":31},"end":{"line":53,"column":1}},"12":{"start":{"line":51,"column":2},"end":{"line":51,"column":80}},"13":{"start":{"line":52,"column":2},"end":{"line":52,"column":9}},"14":{"start":{"line":46,"column":13},"end":{"line":46,"column":31}},"15":{"start":{"line":55,"column":30},"end":{"line":76,"column":1}},"16":{"start":{"line":60,"column":2},"end":{"line":75,"column":3}},"17":{"start":{"line":61,"column":25},"end":{"line":61,"column":35}},"18":{"start":{"line":63,"column":19},"end":{"line":63,"column":50}},"19":{"start":{"line":65,"column":4},"end":{"line":68,"column":5}},"20":{"start":{"line":66,"column":27},"end":{"line":66,"column":56}},"21":{"start":{"line":67,"column":6},"end":{"line":67,"column":67}},"22":{"start":{"line":70,"column":4},"end":{"line":70,"column":24}},"23":{"start":{"line":72,"column":4},"end":{"line":72,"column":11}},"24":{"start":{"line":74,"column":4},"end":{"line":74,"column":61}},"25":{"start":{"line":55,"column":13},"end":{"line":55,"column":30}}},"fnMap":{"0":{"name":"(anonymous_1)","decl":{"start":{"line":13,"column":34},"end":{"line":13,"column":39}},"loc":{"start":{"line":17,"column":4},"end":{"line":44,"column":1}}},"1":{"name":"(anonymous_2)","decl":{"start":{"line":46,"column":31},"end":{"line":46,"column":36}},"loc":{"start":{"line":50,"column":4},"end":{"line":53,"column":1}}},"2":{"name":"(anonymous_3)","decl":{"start":{"line":55,"column":30},"end":{"line":55,"column":35}},"loc":{"start":{"line":59,"column":4},"end":{"line":76,"column":1}}}},"branchMap":{"0":{"loc":{"start":{"line":65,"column":4},"end":{"line":68,"column":5}},"type":"if","locations":[{"start":{"line":65,"column":4},"end":{"line":68,"column":5}},{"start":{},"end":{}}]}},"s":{"0":2,"1":2,"2":2,"3":0,"4":0,"5":0,"6":0,"7":0,"8":0,"9":0,"10":2,"11":2,"12":0,"13":0,"14":2,"15":2,"16":1,"17":1,"18":1,"19":1,"20":1,"21":1,"22":0,"23":0,"24":0,"25":2},"f":{"0":0,"1":0,"2":1},"b":{"0":[1,0]}}
,"/Users/alexmedina/Desktop/cookmate/backend/src/middleware/user.ts": {"path":"/Users/alexmedina/Desktop/cookmate/backend/src/middleware/user.ts","statementMap":{"0":{"start":{"line":3,"column":0},"end":{"line":3,"column":48}},"1":{"start":{"line":4,"column":0},"end":{"line":4,"column":45}},"2":{"start":{"line":19,"column":35},"end":{"line":29,"column":1}},"3":{"start":{"line":24,"column":2},"end":{"line":27,"column":14}},"4":{"start":{"line":28,"column":2},"end":{"line":28,"column":9}},"5":{"start":{"line":19,"column":13},"end":{"line":19,"column":35}},"6":{"start":{"line":31,"column":28},"end":{"line":52,"column":1}},"7":{"start":{"line":36,"column":2},"end":{"line":51,"column":3}},"8":{"start":{"line":37,"column":23},"end":{"line":37,"column":33}},"9":{"start":{"line":39,"column":17},"end":{"line":39,"column":44}},"10":{"start":{"line":41,"column":4},"end":{"line":44,"column":5}},"11":{"start":{"line":42,"column":27},"end":{"line":42,"column":54}},"12":{"start":{"line":43,"column":6},"end":{"line":43,"column":67}},"13":{"start":{"line":46,"column":4},"end":{"line":46,"column":25}},"14":{"start":{"line":48,"column":4},"end":{"line":48,"column":11}},"15":{"start":{"line":50,"column":4},"end":{"line":50,"column":61}},"16":{"start":{"line":31,"column":13},"end":{"line":31,"column":28}},"17":{"start":{"line":54,"column":27},"end":{"line":73,"column":1}},"18":{"start":{"line":59,"column":2},"end":{"line":72,"column":3}},"19":{"start":{"line":60,"column":22},"end":{"line":60,"column":30}},"20":{"start":{"line":62,"column":17},"end":{"line":62,"column":46}},"21":{"start":{"line":64,"column":4},"end":{"line":67,"column":5}},"22":{"start":{"line":65,"column":27},"end":{"line":65,"column":60}},"23":{"start":{"line":66,"column":6},"end":{"line":66,"column":67}},"24":{"start":{"line":69,"column":4},"end":{"line":69,"column":11}},"25":{"start":{"line":71,"column":4},"end":{"line":71,"column":61}},"26":{"start":{"line":54,"column":13},"end":{"line":54,"column":27}},"27":{"start":{"line":75,"column":32},"end":{"line":101,"column":1}},"28":{"start":{"line":80,"column":2},"end":{"line":100,"column":3}},"29":{"start":{"line":81,"column":22},"end":{"line":81,"column":30}},"30":{"start":{"line":83,"column":4},"end":{"line":86,"column":5}},"31":{"start":{"line":84,"column":27},"end":{"line":84,"column":57}},"32":{"start":{"line":85,"column":6},"end":{"line":85,"column":67}},"33":{"start":{"line":88,"column":17},"end":{"line":88,"column":46}},"34":{"start":{"line":90,"column":4},"end":{"line":93,"column":5}},"35":{"start":{"line":91,"column":27},"end":{"line":91,"column":54}},"36":{"start":{"line":92,"column":6},"end":{"line":92,"column":67}},"37":{"start":{"line":95,"column":4},"end":{"line":95,"column":25}},"38":{"start":{"line":97,"column":4},"end":{"line":97,"column":11}},"39":{"start":{"line":99,"column":4},"end":{"line":99,"column":61}},"40":{"start":{"line":75,"column":13},"end":{"line":75,"column":32}},"41":{"start":{"line":103,"column":28},"end":{"line":127,"column":1}},"42":{"start":{"line":108,"column":2},"end":{"line":108,"column":77}},"43":{"start":{"line":109,"column":2},"end":{"line":109,"column":73}},"44":{"start":{"line":110,"column":2},"end":{"line":110,"column":80}},"45":{"start":{"line":111,"column":2},"end":{"line":114,"column":14}},"46":{"start":{"line":115,"column":2},"end":{"line":124,"column":14}},"47":{"start":{"line":119,"column":6},"end":{"line":121,"column":7}},"48":{"start":{"line":120,"column":8},"end":{"line":120,"column":50}},"49":{"start":{"line":122,"column":6},"end":{"line":122,"column":18}},"50":{"start":{"line":126,"column":2},"end":{"line":126,"column":9}},"51":{"start":{"line":103,"column":13},"end":{"line":103,"column":28}}},"fnMap":{"0":{"name":"(anonymous_1)","decl":{"start":{"line":19,"column":35},"end":{"line":19,"column":40}},"loc":{"start":{"line":23,"column":4},"end":{"line":29,"column":1}}},"1":{"name":"(anonymous_2)","decl":{"start":{"line":31,"column":28},"end":{"line":31,"column":33}},"loc":{"start":{"line":35,"column":4},"end":{"line":52,"column":1}}},"2":{"name":"(anonymous_3)","decl":{"start":{"line":54,"column":27},"end":{"line":54,"column":32}},"loc":{"start":{"line":58,"column":4},"end":{"line":73,"column":1}}},"3":{"name":"(anonymous_4)","decl":{"start":{"line":75,"column":32},"end":{"line":75,"column":37}},"loc":{"start":{"line":79,"column":4},"end":{"line":101,"column":1}}},"4":{"name":"(anonymous_5)","decl":{"start":{"line":103,"column":28},"end":{"line":103,"column":33}},"loc":{"start":{"line":107,"column":4},"end":{"line":127,"column":1}}},"5":{"name":"(anonymous_6)","decl":{"start":{"line":118,"column":12},"end":{"line":118,"column":13}},"loc":{"start":{"line":118,"column":31},"end":{"line":123,"column":5}}}},"branchMap":{"0":{"loc":{"start":{"line":41,"column":4},"end":{"line":44,"column":5}},"type":"if","locations":[{"start":{"line":41,"column":4},"end":{"line":44,"column":5}},{"start":{},"end":{}}]},"1":{"loc":{"start":{"line":64,"column":4},"end":{"line":67,"column":5}},"type":"if","locations":[{"start":{"line":64,"column":4},"end":{"line":67,"column":5}},{"start":{},"end":{}}]},"2":{"loc":{"start":{"line":64,"column":8},"end":{"line":64,"column":51}},"type":"binary-expr","locations":[{"start":{"line":64,"column":8},"end":{"line":64,"column":12}},{"start":{"line":64,"column":16},"end":{"line":64,"column":51}}]},"3":{"loc":{"start":{"line":83,"column":4},"end":{"line":86,"column":5}},"type":"if","locations":[{"start":{"line":83,"column":4},"end":{"line":86,"column":5}},{"start":{},"end":{}}]},"4":{"loc":{"start":{"line":90,"column":4},"end":{"line":93,"column":5}},"type":"if","locations":[{"start":{"line":90,"column":4},"end":{"line":93,"column":5}},{"start":{},"end":{}}]},"5":{"loc":{"start":{"line":119,"column":6},"end":{"line":121,"column":7}},"type":"if","locations":[{"start":{"line":119,"column":6},"end":{"line":121,"column":7}},{"start":{},"end":{}}]}},"s":{"0":3,"1":3,"2":3,"3":1,"4":1,"5":3,"6":3,"7":7,"8":7,"9":7,"10":6,"11":4,"12":4,"13":2,"14":2,"15":1,"16":3,"17":3,"18":9,"19":9,"20":9,"21":9,"22":6,"23":6,"24":3,"25":0,"26":3,"27":3,"28":8,"29":8,"30":8,"31":1,"32":1,"33":7,"34":7,"35":4,"36":4,"37":3,"38":3,"39":0,"40":3,"41":3,"42":7,"43":7,"44":7,"45":7,"46":7,"47":7,"48":1,"49":6,"50":7,"51":3},"f":{"0":1,"1":7,"2":9,"3":8,"4":7,"5":7},"b":{"0":[4,2],"1":[6,3],"2":[9,6],"3":[1,7],"4":[4,3],"5":[1,6]}}
,"/Users/alexmedina/Desktop/cookmate/backend/src/models/Comment.ts": {"path":"/Users/alexmedina/Desktop/cookmate/backend/src/models/Comment.ts","statementMap":{"0":{"start":{"line":1,"column":0},"end":{"line":1,"column":32}},"1":{"start":{"line":9,"column":22},"end":{"line":25,"column":2}},"2":{"start":{"line":27,"column":16},"end":{"line":27,"column":66}},"3":{"start":{"line":29,"column":0},"end":{"line":29,"column":23}}},"fnMap":{},"branchMap":{},"s":{"0":1,"1":1,"2":1,"3":1},"f":{},"b":{}}
,"/Users/alexmedina/Desktop/cookmate/backend/src/models/Recipe.ts": {"path":"/Users/alexmedina/Desktop/cookmate/backend/src/models/Recipe.ts","statementMap":{"0":{"start":{"line":1,"column":0},"end":{"line":1,"column":32}},"1":{"start":{"line":15,"column":21},"end":{"line":62,"column":2}},"2":{"start":{"line":64,"column":15},"end":{"line":64,"column":62}},"3":{"start":{"line":65,"column":0},"end":{"line":65,"column":22}}},"fnMap":{},"branchMap":{},"s":{"0":1,"1":1,"2":1,"3":1},"f":{},"b":{}}
,"/Users/alexmedina/Desktop/cookmate/backend/src/models/User.ts": {"path":"/Users/alexmedina/Desktop/cookmate/backend/src/models/User.ts","statementMap":{"0":{"start":{"line":1,"column":0},"end":{"line":1,"column":43}},"1":{"start":{"line":15,"column":19},"end":{"line":49,"column":2}},"2":{"start":{"line":51,"column":13},"end":{"line":51,"column":54}},"3":{"start":{"line":52,"column":0},"end":{"line":52,"column":20}}},"fnMap":{},"branchMap":{},"s":{"0":1,"1":1,"2":1,"3":1},"f":{},"b":{}}
,"/Users/alexmedina/Desktop/cookmate/backend/src/routes/authRouter.ts": {"path":"/Users/alexmedina/Desktop/cookmate/backend/src/routes/authRouter.ts","statementMap":{"0":{"start":{"line":1,"column":0},"end":{"line":1,"column":33}},"1":{"start":{"line":2,"column":0},"end":{"line":2,"column":63}},"2":{"start":{"line":3,"column":0},"end":{"line":3,"column":41}},"3":{"start":{"line":4,"column":0},"end":{"line":4,"column":60}},"4":{"start":{"line":5,"column":0},"end":{"line":5,"column":null}},"5":{"start":{"line":11,"column":15},"end":{"line":11,"column":23}},"6":{"start":{"line":95,"column":0},"end":{"line":101,"column":2}},"7":{"start":{"line":161,"column":0},"end":{"line":168,"column":2}},"8":{"start":{"line":170,"column":0},"end":{"line":170,"column":22}}},"fnMap":{},"branchMap":{},"s":{"0":1,"1":1,"2":1,"3":1,"4":1,"5":1,"6":1,"7":1,"8":1},"f":{},"b":{}}
,"/Users/alexmedina/Desktop/cookmate/backend/src/routes/commentRouter.ts": {"path":"/Users/alexmedina/Desktop/cookmate/backend/src/routes/commentRouter.ts","statementMap":{"0":{"start":{"line":1,"column":0},"end":{"line":1,"column":33}},"1":{"start":{"line":2,"column":0},"end":{"line":2,"column":null}},"2":{"start":{"line":7,"column":0},"end":{"line":7,"column":41}},"3":{"start":{"line":8,"column":0},"end":{"line":8,"column":64}},"4":{"start":{"line":9,"column":0},"end":{"line":9,"column":null}},"5":{"start":{"line":13,"column":0},"end":{"line":13,"column":60}},"6":{"start":{"line":15,"column":15},"end":{"line":15,"column":23}},"7":{"start":{"line":74,"column":0},"end":{"line":79,"column":2}},"8":{"start":{"line":125,"column":0},"end":{"line":132,"column":2}},"9":{"start":{"line":174,"column":0},"end":{"line":181,"column":2}},"10":{"start":{"line":183,"column":0},"end":{"line":183,"column":22}}},"fnMap":{},"branchMap":{},"s":{"0":1,"1":1,"2":1,"3":1,"4":1,"5":1,"6":1,"7":1,"8":1,"9":1,"10":1},"f":{},"b":{}}
,"/Users/alexmedina/Desktop/cookmate/backend/src/routes/recipieRouter.ts": {"path":"/Users/alexmedina/Desktop/cookmate/backend/src/routes/recipieRouter.ts","statementMap":{"0":{"start":{"line":1,"column":0},"end":{"line":1,"column":33}},"1":{"start":{"line":2,"column":0},"end":{"line":2,"column":null}},"2":{"start":{"line":14,"column":0},"end":{"line":14,"column":60}},"3":{"start":{"line":15,"column":0},"end":{"line":15,"column":64}},"4":{"start":{"line":16,"column":0},"end":{"line":16,"column":null}},"5":{"start":{"line":22,"column":15},"end":{"line":22,"column":23}},"6":{"start":{"line":25,"column":0},"end":{"line":25,"column":42}},"7":{"start":{"line":26,"column":0},"end":{"line":26,"column":43}},"8":{"start":{"line":108,"column":0},"end":{"line":108,"column":38}},"9":{"start":{"line":166,"column":0},"end":{"line":172,"column":2}},"10":{"start":{"line":203,"column":0},"end":{"line":203,"column":64}},"11":{"start":{"line":273,"column":0},"end":{"line":279,"column":2}},"12":{"start":{"line":312,"column":0},"end":{"line":312,"column":67}},"13":{"start":{"line":316,"column":0},"end":{"line":321,"column":2}},"14":{"start":{"line":322,"column":0},"end":{"line":327,"column":2}},"15":{"start":{"line":328,"column":0},"end":{"line":333,"column":2}},"16":{"start":{"line":334,"column":0},"end":{"line":339,"column":2}},"17":{"start":{"line":341,"column":0},"end":{"line":341,"column":22}}},"fnMap":{},"branchMap":{},"s":{"0":1,"1":1,"2":1,"3":1,"4":1,"5":1,"6":1,"7":1,"8":1,"9":1,"10":1,"11":1,"12":1,"13":1,"14":1,"15":1,"16":1,"17":1},"f":{},"b":{}}
,"/Users/alexmedina/Desktop/cookmate/backend/src/routes/userRouter.ts": {"path":"/Users/alexmedina/Desktop/cookmate/backend/src/routes/userRouter.ts","statementMap":{"0":{"start":{"line":1,"column":0},"end":{"line":1,"column":48}},"1":{"start":{"line":2,"column":0},"end":{"line":2,"column":33}},"2":{"start":{"line":3,"column":0},"end":{"line":3,"column":60}},"3":{"start":{"line":4,"column":0},"end":{"line":4,"column":null}},"4":{"start":{"line":10,"column":0},"end":{"line":10,"column":64}},"5":{"start":{"line":11,"column":0},"end":{"line":11,"column":null}},"6":{"start":{"line":17,"column":15},"end":{"line":17,"column":23}},"7":{"start":{"line":19,"column":0},"end":{"line":19,"column":44}},"8":{"start":{"line":20,"column":0},"end":{"line":20,"column":37}},"9":{"start":{"line":76,"column":0},"end":{"line":76,"column":44}},"10":{"start":{"line":140,"column":0},"end":{"line":149,"column":2}},"11":{"start":{"line":239,"column":0},"end":{"line":239,"column":52}},"12":{"start":{"line":241,"column":0},"end":{"line":241,"column":56}},"13":{"start":{"line":243,"column":0},"end":{"line":243,"column":22}}},"fnMap":{},"branchMap":{},"s":{"0":1,"1":1,"2":1,"3":1,"4":1,"5":1,"6":1,"7":1,"8":1,"9":1,"10":1,"11":1,"12":1,"13":1},"f":{},"b":{}}
,"/Users/alexmedina/Desktop/cookmate/backend/src/tests/mocks/comment.ts": {"path":"/Users/alexmedina/Desktop/cookmate/backend/src/tests/mocks/comment.ts","statementMap":{"0":{"start":{"line":1,"column":13},"end":{"line":11,"column":2}}},"fnMap":{},"branchMap":{},"s":{"0":1},"f":{},"b":{}}
,"/Users/alexmedina/Desktop/cookmate/backend/src/tests/mocks/recipe.ts": {"path":"/Users/alexmedina/Desktop/cookmate/backend/src/tests/mocks/recipe.ts","statementMap":{"0":{"start":{"line":1,"column":0},"end":{"line":1,"column":33}},"1":{"start":{"line":3,"column":13},"end":{"line":50,"column":2}}},"fnMap":{},"branchMap":{},"s":{"0":2,"1":2},"f":{},"b":{}}
,"/Users/alexmedina/Desktop/cookmate/backend/src/tests/mocks/user.ts": {"path":"/Users/alexmedina/Desktop/cookmate/backend/src/tests/mocks/user.ts","statementMap":{"0":{"start":{"line":1,"column":0},"end":{"line":1,"column":33}},"1":{"start":{"line":3,"column":13},"end":{"line":11,"column":2}}},"fnMap":{},"branchMap":{},"s":{"0":2,"1":2},"f":{},"b":{}}
,"/Users/alexmedina/Desktop/cookmate/backend/src/utils/auth.ts": {"path":"/Users/alexmedina/Desktop/cookmate/backend/src/utils/auth.ts","statementMap":{"0":{"start":{"line":1,"column":0},"end":{"line":1,"column":28}},"1":{"start":{"line":3,"column":28},"end":{"line":6,"column":1}},"2":{"start":{"line":4,"column":15},"end":{"line":4,"column":39}},"3":{"start":{"line":5,"column":2},"end":{"line":5,"column":43}},"4":{"start":{"line":3,"column":13},"end":{"line":3,"column":28}},"5":{"start":{"line":8,"column":31},"end":{"line":13,"column":1}},"6":{"start":{"line":12,"column":2},"end":{"line":12,"column":56}},"7":{"start":{"line":8,"column":13},"end":{"line":8,"column":31}}},"fnMap":{"0":{"name":"(anonymous_1)","decl":{"start":{"line":3,"column":28},"end":{"line":3,"column":33}},"loc":{"start":{"line":3,"column":55},"end":{"line":6,"column":1}}},"1":{"name":"(anonymous_2)","decl":{"start":{"line":8,"column":31},"end":{"line":8,"column":36}},"loc":{"start":{"line":11,"column":4},"end":{"line":13,"column":1}}}},"branchMap":{},"s":{"0":1,"1":1,"2":1,"3":1,"4":1,"5":1,"6":1,"7":1},"f":{"0":1,"1":1},"b":{}}
,"/Users/alexmedina/Desktop/cookmate/backend/src/utils/jwt.ts": {"path":"/Users/alexmedina/Desktop/cookmate/backend/src/utils/jwt.ts","statementMap":{"0":{"start":{"line":1,"column":0},"end":{"line":1,"column":47}},"1":{"start":{"line":3,"column":28},"end":{"line":8,"column":1}},"2":{"start":{"line":4,"column":16},"end":{"line":6,"column":4}},"3":{"start":{"line":7,"column":2},"end":{"line":7,"column":15}},"4":{"start":{"line":3,"column":13},"end":{"line":3,"column":28}},"5":{"start":{"line":11,"column":25},"end":{"line":13,"column":1}},"6":{"start":{"line":12,"column":2},"end":{"line":12,"column":61}},"7":{"start":{"line":11,"column":13},"end":{"line":11,"column":25}}},"fnMap":{"0":{"name":"(anonymous_1)","decl":{"start":{"line":3,"column":28},"end":{"line":3,"column":29}},"loc":{"start":{"line":3,"column":52},"end":{"line":8,"column":1}}},"1":{"name":"(anonymous_2)","decl":{"start":{"line":11,"column":25},"end":{"line":11,"column":26}},"loc":{"start":{"line":11,"column":64},"end":{"line":13,"column":1}}}},"branchMap":{},"s":{"0":3,"1":3,"2":1,"3":1,"4":3,"5":3,"6":3,"7":3},"f":{"0":1,"1":3},"b":{}}
}
