{"/Users/alexmedina/Desktop/cookmate/backend/src/server.ts": {"path":"/Users/alexmedina/Desktop/cookmate/backend/src/server.ts","statementMap":{"0":{"start":{"line":1,"column":0},"end":{"line":1,"column":30}},"1":{"start":{"line":2,"column":0},"end":{"line":2,"column":43}},"2":{"start":{"line":3,"column":0},"end":{"line":3,"column":65}},"3":{"start":{"line":4,"column":0},"end":{"line":4,"column":45}},"4":{"start":{"line":5,"column":0},"end":{"line":5,"column":45}},"5":{"start":{"line":6,"column":0},"end":{"line":6,"column":51}},"6":{"start":{"line":7,"column":0},"end":{"line":7,"column":51}},"7":{"start":{"line":8,"column":0},"end":{"line":8,"column":40}},"8":{"start":{"line":9,"column":0},"end":{"line":9,"column":23}},"9":{"start":{"line":11,"column":12},"end":{"line":11,"column":21}},"10":{"start":{"line":14,"column":0},"end":{"line":14,"column":24}},"11":{"start":{"line":16,"column":0},"end":{"line":16,"column":12}},"12":{"start":{"line":19,"column":0},"end":{"line":19,"column":28}},"13":{"start":{"line":20,"column":0},"end":{"line":20,"column":28}},"14":{"start":{"line":21,"column":0},"end":{"line":21,"column":31}},"15":{"start":{"line":22,"column":0},"end":{"line":22,"column":31}},"16":{"start":{"line":25,"column":0},"end":{"line":29,"column":2}},"17":{"start":{"line":31,"column":0},"end":{"line":33,"column":3}},"18":{"start":{"line":32,"column":2},"end":{"line":32,"column":38}},"19":{"start":{"line":35,"column":0},"end":{"line":35,"column":19}}},"fnMap":{"0":{"name":"(anonymous_10)","decl":{"start":{"line":31,"column":13},"end":{"line":31,"column":14}},"loc":{"start":{"line":31,"column":26},"end":{"line":33,"column":1}}}},"branchMap":{},"s":{"0":1,"1":1,"2":1,"3":1,"4":1,"5":1,"6":1,"7":1,"8":1,"9":1,"10":1,"11":1,"12":1,"13":1,"14":1,"15":1,"16":1,"17":1,"18":0,"19":1},"f":{"0":0},"b":{}}
,"/Users/alexmedina/Desktop/cookmate/backend/src/config/db.ts": {"path":"/Users/alexmedina/Desktop/cookmate/backend/src/config/db.ts","statementMap":{"0":{"start":{"line":1,"column":0},"end":{"line":1,"column":28}},"1":{"start":{"line":2,"column":0},"end":{"line":2,"column":32}},"2":{"start":{"line":4,"column":25},"end":{"line":13,"column":1}},"3":{"start":{"line":5,"column":2},"end":{"line":12,"column":3}},"4":{"start":{"line":6,"column":27},"end":{"line":6,"column":72}},"5":{"start":{"line":7,"column":16},"end":{"line":7,"column":55}},"6":{"start":{"line":8,"column":4},"end":{"line":8,"column":58}},"7":{"start":{"line":10,"column":4},"end":{"line":10,"column":43}},"8":{"start":{"line":11,"column":4},"end":{"line":11,"column":20}},"9":{"start":{"line":4,"column":13},"end":{"line":4,"column":25}}},"fnMap":{"0":{"name":"(anonymous_1)","decl":{"start":{"line":4,"column":25},"end":{"line":4,"column":30}},"loc":{"start":{"line":4,"column":36},"end":{"line":13,"column":1}}}},"branchMap":{},"s":{"0":1,"1":1,"2":1,"3":1,"4":1,"5":1,"6":1,"7":0,"8":0,"9":1},"f":{"0":1},"b":{}}
,"/Users/alexmedina/Desktop/cookmate/backend/src/config/swagger.ts": {"path":"/Users/alexmedina/Desktop/cookmate/backend/src/config/swagger.ts","statementMap":{"0":{"start":{"line":1,"column":0},"end":{"line":1,"column":41}},"1":{"start":{"line":4,"column":38},"end":{"line":32,"column":2}},"2":{"start":{"line":34,"column":20},"end":{"line":34,"column":41}},"3":{"start":{"line":36,"column":43},"end":{"line":47,"column":2}},"4":{"start":{"line":50,"column":9},"end":{"line":50,"column":25}},"5":{"start":{"line":49,"column":0},"end":{"line":49,"column":27}}},"fnMap":{},"branchMap":{},"s":{"0":1,"1":1,"2":1,"3":1,"4":1,"5":1},"f":{},"b":{}}
,"/Users/alexmedina/Desktop/cookmate/backend/src/handlers/authHandler.ts": {"path":"/Users/alexmedina/Desktop/cookmate/backend/src/handlers/authHandler.ts","statementMap":{"0":{"start":{"line":2,"column":0},"end":{"line":2,"column":24}},"1":{"start":{"line":3,"column":0},"end":{"line":3,"column":34}},"2":{"start":{"line":4,"column":0},"end":{"line":4,"column":62}},"3":{"start":{"line":5,"column":0},"end":{"line":5,"column":44}},"4":{"start":{"line":7,"column":29},"end":{"line":33,"column":1}},"5":{"start":{"line":8,"column":2},"end":{"line":32,"column":3}},"6":{"start":{"line":9,"column":50},"end":{"line":9,"column":58}},"7":{"start":{"line":11,"column":23},"end":{"line":11,"column":39}},"8":{"start":{"line":12,"column":25},"end":{"line":12,"column":67}},"9":{"start":{"line":14,"column":4},"end":{"line":17,"column":5}},"10":{"start":{"line":15,"column":27},"end":{"line":15,"column":61}},"11":{"start":{"line":16,"column":6},"end":{"line":16,"column":67}},"12":{"start":{"line":19,"column":4},"end":{"line":22,"column":5}},"13":{"start":{"line":20,"column":27},"end":{"line":20,"column":62}},"14":{"start":{"line":21,"column":6},"end":{"line":21,"column":67}},"15":{"start":{"line":24,"column":17},"end":{"line":24,"column":35}},"16":{"start":{"line":25,"column":4},"end":{"line":25,"column":49}},"17":{"start":{"line":26,"column":4},"end":{"line":26,"column":29}},"18":{"start":{"line":27,"column":4},"end":{"line":27,"column":22}},"19":{"start":{"line":29,"column":4},"end":{"line":29,"column":57}},"20":{"start":{"line":31,"column":4},"end":{"line":31,"column":61}},"21":{"start":{"line":7,"column":13},"end":{"line":7,"column":29}},"22":{"start":{"line":35,"column":21},"end":{"line":64,"column":1}},"23":{"start":{"line":36,"column":2},"end":{"line":63,"column":3}},"24":{"start":{"line":37,"column":25},"end":{"line":37,"column":33}},"25":{"start":{"line":39,"column":4},"end":{"line":42,"column":5}},"26":{"start":{"line":40,"column":27},"end":{"line":40,"column":60}},"27":{"start":{"line":41,"column":6},"end":{"line":41,"column":67}},"28":{"start":{"line":44,"column":28},"end":{"line":46,"column":null}},"29":{"start":{"line":49,"column":4},"end":{"line":52,"column":5}},"30":{"start":{"line":50,"column":27},"end":{"line":50,"column":56}},"31":{"start":{"line":51,"column":6},"end":{"line":51,"column":67}},"32":{"start":{"line":54,"column":18},"end":{"line":58,"column":6}},"33":{"start":{"line":60,"column":4},"end":{"line":60,"column":32}},"34":{"start":{"line":62,"column":4},"end":{"line":62,"column":61}},"35":{"start":{"line":35,"column":13},"end":{"line":35,"column":21}}},"fnMap":{"0":{"name":"(anonymous_1)","decl":{"start":{"line":7,"column":29},"end":{"line":7,"column":34}},"loc":{"start":{"line":7,"column":67},"end":{"line":33,"column":1}}},"1":{"name":"(anonymous_2)","decl":{"start":{"line":35,"column":21},"end":{"line":35,"column":26}},"loc":{"start":{"line":35,"column":59},"end":{"line":64,"column":1}}}},"branchMap":{"0":{"loc":{"start":{"line":14,"column":4},"end":{"line":17,"column":5}},"type":"if","locations":[{"start":{"line":14,"column":4},"end":{"line":17,"column":5}},{"start":{},"end":{}}]},"1":{"loc":{"start":{"line":19,"column":4},"end":{"line":22,"column":5}},"type":"if","locations":[{"start":{"line":19,"column":4},"end":{"line":22,"column":5}},{"start":{},"end":{}}]},"2":{"loc":{"start":{"line":39,"column":4},"end":{"line":42,"column":5}},"type":"if","locations":[{"start":{"line":39,"column":4},"end":{"line":42,"column":5}},{"start":{},"end":{}}]},"3":{"loc":{"start":{"line":49,"column":4},"end":{"line":52,"column":5}},"type":"if","locations":[{"start":{"line":49,"column":4},"end":{"line":52,"column":5}},{"start":{},"end":{}}]}},"s":{"0":2,"1":2,"2":2,"3":2,"4":2,"5":6,"6":6,"7":6,"8":6,"9":5,"10":2,"11":2,"12":3,"13":0,"14":0,"15":3,"16":3,"17":3,"18":3,"19":3,"20":1,"21":2,"22":2,"23":5,"24":5,"25":5,"26":0,"27":0,"28":5,"29":4,"30":1,"31":1,"32":3,"33":3,"34":1,"35":2},"f":{"0":6,"1":5},"b":{"0":[2,3],"1":[0,3],"2":[0,5],"3":[1,3]}}
,"/Users/alexmedina/Desktop/cookmate/backend/src/handlers/commentHandler.ts": {"path":"/Users/alexmedina/Desktop/cookmate/backend/src/handlers/commentHandler.ts","statementMap":{"0":{"start":{"line":2,"column":0},"end":{"line":2,"column":40}},"1":{"start":{"line":4,"column":37},"end":{"line":16,"column":1}},"2":{"start":{"line":5,"column":2},"end":{"line":15,"column":3}},"3":{"start":{"line":6,"column":25},"end":{"line":6,"column":35}},"4":{"start":{"line":8,"column":21},"end":{"line":10,"column":30}},"5":{"start":{"line":12,"column":4},"end":{"line":12,"column":35}},"6":{"start":{"line":14,"column":4},"end":{"line":14,"column":61}},"7":{"start":{"line":4,"column":13},"end":{"line":4,"column":37}},"8":{"start":{"line":18,"column":34},"end":{"line":34,"column":1}},"9":{"start":{"line":19,"column":2},"end":{"line":33,"column":3}},"10":{"start":{"line":20,"column":25},"end":{"line":20,"column":35}},"11":{"start":{"line":21,"column":21},"end":{"line":21,"column":29}},"12":{"start":{"line":23,"column":23},"end":{"line":27,"column":6}},"13":{"start":{"line":29,"column":4},"end":{"line":29,"column":28}},"14":{"start":{"line":30,"column":4},"end":{"line":30,"column":55}},"15":{"start":{"line":32,"column":4},"end":{"line":32,"column":61}},"16":{"start":{"line":18,"column":13},"end":{"line":18,"column":34}},"17":{"start":{"line":36,"column":39},"end":{"line":67,"column":1}},"18":{"start":{"line":37,"column":2},"end":{"line":66,"column":3}},"19":{"start":{"line":38,"column":36},"end":{"line":38,"column":46}},"20":{"start":{"line":40,"column":20},"end":{"line":40,"column":53}},"21":{"start":{"line":42,"column":4},"end":{"line":45,"column":5}},"22":{"start":{"line":43,"column":27},"end":{"line":43,"column":57}},"23":{"start":{"line":44,"column":6},"end":{"line":44,"column":67}},"24":{"start":{"line":48,"column":4},"end":{"line":53,"column":5}},"25":{"start":{"line":49,"column":27},"end":{"line":50,"column":null}},"26":{"start":{"line":52,"column":6},"end":{"line":52,"column":67}},"27":{"start":{"line":56,"column":4},"end":{"line":59,"column":5}},"28":{"start":{"line":57,"column":27},"end":{"line":57,"column":75}},"29":{"start":{"line":58,"column":6},"end":{"line":58,"column":67}},"30":{"start":{"line":61,"column":4},"end":{"line":61,"column":30}},"31":{"start":{"line":63,"column":4},"end":{"line":63,"column":57}},"32":{"start":{"line":65,"column":4},"end":{"line":65,"column":61}},"33":{"start":{"line":36,"column":13},"end":{"line":36,"column":39}}},"fnMap":{"0":{"name":"(anonymous_1)","decl":{"start":{"line":4,"column":37},"end":{"line":4,"column":42}},"loc":{"start":{"line":4,"column":75},"end":{"line":16,"column":1}}},"1":{"name":"(anonymous_2)","decl":{"start":{"line":18,"column":34},"end":{"line":18,"column":39}},"loc":{"start":{"line":18,"column":72},"end":{"line":34,"column":1}}},"2":{"name":"(anonymous_3)","decl":{"start":{"line":36,"column":39},"end":{"line":36,"column":44}},"loc":{"start":{"line":36,"column":77},"end":{"line":67,"column":1}}}},"branchMap":{"0":{"loc":{"start":{"line":42,"column":4},"end":{"line":45,"column":5}},"type":"if","locations":[{"start":{"line":42,"column":4},"end":{"line":45,"column":5}},{"start":{},"end":{}}]},"1":{"loc":{"start":{"line":48,"column":4},"end":{"line":53,"column":5}},"type":"if","locations":[{"start":{"line":48,"column":4},"end":{"line":53,"column":5}},{"start":{},"end":{}}]},"2":{"loc":{"start":{"line":56,"column":4},"end":{"line":59,"column":5}},"type":"if","locations":[{"start":{"line":56,"column":4},"end":{"line":59,"column":5}},{"start":{},"end":{}}]}},"s":{"0":2,"1":2,"2":2,"3":2,"4":2,"5":1,"6":1,"7":2,"8":2,"9":2,"10":2,"11":2,"12":2,"13":2,"14":1,"15":1,"16":2,"17":2,"18":5,"19":5,"20":5,"21":4,"22":1,"23":1,"24":3,"25":1,"26":1,"27":2,"28":1,"29":1,"30":1,"31":1,"32":1,"33":2},"f":{"0":2,"1":2,"2":5},"b":{"0":[1,3],"1":[1,2],"2":[1,1]}}
,"/Users/alexmedina/Desktop/cookmate/backend/src/handlers/recipeHandler.ts": {"path":"/Users/alexmedina/Desktop/cookmate/backend/src/handlers/recipeHandler.ts","statementMap":{"0":{"start":{"line":2,"column":0},"end":{"line":2,"column":38}},"1":{"start":{"line":3,"column":0},"end":{"line":3,"column":34}},"2":{"start":{"line":4,"column":0},"end":{"line":4,"column":32}},"3":{"start":{"line":6,"column":29},"end":{"line":13,"column":1}},"4":{"start":{"line":7,"column":2},"end":{"line":12,"column":3}},"5":{"start":{"line":8,"column":21},"end":{"line":8,"column":40}},"6":{"start":{"line":9,"column":4},"end":{"line":9,"column":35}},"7":{"start":{"line":11,"column":4},"end":{"line":11,"column":61}},"8":{"start":{"line":6,"column":13},"end":{"line":6,"column":29}},"9":{"start":{"line":15,"column":28},"end":{"line":47,"column":1}},"10":{"start":{"line":16,"column":2},"end":{"line":46,"column":3}},"11":{"start":{"line":25,"column":8},"end":{"line":25,"column":16}},"12":{"start":{"line":27,"column":22},"end":{"line":35,"column":6}},"13":{"start":{"line":37,"column":4},"end":{"line":37,"column":27}},"14":{"start":{"line":39,"column":4},"end":{"line":41,"column":7}},"15":{"start":{"line":43,"column":4},"end":{"line":43,"column":56}},"16":{"start":{"line":45,"column":4},"end":{"line":45,"column":61}},"17":{"start":{"line":15,"column":13},"end":{"line":15,"column":28}},"18":{"start":{"line":49,"column":29},"end":{"line":51,"column":1}},"19":{"start":{"line":50,"column":2},"end":{"line":50,"column":35}},"20":{"start":{"line":49,"column":13},"end":{"line":49,"column":29}},"21":{"start":{"line":53,"column":28},"end":{"line":85,"column":1}},"22":{"start":{"line":54,"column":2},"end":{"line":84,"column":3}},"23":{"start":{"line":55,"column":23},"end":{"line":55,"column":31}},"24":{"start":{"line":58,"column":4},"end":{"line":61,"column":5}},"25":{"start":{"line":59,"column":27},"end":{"line":59,"column":74}},"26":{"start":{"line":60,"column":6},"end":{"line":60,"column":67}},"27":{"start":{"line":63,"column":21},"end":{"line":63,"column":26}},"28":{"start":{"line":64,"column":4},"end":{"line":69,"column":5}},"29":{"start":{"line":65,"column":6},"end":{"line":68,"column":7}},"30":{"start":{"line":66,"column":8},"end":{"line":66,"column":26}},"31":{"start":{"line":67,"column":8},"end":{"line":67,"column":14}},"32":{"start":{"line":71,"column":4},"end":{"line":75,"column":5}},"33":{"start":{"line":72,"column":6},"end":{"line":74,"column":62}},"34":{"start":{"line":77,"column":4},"end":{"line":77,"column":42}},"35":{"start":{"line":79,"column":4},"end":{"line":79,"column":28}},"36":{"start":{"line":81,"column":4},"end":{"line":81,"column":56}},"37":{"start":{"line":83,"column":4},"end":{"line":83,"column":61}},"38":{"start":{"line":53,"column":13},"end":{"line":53,"column":28}},"39":{"start":{"line":87,"column":28},"end":{"line":109,"column":1}},"40":{"start":{"line":88,"column":2},"end":{"line":108,"column":3}},"41":{"start":{"line":89,"column":25},"end":{"line":89,"column":35}},"42":{"start":{"line":91,"column":19},"end":{"line":91,"column":50}},"43":{"start":{"line":93,"column":4},"end":{"line":96,"column":5}},"44":{"start":{"line":94,"column":27},"end":{"line":94,"column":56}},"45":{"start":{"line":95,"column":6},"end":{"line":95,"column":67}},"46":{"start":{"line":98,"column":4},"end":{"line":101,"column":5}},"47":{"start":{"line":99,"column":27},"end":{"line":99,"column":74}},"48":{"start":{"line":100,"column":6},"end":{"line":100,"column":67}},"49":{"start":{"line":103,"column":4},"end":{"line":103,"column":29}},"50":{"start":{"line":105,"column":4},"end":{"line":105,"column":56}},"51":{"start":{"line":107,"column":4},"end":{"line":107,"column":61}},"52":{"start":{"line":87,"column":13},"end":{"line":87,"column":28}},"53":{"start":{"line":113,"column":26},"end":{"line":124,"column":1}},"54":{"start":{"line":114,"column":17},"end":{"line":114,"column":27}},"55":{"start":{"line":115,"column":17},"end":{"line":115,"column":28}},"56":{"start":{"line":116,"column":17},"end":{"line":116,"column":42}},"57":{"start":{"line":117,"column":2},"end":{"line":117,"column":74}},"58":{"start":{"line":117,"column":15},"end":{"line":117,"column":74}},"59":{"start":{"line":119,"column":23},"end":{"line":119,"column":58}},"60":{"start":{"line":120,"column":2},"end":{"line":120,"column":76}},"61":{"start":{"line":120,"column":44},"end":{"line":120,"column":76}},"62":{"start":{"line":121,"column":2},"end":{"line":121,"column":22}},"63":{"start":{"line":123,"column":2},"end":{"line":123,"column":55}},"64":{"start":{"line":113,"column":13},"end":{"line":113,"column":26}},"65":{"start":{"line":145,"column":28},"end":{"line":155,"column":1}},"66":{"start":{"line":146,"column":17},"end":{"line":146,"column":27}},"67":{"start":{"line":147,"column":17},"end":{"line":147,"column":28}},"68":{"start":{"line":148,"column":17},"end":{"line":148,"column":42}},"69":{"start":{"line":149,"column":2},"end":{"line":149,"column":74}},"70":{"start":{"line":149,"column":15},"end":{"line":149,"column":74}},"71":{"start":{"line":151,"column":2},"end":{"line":151,"column":73}},"72":{"start":{"line":151,"column":46},"end":{"line":151,"column":71}},"73":{"start":{"line":152,"column":2},"end":{"line":152,"column":22}},"74":{"start":{"line":154,"column":2},"end":{"line":154,"column":55}},"75":{"start":{"line":145,"column":13},"end":{"line":145,"column":28}},"76":{"start":{"line":178,"column":30},"end":{"line":190,"column":1}},"77":{"start":{"line":179,"column":17},"end":{"line":179,"column":27}},"78":{"start":{"line":180,"column":17},"end":{"line":180,"column":28}},"79":{"start":{"line":181,"column":17},"end":{"line":181,"column":42}},"80":{"start":{"line":182,"column":2},"end":{"line":182,"column":74}},"81":{"start":{"line":182,"column":15},"end":{"line":182,"column":74}},"82":{"start":{"line":184,"column":23},"end":{"line":184,"column":58}},"83":{"start":{"line":185,"column":2},"end":{"line":186,"column":40}},"84":{"start":{"line":186,"column":4},"end":{"line":186,"column":40}},"85":{"start":{"line":187,"column":2},"end":{"line":187,"column":22}},"86":{"start":{"line":189,"column":2},"end":{"line":189,"column":63}},"87":{"start":{"line":178,"column":13},"end":{"line":178,"column":30}},"88":{"start":{"line":219,"column":32},"end":{"line":231,"column":1}},"89":{"start":{"line":220,"column":17},"end":{"line":220,"column":27}},"90":{"start":{"line":221,"column":17},"end":{"line":221,"column":28}},"91":{"start":{"line":222,"column":17},"end":{"line":222,"column":42}},"92":{"start":{"line":223,"column":2},"end":{"line":223,"column":74}},"93":{"start":{"line":223,"column":15},"end":{"line":223,"column":74}},"94":{"start":{"line":225,"column":2},"end":{"line":227,"column":4}},"95":{"start":{"line":226,"column":13},"end":{"line":226,"column":38}},"96":{"start":{"line":228,"column":2},"end":{"line":228,"column":22}},"97":{"start":{"line":230,"column":2},"end":{"line":230,"column":63}},"98":{"start":{"line":219,"column":13},"end":{"line":219,"column":32}}},"fnMap":{"0":{"name":"(anonymous_1)","decl":{"start":{"line":6,"column":29},"end":{"line":6,"column":34}},"loc":{"start":{"line":6,"column":67},"end":{"line":13,"column":1}}},"1":{"name":"(anonymous_2)","decl":{"start":{"line":15,"column":28},"end":{"line":15,"column":33}},"loc":{"start":{"line":15,"column":66},"end":{"line":47,"column":1}}},"2":{"name":"(anonymous_3)","decl":{"start":{"line":49,"column":29},"end":{"line":49,"column":34}},"loc":{"start":{"line":49,"column":67},"end":{"line":51,"column":1}}},"3":{"name":"(anonymous_4)","decl":{"start":{"line":53,"column":28},"end":{"line":53,"column":33}},"loc":{"start":{"line":53,"column":66},"end":{"line":85,"column":1}}},"4":{"name":"(anonymous_5)","decl":{"start":{"line":87,"column":28},"end":{"line":87,"column":33}},"loc":{"start":{"line":87,"column":66},"end":{"line":109,"column":1}}},"5":{"name":"(anonymous_6)","decl":{"start":{"line":113,"column":26},"end":{"line":113,"column":31}},"loc":{"start":{"line":113,"column":64},"end":{"line":124,"column":1}}},"6":{"name":"(anonymous_7)","decl":{"start":{"line":145,"column":28},"end":{"line":145,"column":33}},"loc":{"start":{"line":145,"column":66},"end":{"line":155,"column":1}}},"7":{"name":"(anonymous_8)","decl":{"start":{"line":151,"column":37},"end":{"line":151,"column":38}},"loc":{"start":{"line":151,"column":46},"end":{"line":151,"column":71}}},"8":{"name":"(anonymous_9)","decl":{"start":{"line":178,"column":30},"end":{"line":178,"column":35}},"loc":{"start":{"line":178,"column":68},"end":{"line":190,"column":1}}},"9":{"name":"(anonymous_10)","decl":{"start":{"line":219,"column":32},"end":{"line":219,"column":37}},"loc":{"start":{"line":219,"column":70},"end":{"line":231,"column":1}}},"10":{"name":"(anonymous_11)","decl":{"start":{"line":226,"column":4},"end":{"line":226,"column":5}},"loc":{"start":{"line":226,"column":13},"end":{"line":226,"column":38}}}},"branchMap":{"0":{"loc":{"start":{"line":58,"column":4},"end":{"line":61,"column":5}},"type":"if","locations":[{"start":{"line":58,"column":4},"end":{"line":61,"column":5}},{"start":{},"end":{}}]},"1":{"loc":{"start":{"line":65,"column":6},"end":{"line":68,"column":7}},"type":"if","locations":[{"start":{"line":65,"column":6},"end":{"line":68,"column":7}},{"start":{},"end":{}}]},"2":{"loc":{"start":{"line":71,"column":4},"end":{"line":75,"column":5}},"type":"if","locations":[{"start":{"line":71,"column":4},"end":{"line":75,"column":5}},{"start":{},"end":{}}]},"3":{"loc":{"start":{"line":93,"column":4},"end":{"line":96,"column":5}},"type":"if","locations":[{"start":{"line":93,"column":4},"end":{"line":96,"column":5}},{"start":{},"end":{}}]},"4":{"loc":{"start":{"line":98,"column":4},"end":{"line":101,"column":5}},"type":"if","locations":[{"start":{"line":98,"column":4},"end":{"line":101,"column":5}},{"start":{},"end":{}}]},"5":{"loc":{"start":{"line":117,"column":2},"end":{"line":117,"column":74}},"type":"if","locations":[{"start":{"line":117,"column":2},"end":{"line":117,"column":74}},{"start":{},"end":{}}]},"6":{"loc":{"start":{"line":120,"column":2},"end":{"line":120,"column":76}},"type":"if","locations":[{"start":{"line":120,"column":2},"end":{"line":120,"column":76}},{"start":{},"end":{}}]},"7":{"loc":{"start":{"line":149,"column":2},"end":{"line":149,"column":74}},"type":"if","locations":[{"start":{"line":149,"column":2},"end":{"line":149,"column":74}},{"start":{},"end":{}}]},"8":{"loc":{"start":{"line":182,"column":2},"end":{"line":182,"column":74}},"type":"if","locations":[{"start":{"line":182,"column":2},"end":{"line":182,"column":74}},{"start":{},"end":{}}]},"9":{"loc":{"start":{"line":185,"column":2},"end":{"line":186,"column":40}},"type":"if","locations":[{"start":{"line":185,"column":2},"end":{"line":186,"column":40}},{"start":{},"end":{}}]},"10":{"loc":{"start":{"line":223,"column":2},"end":{"line":223,"column":74}},"type":"if","locations":[{"start":{"line":223,"column":2},"end":{"line":223,"column":74}},{"start":{},"end":{}}]}},"s":{"0":2,"1":2,"2":2,"3":2,"4":6,"5":6,"6":5,"7":1,"8":2,"9":2,"10":5,"11":5,"12":5,"13":5,"14":4,"15":4,"16":1,"17":2,"18":2,"19":2,"20":2,"21":2,"22":3,"23":3,"24":3,"25":0,"26":0,"27":3,"28":3,"29":3,"30":3,"31":3,"32":3,"33":0,"34":3,"35":3,"36":2,"37":1,"38":2,"39":2,"40":5,"41":5,"42":5,"43":5,"44":1,"45":1,"46":4,"47":1,"48":1,"49":3,"50":2,"51":1,"52":2,"53":2,"54":0,"55":0,"56":0,"57":0,"58":0,"59":0,"60":0,"61":0,"62":0,"63":0,"64":2,"65":2,"66":0,"67":0,"68":0,"69":0,"70":0,"71":0,"72":0,"73":0,"74":0,"75":2,"76":2,"77":0,"78":0,"79":0,"80":0,"81":0,"82":0,"83":0,"84":0,"85":0,"86":0,"87":2,"88":2,"89":0,"90":0,"91":0,"92":0,"93":0,"94":0,"95":0,"96":0,"97":0,"98":2},"f":{"0":6,"1":5,"2":2,"3":3,"4":5,"5":0,"6":0,"7":0,"8":0,"9":0,"10":0},"b":{"0":[0,3],"1":[3,0],"2":[0,3],"3":[1,4],"4":[1,3],"5":[0,0],"6":[0,0],"7":[0,0],"8":[0,0],"9":[0,0],"10":[0,0]}}
,"/Users/alexmedina/Desktop/cookmate/backend/src/handlers/userHandler.ts": {"path":"/Users/alexmedina/Desktop/cookmate/backend/src/handlers/userHandler.ts","statementMap":{"0":{"start":{"line":2,"column":0},"end":{"line":2,"column":34}},"1":{"start":{"line":3,"column":0},"end":{"line":3,"column":24}},"2":{"start":{"line":5,"column":30},"end":{"line":12,"column":1}},"3":{"start":{"line":6,"column":2},"end":{"line":11,"column":5}},"4":{"start":{"line":5,"column":13},"end":{"line":5,"column":30}},"5":{"start":{"line":14,"column":33},"end":{"line":45,"column":1}},"6":{"start":{"line":15,"column":2},"end":{"line":44,"column":3}},"7":{"start":{"line":16,"column":23},"end":{"line":16,"column":33}},"8":{"start":{"line":17,"column":36},"end":{"line":17,"column":44}},"9":{"start":{"line":19,"column":23},"end":{"line":19,"column":39}},"10":{"start":{"line":20,"column":25},"end":{"line":20,"column":67}},"11":{"start":{"line":22,"column":4},"end":{"line":25,"column":5}},"12":{"start":{"line":23,"column":27},"end":{"line":23,"column":61}},"13":{"start":{"line":24,"column":6},"end":{"line":24,"column":67}},"14":{"start":{"line":27,"column":4},"end":{"line":33,"column":5}},"15":{"start":{"line":32,"column":6},"end":{"line":32,"column":68}},"16":{"start":{"line":35,"column":4},"end":{"line":35,"column":48}},"17":{"start":{"line":36,"column":4},"end":{"line":36,"column":52}},"18":{"start":{"line":37,"column":4},"end":{"line":37,"column":55}},"19":{"start":{"line":39,"column":4},"end":{"line":39,"column":31}},"20":{"start":{"line":41,"column":4},"end":{"line":41,"column":62}},"21":{"start":{"line":43,"column":4},"end":{"line":43,"column":61}},"22":{"start":{"line":14,"column":13},"end":{"line":14,"column":33}},"23":{"start":{"line":47,"column":30},"end":{"line":63,"column":1}},"24":{"start":{"line":48,"column":2},"end":{"line":62,"column":3}},"25":{"start":{"line":49,"column":23},"end":{"line":49,"column":33}},"26":{"start":{"line":51,"column":17},"end":{"line":51,"column":64}},"27":{"start":{"line":53,"column":4},"end":{"line":57,"column":5}},"28":{"start":{"line":54,"column":6},"end":{"line":56,"column":70}},"29":{"start":{"line":59,"column":4},"end":{"line":59,"column":39}},"30":{"start":{"line":61,"column":4},"end":{"line":61,"column":61}},"31":{"start":{"line":47,"column":13},"end":{"line":47,"column":30}},"32":{"start":{"line":65,"column":32},"end":{"line":81,"column":1}},"33":{"start":{"line":66,"column":2},"end":{"line":80,"column":3}},"34":{"start":{"line":67,"column":23},"end":{"line":67,"column":33}},"35":{"start":{"line":69,"column":17},"end":{"line":69,"column":66}},"36":{"start":{"line":71,"column":4},"end":{"line":75,"column":5}},"37":{"start":{"line":72,"column":6},"end":{"line":74,"column":70}},"38":{"start":{"line":77,"column":4},"end":{"line":77,"column":41}},"39":{"start":{"line":79,"column":4},"end":{"line":79,"column":61}},"40":{"start":{"line":65,"column":13},"end":{"line":65,"column":32}}},"fnMap":{"0":{"name":"(anonymous_1)","decl":{"start":{"line":5,"column":30},"end":{"line":5,"column":35}},"loc":{"start":{"line":5,"column":68},"end":{"line":12,"column":1}}},"1":{"name":"(anonymous_2)","decl":{"start":{"line":14,"column":33},"end":{"line":14,"column":38}},"loc":{"start":{"line":14,"column":71},"end":{"line":45,"column":1}}},"2":{"name":"(anonymous_3)","decl":{"start":{"line":47,"column":30},"end":{"line":47,"column":35}},"loc":{"start":{"line":47,"column":68},"end":{"line":63,"column":1}}},"3":{"name":"(anonymous_4)","decl":{"start":{"line":65,"column":32},"end":{"line":65,"column":37}},"loc":{"start":{"line":65,"column":70},"end":{"line":81,"column":1}}}},"branchMap":{"0":{"loc":{"start":{"line":22,"column":4},"end":{"line":25,"column":5}},"type":"if","locations":[{"start":{"line":22,"column":4},"end":{"line":25,"column":5}},{"start":{},"end":{}}]},"1":{"loc":{"start":{"line":22,"column":8},"end":{"line":22,"column":62}},"type":"binary-expr","locations":[{"start":{"line":22,"column":8},"end":{"line":22,"column":20}},{"start":{"line":22,"column":24},"end":{"line":22,"column":62}}]},"2":{"loc":{"start":{"line":27,"column":4},"end":{"line":33,"column":5}},"type":"if","locations":[{"start":{"line":27,"column":4},"end":{"line":33,"column":5}},{"start":{},"end":{}}]},"3":{"loc":{"start":{"line":28,"column":6},"end":{"line":30,"column":33}},"type":"binary-expr","locations":[{"start":{"line":28,"column":6},"end":{"line":28,"column":41}},{"start":{"line":29,"column":6},"end":{"line":29,"column":35}},{"start":{"line":30,"column":6},"end":{"line":30,"column":33}}]},"4":{"loc":{"start":{"line":35,"column":27},"end":{"line":35,"column":47}},"type":"binary-expr","locations":[{"start":{"line":35,"column":27},"end":{"line":35,"column":33}},{"start":{"line":35,"column":37},"end":{"line":35,"column":47}}]},"5":{"loc":{"start":{"line":36,"column":25},"end":{"line":36,"column":51}},"type":"binary-expr","locations":[{"start":{"line":36,"column":25},"end":{"line":36,"column":29}},{"start":{"line":36,"column":33},"end":{"line":36,"column":51}}]},"6":{"loc":{"start":{"line":37,"column":26},"end":{"line":37,"column":54}},"type":"binary-expr","locations":[{"start":{"line":37,"column":26},"end":{"line":37,"column":31}},{"start":{"line":37,"column":35},"end":{"line":37,"column":54}}]},"7":{"loc":{"start":{"line":53,"column":4},"end":{"line":57,"column":5}},"type":"if","locations":[{"start":{"line":53,"column":4},"end":{"line":57,"column":5}},{"start":{},"end":{}}]},"8":{"loc":{"start":{"line":71,"column":4},"end":{"line":75,"column":5}},"type":"if","locations":[{"start":{"line":71,"column":4},"end":{"line":75,"column":5}},{"start":{},"end":{}}]}},"s":{"0":2,"1":2,"2":2,"3":2,"4":2,"5":2,"6":3,"7":3,"8":3,"9":3,"10":3,"11":3,"12":0,"13":0,"14":3,"15":0,"16":2,"17":2,"18":2,"19":2,"20":2,"21":1,"22":2,"23":2,"24":3,"25":3,"26":3,"27":2,"28":1,"29":1,"30":1,"31":2,"32":2,"33":0,"34":0,"35":0,"36":0,"37":0,"38":0,"39":0,"40":2},"f":{"0":2,"1":3,"2":3,"3":0},"b":{"0":[0,3],"1":[3,0],"2":[0,2],"3":[3,0,0],"4":[2,0],"5":[2,0],"6":[2,0],"7":[1,1],"8":[0,0]}}
,"/Users/alexmedina/Desktop/cookmate/backend/src/middleware/authenticateJWT.ts": {"path":"/Users/alexmedina/Desktop/cookmate/backend/src/middleware/authenticateJWT.ts","statementMap":{"0":{"start":{"line":2,"column":0},"end":{"line":2,"column":41}},"1":{"start":{"line":4,"column":31},"end":{"line":24,"column":1}},"2":{"start":{"line":9,"column":21},"end":{"line":9,"column":46}},"3":{"start":{"line":11,"column":2},"end":{"line":13,"column":3}},"4":{"start":{"line":12,"column":4},"end":{"line":12,"column":59}},"5":{"start":{"line":15,"column":16},"end":{"line":15,"column":40}},"6":{"start":{"line":17,"column":2},"end":{"line":23,"column":3}},"7":{"start":{"line":18,"column":20},"end":{"line":18,"column":36}},"8":{"start":{"line":19,"column":4},"end":{"line":19,"column":38}},"9":{"start":{"line":20,"column":4},"end":{"line":20,"column":11}},"10":{"start":{"line":22,"column":4},"end":{"line":22,"column":56}},"11":{"start":{"line":4,"column":13},"end":{"line":4,"column":31}}},"fnMap":{"0":{"name":"(anonymous_0)","decl":{"start":{"line":4,"column":31},"end":{"line":4,"column":null}},"loc":{"start":{"line":8,"column":4},"end":{"line":24,"column":1}}}},"branchMap":{"0":{"loc":{"start":{"line":11,"column":2},"end":{"line":13,"column":3}},"type":"if","locations":[{"start":{"line":11,"column":2},"end":{"line":13,"column":3}},{"start":{},"end":{}}]}},"s":{"0":3,"1":3,"2":9,"3":9,"4":3,"5":6,"6":6,"7":6,"8":6,"9":6,"10":0,"11":3},"f":{"0":9},"b":{"0":[3,6]}}
,"/Users/alexmedina/Desktop/cookmate/backend/src/middleware/bodyErrors.ts": {"path":"/Users/alexmedina/Desktop/cookmate/backend/src/middleware/bodyErrors.ts","statementMap":{"0":{"start":{"line":5,"column":0},"end":{"line":5,"column":16}},"1":{"start":{"line":1,"column":0},"end":{"line":1,"column":53}},"2":{"start":{"line":10,"column":17},"end":{"line":10,"column":38}},"3":{"start":{"line":11,"column":2},"end":{"line":13,"column":3}},"4":{"start":{"line":12,"column":4},"end":{"line":12,"column":60}},"5":{"start":{"line":14,"column":2},"end":{"line":14,"column":9}}},"fnMap":{"0":{"name":"handleBodyErrors","decl":{"start":{"line":5,"column":16},"end":{"line":5,"column":32}},"loc":{"start":{"line":8,"column":20},"end":{"line":15,"column":1}}}},"branchMap":{"0":{"loc":{"start":{"line":11,"column":2},"end":{"line":13,"column":3}},"type":"if","locations":[{"start":{"line":11,"column":2},"end":{"line":13,"column":3}},{"start":{},"end":{}}]}},"s":{"0":3,"1":3,"2":24,"3":24,"4":11,"5":13},"f":{"0":24},"b":{"0":[11,13]}}
,"/Users/alexmedina/Desktop/cookmate/backend/src/middleware/comment.ts": {"path":"/Users/alexmedina/Desktop/cookmate/backend/src/middleware/comment.ts","statementMap":{"0":{"start":{"line":2,"column":0},"end":{"line":2,"column":42}},"1":{"start":{"line":4,"column":37},"end":{"line":11,"column":1}},"2":{"start":{"line":9,"column":2},"end":{"line":9,"column":80}},"3":{"start":{"line":10,"column":2},"end":{"line":10,"column":9}},"4":{"start":{"line":4,"column":13},"end":{"line":4,"column":37}},"5":{"start":{"line":13,"column":38},"end":{"line":23,"column":1}},"6":{"start":{"line":18,"column":2},"end":{"line":21,"column":14}},"7":{"start":{"line":22,"column":2},"end":{"line":22,"column":9}},"8":{"start":{"line":13,"column":13},"end":{"line":13,"column":38}}},"fnMap":{"0":{"name":"(anonymous_0)","decl":{"start":{"line":4,"column":37},"end":{"line":4,"column":42}},"loc":{"start":{"line":8,"column":4},"end":{"line":11,"column":1}}},"1":{"name":"(anonymous_1)","decl":{"start":{"line":13,"column":38},"end":{"line":13,"column":43}},"loc":{"start":{"line":17,"column":4},"end":{"line":23,"column":1}}}},"branchMap":{},"s":{"0":1,"1":1,"2":0,"3":0,"4":1,"5":1,"6":0,"7":0,"8":1},"f":{"0":0,"1":0},"b":{}}
,"/Users/alexmedina/Desktop/cookmate/backend/src/middleware/recipe.ts": {"path":"/Users/alexmedina/Desktop/cookmate/backend/src/middleware/recipe.ts","statementMap":{"0":{"start":{"line":2,"column":0},"end":{"line":2,"column":48}},"1":{"start":{"line":3,"column":0},"end":{"line":3,"column":51}},"2":{"start":{"line":13,"column":34},"end":{"line":44,"column":1}},"3":{"start":{"line":18,"column":2},"end":{"line":22,"column":14}},"4":{"start":{"line":23,"column":2},"end":{"line":27,"column":14}},"5":{"start":{"line":28,"column":2},"end":{"line":31,"column":14}},"6":{"start":{"line":32,"column":2},"end":{"line":35,"column":14}},"7":{"start":{"line":36,"column":2},"end":{"line":40,"column":14}},"8":{"start":{"line":41,"column":2},"end":{"line":41,"column":77}},"9":{"start":{"line":43,"column":2},"end":{"line":43,"column":9}},"10":{"start":{"line":13,"column":13},"end":{"line":13,"column":34}},"11":{"start":{"line":46,"column":31},"end":{"line":53,"column":1}},"12":{"start":{"line":51,"column":2},"end":{"line":51,"column":80}},"13":{"start":{"line":52,"column":2},"end":{"line":52,"column":9}},"14":{"start":{"line":46,"column":13},"end":{"line":46,"column":31}},"15":{"start":{"line":55,"column":30},"end":{"line":76,"column":1}},"16":{"start":{"line":60,"column":2},"end":{"line":75,"column":3}},"17":{"start":{"line":61,"column":25},"end":{"line":61,"column":35}},"18":{"start":{"line":63,"column":19},"end":{"line":63,"column":50}},"19":{"start":{"line":65,"column":4},"end":{"line":68,"column":5}},"20":{"start":{"line":66,"column":27},"end":{"line":66,"column":56}},"21":{"start":{"line":67,"column":6},"end":{"line":67,"column":67}},"22":{"start":{"line":70,"column":4},"end":{"line":70,"column":24}},"23":{"start":{"line":72,"column":4},"end":{"line":72,"column":11}},"24":{"start":{"line":74,"column":4},"end":{"line":74,"column":61}},"25":{"start":{"line":55,"column":13},"end":{"line":55,"column":30}}},"fnMap":{"0":{"name":"(anonymous_1)","decl":{"start":{"line":13,"column":34},"end":{"line":13,"column":39}},"loc":{"start":{"line":17,"column":4},"end":{"line":44,"column":1}}},"1":{"name":"(anonymous_2)","decl":{"start":{"line":46,"column":31},"end":{"line":46,"column":36}},"loc":{"start":{"line":50,"column":4},"end":{"line":53,"column":1}}},"2":{"name":"(anonymous_3)","decl":{"start":{"line":55,"column":30},"end":{"line":55,"column":35}},"loc":{"start":{"line":59,"column":4},"end":{"line":76,"column":1}}}},"branchMap":{"0":{"loc":{"start":{"line":65,"column":4},"end":{"line":68,"column":5}},"type":"if","locations":[{"start":{"line":65,"column":4},"end":{"line":68,"column":5}},{"start":{},"end":{}}]}},"s":{"0":2,"1":2,"2":2,"3":4,"4":4,"5":4,"6":4,"7":4,"8":4,"9":4,"10":2,"11":2,"12":3,"13":3,"14":2,"15":2,"16":3,"17":3,"18":3,"19":3,"20":1,"21":1,"22":2,"23":2,"24":0,"25":2},"f":{"0":4,"1":3,"2":3},"b":{"0":[1,2]}}
,"/Users/alexmedina/Desktop/cookmate/backend/src/middleware/user.ts": {"path":"/Users/alexmedina/Desktop/cookmate/backend/src/middleware/user.ts","statementMap":{"0":{"start":{"line":3,"column":0},"end":{"line":3,"column":48}},"1":{"start":{"line":4,"column":0},"end":{"line":4,"column":45}},"2":{"start":{"line":19,"column":35},"end":{"line":29,"column":1}},"3":{"start":{"line":24,"column":2},"end":{"line":27,"column":14}},"4":{"start":{"line":28,"column":2},"end":{"line":28,"column":9}},"5":{"start":{"line":19,"column":13},"end":{"line":19,"column":35}},"6":{"start":{"line":31,"column":28},"end":{"line":52,"column":1}},"7":{"start":{"line":36,"column":2},"end":{"line":51,"column":3}},"8":{"start":{"line":37,"column":23},"end":{"line":37,"column":33}},"9":{"start":{"line":39,"column":17},"end":{"line":39,"column":44}},"10":{"start":{"line":41,"column":4},"end":{"line":44,"column":5}},"11":{"start":{"line":42,"column":27},"end":{"line":42,"column":54}},"12":{"start":{"line":43,"column":6},"end":{"line":43,"column":67}},"13":{"start":{"line":46,"column":4},"end":{"line":46,"column":25}},"14":{"start":{"line":48,"column":4},"end":{"line":48,"column":11}},"15":{"start":{"line":50,"column":4},"end":{"line":50,"column":61}},"16":{"start":{"line":31,"column":13},"end":{"line":31,"column":28}},"17":{"start":{"line":54,"column":27},"end":{"line":73,"column":1}},"18":{"start":{"line":59,"column":2},"end":{"line":72,"column":3}},"19":{"start":{"line":60,"column":22},"end":{"line":60,"column":30}},"20":{"start":{"line":62,"column":17},"end":{"line":62,"column":46}},"21":{"start":{"line":64,"column":4},"end":{"line":67,"column":5}},"22":{"start":{"line":65,"column":27},"end":{"line":65,"column":60}},"23":{"start":{"line":66,"column":6},"end":{"line":66,"column":67}},"24":{"start":{"line":69,"column":4},"end":{"line":69,"column":11}},"25":{"start":{"line":71,"column":4},"end":{"line":71,"column":61}},"26":{"start":{"line":54,"column":13},"end":{"line":54,"column":27}},"27":{"start":{"line":75,"column":32},"end":{"line":101,"column":1}},"28":{"start":{"line":80,"column":2},"end":{"line":100,"column":3}},"29":{"start":{"line":81,"column":22},"end":{"line":81,"column":30}},"30":{"start":{"line":83,"column":4},"end":{"line":86,"column":5}},"31":{"start":{"line":84,"column":27},"end":{"line":84,"column":57}},"32":{"start":{"line":85,"column":6},"end":{"line":85,"column":67}},"33":{"start":{"line":88,"column":17},"end":{"line":88,"column":46}},"34":{"start":{"line":90,"column":4},"end":{"line":93,"column":5}},"35":{"start":{"line":91,"column":27},"end":{"line":91,"column":54}},"36":{"start":{"line":92,"column":6},"end":{"line":92,"column":67}},"37":{"start":{"line":95,"column":4},"end":{"line":95,"column":25}},"38":{"start":{"line":97,"column":4},"end":{"line":97,"column":11}},"39":{"start":{"line":99,"column":4},"end":{"line":99,"column":61}},"40":{"start":{"line":75,"column":13},"end":{"line":75,"column":32}},"41":{"start":{"line":103,"column":28},"end":{"line":127,"column":1}},"42":{"start":{"line":108,"column":2},"end":{"line":108,"column":77}},"43":{"start":{"line":109,"column":2},"end":{"line":109,"column":73}},"44":{"start":{"line":110,"column":2},"end":{"line":110,"column":80}},"45":{"start":{"line":111,"column":2},"end":{"line":114,"column":14}},"46":{"start":{"line":115,"column":2},"end":{"line":124,"column":14}},"47":{"start":{"line":119,"column":6},"end":{"line":121,"column":7}},"48":{"start":{"line":120,"column":8},"end":{"line":120,"column":50}},"49":{"start":{"line":122,"column":6},"end":{"line":122,"column":18}},"50":{"start":{"line":126,"column":2},"end":{"line":126,"column":9}},"51":{"start":{"line":103,"column":13},"end":{"line":103,"column":28}}},"fnMap":{"0":{"name":"(anonymous_1)","decl":{"start":{"line":19,"column":35},"end":{"line":19,"column":40}},"loc":{"start":{"line":23,"column":4},"end":{"line":29,"column":1}}},"1":{"name":"(anonymous_2)","decl":{"start":{"line":31,"column":28},"end":{"line":31,"column":33}},"loc":{"start":{"line":35,"column":4},"end":{"line":52,"column":1}}},"2":{"name":"(anonymous_3)","decl":{"start":{"line":54,"column":27},"end":{"line":54,"column":32}},"loc":{"start":{"line":58,"column":4},"end":{"line":73,"column":1}}},"3":{"name":"(anonymous_4)","decl":{"start":{"line":75,"column":32},"end":{"line":75,"column":37}},"loc":{"start":{"line":79,"column":4},"end":{"line":101,"column":1}}},"4":{"name":"(anonymous_5)","decl":{"start":{"line":103,"column":28},"end":{"line":103,"column":33}},"loc":{"start":{"line":107,"column":4},"end":{"line":127,"column":1}}},"5":{"name":"(anonymous_6)","decl":{"start":{"line":118,"column":12},"end":{"line":118,"column":13}},"loc":{"start":{"line":118,"column":31},"end":{"line":123,"column":5}}}},"branchMap":{"0":{"loc":{"start":{"line":41,"column":4},"end":{"line":44,"column":5}},"type":"if","locations":[{"start":{"line":41,"column":4},"end":{"line":44,"column":5}},{"start":{},"end":{}}]},"1":{"loc":{"start":{"line":64,"column":4},"end":{"line":67,"column":5}},"type":"if","locations":[{"start":{"line":64,"column":4},"end":{"line":67,"column":5}},{"start":{},"end":{}}]},"2":{"loc":{"start":{"line":64,"column":8},"end":{"line":64,"column":51}},"type":"binary-expr","locations":[{"start":{"line":64,"column":8},"end":{"line":64,"column":12}},{"start":{"line":64,"column":16},"end":{"line":64,"column":51}}]},"3":{"loc":{"start":{"line":83,"column":4},"end":{"line":86,"column":5}},"type":"if","locations":[{"start":{"line":83,"column":4},"end":{"line":86,"column":5}},{"start":{},"end":{}}]},"4":{"loc":{"start":{"line":90,"column":4},"end":{"line":93,"column":5}},"type":"if","locations":[{"start":{"line":90,"column":4},"end":{"line":93,"column":5}},{"start":{},"end":{}}]},"5":{"loc":{"start":{"line":119,"column":6},"end":{"line":121,"column":7}},"type":"if","locations":[{"start":{"line":119,"column":6},"end":{"line":121,"column":7}},{"start":{},"end":{}}]}},"s":{"0":3,"1":3,"2":3,"3":4,"4":4,"5":3,"6":3,"7":10,"8":10,"9":10,"10":9,"11":4,"12":4,"13":5,"14":5,"15":1,"16":3,"17":3,"18":10,"19":10,"20":10,"21":10,"22":2,"23":2,"24":8,"25":0,"26":3,"27":3,"28":8,"29":8,"30":8,"31":1,"32":1,"33":7,"34":7,"35":3,"36":3,"37":4,"38":4,"39":0,"40":3,"41":3,"42":11,"43":11,"44":11,"45":11,"46":11,"47":11,"48":2,"49":9,"50":11,"51":3},"f":{"0":4,"1":10,"2":10,"3":8,"4":11,"5":11},"b":{"0":[4,5],"1":[2,8],"2":[10,2],"3":[1,7],"4":[3,4],"5":[2,9]}}
,"/Users/alexmedina/Desktop/cookmate/backend/src/models/Comment.ts": {"path":"/Users/alexmedina/Desktop/cookmate/backend/src/models/Comment.ts","statementMap":{"0":{"start":{"line":1,"column":0},"end":{"line":1,"column":32}},"1":{"start":{"line":9,"column":22},"end":{"line":25,"column":2}},"2":{"start":{"line":27,"column":16},"end":{"line":27,"column":66}},"3":{"start":{"line":29,"column":0},"end":{"line":29,"column":23}}},"fnMap":{},"branchMap":{},"s":{"0":1,"1":1,"2":1,"3":1},"f":{},"b":{}}
,"/Users/alexmedina/Desktop/cookmate/backend/src/models/Recipe.ts": {"path":"/Users/alexmedina/Desktop/cookmate/backend/src/models/Recipe.ts","statementMap":{"0":{"start":{"line":1,"column":0},"end":{"line":1,"column":32}},"1":{"start":{"line":15,"column":21},"end":{"line":62,"column":2}},"2":{"start":{"line":64,"column":15},"end":{"line":64,"column":62}},"3":{"start":{"line":65,"column":0},"end":{"line":65,"column":22}}},"fnMap":{},"branchMap":{},"s":{"0":1,"1":1,"2":1,"3":1},"f":{},"b":{}}
,"/Users/alexmedina/Desktop/cookmate/backend/src/models/User.ts": {"path":"/Users/alexmedina/Desktop/cookmate/backend/src/models/User.ts","statementMap":{"0":{"start":{"line":1,"column":0},"end":{"line":1,"column":43}},"1":{"start":{"line":15,"column":19},"end":{"line":49,"column":2}},"2":{"start":{"line":51,"column":13},"end":{"line":51,"column":54}},"3":{"start":{"line":52,"column":0},"end":{"line":52,"column":20}}},"fnMap":{},"branchMap":{},"s":{"0":1,"1":1,"2":1,"3":1},"f":{},"b":{}}
,"/Users/alexmedina/Desktop/cookmate/backend/src/routes/authRouter.ts": {"path":"/Users/alexmedina/Desktop/cookmate/backend/src/routes/authRouter.ts","statementMap":{"0":{"start":{"line":1,"column":0},"end":{"line":1,"column":33}},"1":{"start":{"line":2,"column":0},"end":{"line":2,"column":63}},"2":{"start":{"line":3,"column":0},"end":{"line":3,"column":41}},"3":{"start":{"line":4,"column":0},"end":{"line":4,"column":60}},"4":{"start":{"line":5,"column":0},"end":{"line":5,"column":null}},"5":{"start":{"line":11,"column":15},"end":{"line":11,"column":23}},"6":{"start":{"line":95,"column":0},"end":{"line":101,"column":2}},"7":{"start":{"line":161,"column":0},"end":{"line":168,"column":2}},"8":{"start":{"line":170,"column":0},"end":{"line":170,"column":22}}},"fnMap":{},"branchMap":{},"s":{"0":1,"1":1,"2":1,"3":1,"4":1,"5":1,"6":1,"7":1,"8":1},"f":{},"b":{}}
,"/Users/alexmedina/Desktop/cookmate/backend/src/routes/commentRouter.ts": {"path":"/Users/alexmedina/Desktop/cookmate/backend/src/routes/commentRouter.ts","statementMap":{"0":{"start":{"line":1,"column":0},"end":{"line":1,"column":33}},"1":{"start":{"line":2,"column":0},"end":{"line":2,"column":null}},"2":{"start":{"line":7,"column":0},"end":{"line":7,"column":41}},"3":{"start":{"line":8,"column":0},"end":{"line":8,"column":64}},"4":{"start":{"line":9,"column":0},"end":{"line":9,"column":null}},"5":{"start":{"line":13,"column":0},"end":{"line":13,"column":60}},"6":{"start":{"line":15,"column":15},"end":{"line":15,"column":23}},"7":{"start":{"line":74,"column":0},"end":{"line":79,"column":2}},"8":{"start":{"line":125,"column":0},"end":{"line":132,"column":2}},"9":{"start":{"line":174,"column":0},"end":{"line":181,"column":2}},"10":{"start":{"line":183,"column":0},"end":{"line":183,"column":22}}},"fnMap":{},"branchMap":{},"s":{"0":1,"1":1,"2":1,"3":1,"4":1,"5":1,"6":1,"7":1,"8":1,"9":1,"10":1},"f":{},"b":{}}
,"/Users/alexmedina/Desktop/cookmate/backend/src/routes/recipieRouter.ts": {"path":"/Users/alexmedina/Desktop/cookmate/backend/src/routes/recipieRouter.ts","statementMap":{"0":{"start":{"line":1,"column":0},"end":{"line":1,"column":33}},"1":{"start":{"line":2,"column":0},"end":{"line":2,"column":null}},"2":{"start":{"line":14,"column":0},"end":{"line":14,"column":60}},"3":{"start":{"line":15,"column":0},"end":{"line":15,"column":64}},"4":{"start":{"line":16,"column":0},"end":{"line":16,"column":null}},"5":{"start":{"line":22,"column":15},"end":{"line":22,"column":23}},"6":{"start":{"line":25,"column":0},"end":{"line":25,"column":42}},"7":{"start":{"line":26,"column":0},"end":{"line":26,"column":43}},"8":{"start":{"line":108,"column":0},"end":{"line":108,"column":38}},"9":{"start":{"line":166,"column":0},"end":{"line":172,"column":2}},"10":{"start":{"line":203,"column":0},"end":{"line":203,"column":64}},"11":{"start":{"line":273,"column":0},"end":{"line":279,"column":2}},"12":{"start":{"line":312,"column":0},"end":{"line":312,"column":67}},"13":{"start":{"line":316,"column":0},"end":{"line":321,"column":2}},"14":{"start":{"line":322,"column":0},"end":{"line":327,"column":2}},"15":{"start":{"line":328,"column":0},"end":{"line":333,"column":2}},"16":{"start":{"line":334,"column":0},"end":{"line":339,"column":2}},"17":{"start":{"line":341,"column":0},"end":{"line":341,"column":22}}},"fnMap":{},"branchMap":{},"s":{"0":1,"1":1,"2":1,"3":1,"4":1,"5":1,"6":1,"7":1,"8":1,"9":1,"10":1,"11":1,"12":1,"13":1,"14":1,"15":1,"16":1,"17":1},"f":{},"b":{}}
,"/Users/alexmedina/Desktop/cookmate/backend/src/routes/userRouter.ts": {"path":"/Users/alexmedina/Desktop/cookmate/backend/src/routes/userRouter.ts","statementMap":{"0":{"start":{"line":1,"column":0},"end":{"line":1,"column":48}},"1":{"start":{"line":2,"column":0},"end":{"line":2,"column":33}},"2":{"start":{"line":3,"column":0},"end":{"line":3,"column":60}},"3":{"start":{"line":4,"column":0},"end":{"line":4,"column":null}},"4":{"start":{"line":10,"column":0},"end":{"line":10,"column":64}},"5":{"start":{"line":11,"column":0},"end":{"line":11,"column":null}},"6":{"start":{"line":17,"column":15},"end":{"line":17,"column":23}},"7":{"start":{"line":19,"column":0},"end":{"line":19,"column":44}},"8":{"start":{"line":20,"column":0},"end":{"line":20,"column":37}},"9":{"start":{"line":76,"column":0},"end":{"line":76,"column":44}},"10":{"start":{"line":140,"column":0},"end":{"line":149,"column":2}},"11":{"start":{"line":239,"column":0},"end":{"line":239,"column":52}},"12":{"start":{"line":241,"column":0},"end":{"line":241,"column":56}},"13":{"start":{"line":243,"column":0},"end":{"line":243,"column":22}}},"fnMap":{},"branchMap":{},"s":{"0":1,"1":1,"2":1,"3":1,"4":1,"5":1,"6":1,"7":1,"8":1,"9":1,"10":1,"11":1,"12":1,"13":1},"f":{},"b":{}}
,"/Users/alexmedina/Desktop/cookmate/backend/src/tests/mocks/comment.ts": {"path":"/Users/alexmedina/Desktop/cookmate/backend/src/tests/mocks/comment.ts","statementMap":{"0":{"start":{"line":1,"column":13},"end":{"line":11,"column":2}}},"fnMap":{},"branchMap":{},"s":{"0":1},"f":{},"b":{}}
,"/Users/alexmedina/Desktop/cookmate/backend/src/tests/mocks/recipe.ts": {"path":"/Users/alexmedina/Desktop/cookmate/backend/src/tests/mocks/recipe.ts","statementMap":{"0":{"start":{"line":1,"column":0},"end":{"line":1,"column":33}},"1":{"start":{"line":3,"column":13},"end":{"line":50,"column":2}}},"fnMap":{},"branchMap":{},"s":{"0":2,"1":2},"f":{},"b":{}}
,"/Users/alexmedina/Desktop/cookmate/backend/src/tests/mocks/user.ts": {"path":"/Users/alexmedina/Desktop/cookmate/backend/src/tests/mocks/user.ts","statementMap":{"0":{"start":{"line":1,"column":0},"end":{"line":1,"column":33}},"1":{"start":{"line":3,"column":13},"end":{"line":11,"column":2}}},"fnMap":{},"branchMap":{},"s":{"0":2,"1":2},"f":{},"b":{}}
,"/Users/alexmedina/Desktop/cookmate/backend/src/utils/auth.ts": {"path":"/Users/alexmedina/Desktop/cookmate/backend/src/utils/auth.ts","statementMap":{"0":{"start":{"line":1,"column":0},"end":{"line":1,"column":28}},"1":{"start":{"line":3,"column":28},"end":{"line":6,"column":1}},"2":{"start":{"line":4,"column":15},"end":{"line":4,"column":39}},"3":{"start":{"line":5,"column":2},"end":{"line":5,"column":43}},"4":{"start":{"line":3,"column":13},"end":{"line":3,"column":28}},"5":{"start":{"line":8,"column":31},"end":{"line":13,"column":1}},"6":{"start":{"line":12,"column":2},"end":{"line":12,"column":56}},"7":{"start":{"line":8,"column":13},"end":{"line":8,"column":31}}},"fnMap":{"0":{"name":"(anonymous_1)","decl":{"start":{"line":3,"column":28},"end":{"line":3,"column":33}},"loc":{"start":{"line":3,"column":55},"end":{"line":6,"column":1}}},"1":{"name":"(anonymous_2)","decl":{"start":{"line":8,"column":31},"end":{"line":8,"column":36}},"loc":{"start":{"line":11,"column":4},"end":{"line":13,"column":1}}}},"branchMap":{},"s":{"0":1,"1":1,"2":2,"3":2,"4":1,"5":1,"6":2,"7":1},"f":{"0":2,"1":2},"b":{}}
,"/Users/alexmedina/Desktop/cookmate/backend/src/utils/jwt.ts": {"path":"/Users/alexmedina/Desktop/cookmate/backend/src/utils/jwt.ts","statementMap":{"0":{"start":{"line":1,"column":0},"end":{"line":1,"column":47}},"1":{"start":{"line":3,"column":28},"end":{"line":8,"column":1}},"2":{"start":{"line":4,"column":16},"end":{"line":6,"column":4}},"3":{"start":{"line":7,"column":2},"end":{"line":7,"column":15}},"4":{"start":{"line":3,"column":13},"end":{"line":3,"column":28}},"5":{"start":{"line":11,"column":25},"end":{"line":13,"column":1}},"6":{"start":{"line":12,"column":2},"end":{"line":12,"column":61}},"7":{"start":{"line":11,"column":13},"end":{"line":11,"column":25}}},"fnMap":{"0":{"name":"(anonymous_1)","decl":{"start":{"line":3,"column":28},"end":{"line":3,"column":29}},"loc":{"start":{"line":3,"column":52},"end":{"line":8,"column":1}}},"1":{"name":"(anonymous_2)","decl":{"start":{"line":11,"column":25},"end":{"line":11,"column":26}},"loc":{"start":{"line":11,"column":64},"end":{"line":13,"column":1}}}},"branchMap":{},"s":{"0":3,"1":3,"2":2,"3":2,"4":3,"5":3,"6":6,"7":3},"f":{"0":2,"1":6},"b":{}}
}
