TN:
SF:dist/server.js
FN:2,(anonymous_0)
FN:6,(anonymous_1)
FN:9,(anonymous_2)
FN:13,(anonymous_3)
FN:15,(anonymous_4)
FN:18,(anonymous_5)
FN:19,(anonymous_6)
FN:20,(anonymous_7)
FN:27,(anonymous_8)
FN:35,(anonymous_9)
FN:59,(anonymous_10)
FNF:11
FNH:3
FNDA:0,(anonymous_0)
FNDA:0,(anonymous_1)
FNDA:0,(anonymous_2)
FNDA:0,(anonymous_3)
FNDA:0,(anonymous_4)
FNDA:1,(anonymous_5)
FNDA:0,(anonymous_6)
FNDA:0,(anonymous_7)
FNDA:1,(anonymous_8)
FNDA:6,(anonymous_9)
FNDA:0,(anonymous_10)
DA:2,1
DA:3,0
DA:4,0
DA:5,0
DA:6,0
DA:8,0
DA:10,0
DA:11,0
DA:13,1
DA:14,0
DA:16,0
DA:18,1
DA:19,1
DA:20,0
DA:21,0
DA:22,0
DA:23,0
DA:25,0
DA:27,1
DA:28,1
DA:29,0
DA:30,0
DA:31,0
DA:32,0
DA:35,1
DA:36,6
DA:38,1
DA:39,1
DA:40,1
DA:41,1
DA:42,1
DA:43,1
DA:44,1
DA:45,1
DA:46,1
DA:47,1
DA:48,1
DA:50,1
DA:51,1
DA:53,1
DA:54,1
DA:55,1
DA:56,1
DA:58,1
DA:59,1
DA:60,0
DA:62,1
LF:47
LH:28
BRDA:2,0,0,1
BRDA:2,0,1,1
BRDA:2,0,2,1
BRDA:2,1,0,1
BRDA:2,1,1,0
BRDA:3,2,0,0
BRDA:3,2,1,0
BRDA:5,3,0,0
BRDA:5,3,1,0
BRDA:5,4,0,0
BRDA:5,4,1,0
BRDA:5,5,0,0
BRDA:5,5,1,0
BRDA:5,6,0,0
BRDA:5,6,1,0
BRDA:10,7,0,0
BRDA:10,7,1,0
BRDA:13,8,0,1
BRDA:13,8,1,1
BRDA:13,8,2,1
BRDA:13,9,0,1
BRDA:13,9,1,0
BRDA:18,10,0,1
BRDA:18,10,1,1
BRDA:18,10,2,1
BRDA:20,11,0,0
BRDA:20,11,1,0
BRDA:22,12,0,0
BRDA:22,12,1,0
BRDA:28,13,0,1
BRDA:28,13,1,0
BRDA:28,14,0,1
BRDA:28,14,1,1
BRDA:30,15,0,0
BRDA:30,15,1,0
BRDA:30,16,0,0
BRDA:30,16,1,0
BRDA:35,17,0,1
BRDA:35,17,1,1
BRDA:35,17,2,1
BRDA:36,18,0,4
BRDA:36,18,1,2
BRDA:36,19,0,6
BRDA:36,19,1,6
BRF:44
BRH:21
end_of_record
TN:
SF:dist/config/db.js
FN:2,(anonymous_0)
FN:9,(anonymous_1)
FNF:2
FNH:2
FNDA:2,(anonymous_0)
FNDA:1,(anonymous_1)
DA:2,1
DA:3,2
DA:5,1
DA:6,1
DA:7,1
DA:8,1
DA:9,1
DA:10,1
DA:11,1
DA:12,1
DA:13,1
DA:16,0
DA:17,0
DA:20,1
LF:14
LH:12
BRDA:2,0,0,1
BRDA:2,0,1,1
BRDA:2,0,2,1
BRDA:3,1,0,0
BRDA:3,1,1,2
BRDA:3,2,0,2
BRDA:3,2,1,2
BRF:7
BRH:6
end_of_record
TN:
SF:dist/config/swagger.js
FN:2,(anonymous_0)
FNF:1
FNH:1
FNDA:1,(anonymous_0)
DA:2,1
DA:3,1
DA:5,1
DA:6,1
DA:7,1
DA:8,1
DA:37,1
DA:38,1
DA:49,1
DA:50,1
LF:10
LH:10
BRDA:2,0,0,1
BRDA:2,0,1,1
BRDA:2,0,2,1
BRDA:3,1,0,0
BRDA:3,1,1,1
BRDA:3,2,0,1
BRDA:3,2,1,1
BRF:7
BRH:6
end_of_record
TN:
SF:dist/handlers/authHandler.js
FN:2,(anonymous_0)
FN:11,(anonymous_1)
FN:35,(anonymous_2)
FNF:3
FNH:3
FNDA:4,(anonymous_0)
FNDA:6,(anonymous_1)
FNDA:5,(anonymous_2)
DA:2,2
DA:3,4
DA:5,2
DA:6,2
DA:7,2
DA:8,2
DA:9,2
DA:10,2
DA:11,2
DA:12,6
DA:13,6
DA:14,6
DA:15,6
DA:16,5
DA:17,2
DA:18,2
DA:20,3
DA:21,0
DA:22,0
DA:24,3
DA:25,3
DA:26,3
DA:27,3
DA:28,3
DA:31,1
DA:34,2
DA:35,2
DA:36,5
DA:37,5
DA:38,5
DA:39,0
DA:40,0
DA:42,5
DA:43,4
DA:44,1
DA:45,1
DA:47,3
DA:52,3
DA:55,1
DA:58,2
LF:40
LH:36
BRDA:2,0,0,2
BRDA:2,0,1,2
BRDA:2,0,2,2
BRDA:3,1,0,1
BRDA:3,1,1,3
BRDA:3,2,0,4
BRDA:3,2,1,4
BRDA:16,3,0,2
BRDA:16,3,1,3
BRDA:20,4,0,0
BRDA:20,4,1,3
BRDA:38,5,0,0
BRDA:38,5,1,5
BRDA:43,6,0,1
BRDA:43,6,1,3
BRF:15
BRH:13
end_of_record
TN:
SF:dist/handlers/commentHandler.js
FN:2,(anonymous_0)
FN:8,(anonymous_1)
FN:21,(anonymous_2)
FN:38,(anonymous_3)
FNF:4
FNH:4
FNDA:2,(anonymous_0)
FNDA:2,(anonymous_1)
FNDA:2,(anonymous_2)
FNDA:5,(anonymous_3)
DA:2,2
DA:3,2
DA:5,2
DA:6,2
DA:7,2
DA:8,2
DA:9,2
DA:10,2
DA:11,2
DA:14,1
DA:17,1
DA:20,2
DA:21,2
DA:22,2
DA:23,2
DA:24,2
DA:25,2
DA:30,2
DA:31,1
DA:34,1
DA:37,2
DA:38,2
DA:39,5
DA:40,5
DA:41,5
DA:42,4
DA:43,1
DA:44,1
DA:47,3
DA:48,1
DA:49,1
DA:52,2
DA:53,1
DA:54,1
DA:56,1
DA:57,1
DA:60,1
DA:63,2
LF:38
LH:38
BRDA:2,0,0,2
BRDA:2,0,1,2
BRDA:2,0,2,2
BRDA:3,1,0,1
BRDA:3,1,1,1
BRDA:3,2,0,2
BRDA:3,2,1,2
BRDA:42,3,0,1
BRDA:42,3,1,3
BRDA:47,4,0,1
BRDA:47,4,1,2
BRDA:52,5,0,1
BRDA:52,5,1,1
BRF:13
BRH:13
end_of_record
TN:
SF:dist/handlers/recipeHandler.js
FN:2,(anonymous_0)
FN:10,(anonymous_1)
FN:20,(anonymous_2)
FN:43,(anonymous_3)
FN:47,(anonymous_4)
FN:76,(anonymous_5)
FN:97,(anonymous_6)
FN:125,(anonymous_7)
FN:131,(anonymous_8)
FN:153,(anonymous_9)
FN:187,(anonymous_10)
FN:193,(anonymous_11)
FNF:12
FNH:6
FNDA:6,(anonymous_0)
FNDA:4,(anonymous_1)
FNDA:3,(anonymous_2)
FNDA:1,(anonymous_3)
FNDA:1,(anonymous_4)
FNDA:1,(anonymous_5)
FNDA:0,(anonymous_6)
FNDA:0,(anonymous_7)
FNDA:0,(anonymous_8)
FNDA:0,(anonymous_9)
FNDA:0,(anonymous_10)
FNDA:0,(anonymous_11)
DA:2,2
DA:3,6
DA:5,2
DA:6,2
DA:7,2
DA:8,2
DA:9,2
DA:10,2
DA:11,4
DA:12,4
DA:13,4
DA:16,0
DA:19,2
DA:20,2
DA:21,3
DA:22,3
DA:23,3
DA:32,3
DA:33,3
DA:36,3
DA:39,0
DA:42,2
DA:43,2
DA:44,1
DA:46,2
DA:47,2
DA:48,1
DA:49,1
DA:51,1
DA:52,0
DA:53,0
DA:55,1
DA:56,1
DA:57,1
DA:58,1
DA:59,1
DA:62,1
DA:63,0
DA:67,1
DA:68,1
DA:69,1
DA:72,0
DA:75,2
DA:76,2
DA:77,1
DA:78,1
DA:79,1
DA:80,1
DA:81,0
DA:82,0
DA:84,1
DA:85,0
DA:86,0
DA:88,1
DA:89,1
DA:92,0
DA:95,2
DA:97,2
DA:98,0
DA:99,0
DA:100,0
DA:101,0
DA:102,0
DA:103,0
DA:104,0
DA:105,0
DA:106,0
DA:107,0
DA:109,2
DA:125,2
DA:126,0
DA:127,0
DA:128,0
DA:129,0
DA:130,0
DA:131,0
DA:132,0
DA:133,0
DA:135,2
DA:153,2
DA:154,0
DA:155,0
DA:156,0
DA:157,0
DA:158,0
DA:159,0
DA:160,0
DA:161,0
DA:162,0
DA:163,0
DA:165,2
DA:187,2
DA:188,0
DA:189,0
DA:190,0
DA:191,0
DA:192,0
DA:193,0
DA:194,0
DA:195,0
DA:197,2
LF:101
LH:54
BRDA:2,0,0,2
BRDA:2,0,1,2
BRDA:2,0,2,2
BRDA:3,1,0,4
BRDA:3,1,1,2
BRDA:3,2,0,6
BRDA:3,2,1,6
BRDA:51,3,0,0
BRDA:51,3,1,1
BRDA:57,4,0,1
BRDA:57,4,1,0
BRDA:62,5,0,0
BRDA:62,5,1,1
BRDA:80,6,0,0
BRDA:80,6,1,1
BRDA:84,7,0,0
BRDA:84,7,1,1
BRDA:101,8,0,0
BRDA:101,8,1,0
BRDA:104,9,0,0
BRDA:104,9,1,0
BRDA:129,10,0,0
BRDA:129,10,1,0
BRDA:157,11,0,0
BRDA:157,11,1,0
BRDA:160,12,0,0
BRDA:160,12,1,0
BRDA:191,13,0,0
BRDA:191,13,1,0
BRF:29
BRH:12
end_of_record
TN:
SF:dist/handlers/userHandler.js
FN:2,(anonymous_0)
FN:9,(anonymous_1)
FN:18,(anonymous_2)
FN:44,(anonymous_3)
FN:60,(anonymous_4)
FNF:5
FNH:4
FNDA:4,(anonymous_0)
FNDA:1,(anonymous_1)
FNDA:1,(anonymous_2)
FNDA:2,(anonymous_3)
FNDA:0,(anonymous_4)
DA:2,2
DA:3,4
DA:5,2
DA:6,2
DA:7,2
DA:8,2
DA:9,2
DA:10,1
DA:17,2
DA:18,2
DA:19,1
DA:20,1
DA:21,1
DA:22,1
DA:23,1
DA:24,1
DA:25,0
DA:26,0
DA:28,1
DA:31,0
DA:33,1
DA:34,1
DA:35,1
DA:36,1
DA:37,1
DA:40,0
DA:43,2
DA:44,2
DA:45,2
DA:46,2
DA:47,2
DA:48,1
DA:49,1
DA:53,0
DA:56,0
DA:59,2
DA:60,2
DA:61,0
DA:62,0
DA:63,0
DA:64,0
DA:65,0
DA:69,0
DA:72,0
DA:75,2
LF:45
LH:32
BRDA:2,0,0,2
BRDA:2,0,1,2
BRDA:2,0,2,2
BRDA:3,1,0,2
BRDA:3,1,1,2
BRDA:3,2,0,4
BRDA:3,2,1,4
BRDA:24,3,0,0
BRDA:24,3,1,1
BRDA:24,4,0,1
BRDA:24,4,1,0
BRDA:28,5,0,0
BRDA:28,5,1,1
BRDA:28,6,0,1
BRDA:28,6,1,0
BRDA:28,6,2,0
BRDA:33,7,0,1
BRDA:33,7,1,0
BRDA:34,8,0,1
BRDA:34,8,1,0
BRDA:35,9,0,1
BRDA:35,9,1,0
BRDA:48,10,0,1
BRDA:48,10,1,0
BRDA:64,11,0,0
BRDA:64,11,1,0
BRF:26
BRH:15
end_of_record
TN:
SF:dist/middleware/authenticateJWT.js
FN:5,(anonymous_0)
FNF:1
FNH:1
FNDA:9,(anonymous_0)
DA:2,3
DA:3,3
DA:4,3
DA:5,3
DA:6,9
DA:7,9
DA:8,3
DA:10,6
DA:11,6
DA:12,6
DA:13,6
DA:14,6
DA:17,0
DA:20,3
LF:14
LH:13
BRDA:7,0,0,3
BRDA:7,0,1,6
BRF:2
BRH:2
end_of_record
TN:
SF:dist/middleware/bodyErrors.js
FN:5,handleBodyErrors
FNF:1
FNH:1
FNDA:24,handleBodyErrors
DA:2,3
DA:3,3
DA:4,3
DA:6,24
DA:7,24
DA:8,11
DA:10,13
LF:7
LH:7
BRDA:7,0,0,11
BRDA:7,0,1,13
BRF:2
BRH:2
end_of_record
TN:
SF:dist/middleware/comment.js
FN:5,(anonymous_0)
FN:10,(anonymous_1)
FNF:2
FNH:0
FNDA:0,(anonymous_0)
FNDA:0,(anonymous_1)
DA:2,1
DA:3,1
DA:4,1
DA:5,1
DA:6,0
DA:7,0
DA:9,1
DA:10,1
DA:11,0
DA:15,0
DA:17,1
LF:11
LH:7
BRF:0
BRH:0
end_of_record
TN:
SF:dist/middleware/recipe.js
FN:2,(anonymous_0)
FN:9,(anonymous_1)
FN:37,(anonymous_2)
FN:42,(anonymous_3)
FNF:4
FNH:4
FNDA:2,(anonymous_0)
FNDA:4,(anonymous_1)
FNDA:3,(anonymous_2)
FNDA:2,(anonymous_3)
DA:2,2
DA:3,2
DA:5,2
DA:6,2
DA:7,2
DA:8,2
DA:9,2
DA:10,4
DA:15,4
DA:20,4
DA:24,4
DA:28,4
DA:33,4
DA:34,4
DA:36,2
DA:37,2
DA:38,3
DA:39,3
DA:41,2
DA:42,2
DA:43,2
DA:44,2
DA:45,2
DA:46,2
DA:47,0
DA:48,0
DA:50,2
DA:51,2
DA:54,0
DA:57,2
LF:30
LH:27
BRDA:2,0,0,2
BRDA:2,0,1,2
BRDA:2,0,2,2
BRDA:3,1,0,2
BRDA:3,1,1,0
BRDA:3,2,0,2
BRDA:3,2,1,2
BRDA:46,3,0,0
BRDA:46,3,1,2
BRF:9
BRH:7
end_of_record
TN:
SF:dist/middleware/user.js
FN:2,(anonymous_0)
FN:9,(anonymous_1)
FN:17,(anonymous_2)
FN:33,(anonymous_3)
FN:48,(anonymous_4)
FN:68,(anonymous_5)
FN:79,(anonymous_6)
FNF:7
FNH:7
FNDA:3,(anonymous_0)
FNDA:4,(anonymous_1)
FNDA:4,(anonymous_2)
FNDA:10,(anonymous_3)
FNDA:8,(anonymous_4)
FNDA:11,(anonymous_5)
FNDA:11,(anonymous_6)
DA:2,3
DA:3,3
DA:5,3
DA:6,3
DA:7,3
DA:8,3
DA:9,3
DA:10,4
DA:14,4
DA:16,3
DA:17,3
DA:18,4
DA:19,4
DA:20,4
DA:21,4
DA:22,1
DA:23,1
DA:25,3
DA:26,3
DA:29,0
DA:32,3
DA:33,3
DA:34,10
DA:35,10
DA:36,10
DA:37,10
DA:38,2
DA:39,2
DA:41,8
DA:44,0
DA:47,3
DA:48,3
DA:49,8
DA:50,8
DA:51,8
DA:52,1
DA:53,1
DA:55,7
DA:56,7
DA:57,3
DA:58,3
DA:60,4
DA:61,4
DA:64,0
DA:67,3
DA:68,3
DA:69,11
DA:70,11
DA:71,11
DA:72,11
DA:76,11
DA:80,11
DA:81,2
DA:83,9
DA:86,11
DA:88,3
LF:56
LH:53
BRDA:2,0,0,3
BRDA:2,0,1,3
BRDA:2,0,2,3
BRDA:3,1,0,2
BRDA:3,1,1,1
BRDA:3,2,0,3
BRDA:3,2,1,3
BRDA:21,3,0,1
BRDA:21,3,1,3
BRDA:37,4,0,2
BRDA:37,4,1,8
BRDA:37,5,0,10
BRDA:37,5,1,2
BRDA:51,6,0,1
BRDA:51,6,1,7
BRDA:56,7,0,3
BRDA:56,7,1,4
BRDA:80,8,0,2
BRDA:80,8,1,9
BRF:19
BRH:19
end_of_record
TN:
SF:dist/models/Comment.js
FN:2,(anonymous_0)
FNF:1
FNH:1
FNDA:1,(anonymous_0)
DA:2,1
DA:3,1
DA:5,1
DA:6,1
DA:7,1
DA:24,1
DA:25,1
LF:7
LH:7
BRDA:2,0,0,1
BRDA:2,0,1,1
BRDA:2,0,2,1
BRDA:3,1,0,0
BRDA:3,1,1,1
BRDA:3,2,0,1
BRDA:3,2,1,1
BRF:7
BRH:6
end_of_record
TN:
SF:dist/models/Recipe.js
FN:2,(anonymous_0)
FNF:1
FNH:1
FNDA:2,(anonymous_0)
DA:2,2
DA:3,2
DA:5,2
DA:6,2
DA:7,2
DA:55,2
DA:56,2
LF:7
LH:7
BRDA:2,0,0,2
BRDA:2,0,1,2
BRDA:2,0,2,2
BRDA:3,1,0,0
BRDA:3,1,1,2
BRDA:3,2,0,2
BRDA:3,2,1,2
BRF:7
BRH:6
end_of_record
TN:
SF:dist/models/User.js
FN:2,(anonymous_0)
FNF:1
FNH:1
FNDA:3,(anonymous_0)
DA:2,3
DA:3,3
DA:5,3
DA:6,3
DA:8,3
DA:43,3
DA:44,3
LF:7
LH:7
BRDA:2,0,0,3
BRDA:2,0,1,3
BRDA:2,0,2,3
BRDA:3,1,0,0
BRDA:3,1,1,3
BRDA:3,2,0,3
BRDA:3,2,1,3
BRF:7
BRH:6
end_of_record
TN:
SF:dist/routes/authRouter.js
FNF:0
FNH:0
DA:2,1
DA:3,1
DA:4,1
DA:5,1
DA:6,1
DA:7,1
DA:8,1
DA:89,1
DA:146,1
DA:147,1
LF:10
LH:10
BRF:0
BRH:0
end_of_record
TN:
SF:dist/routes/commentRouter.js
FNF:0
FNH:0
DA:2,1
DA:3,1
DA:4,1
DA:5,1
DA:6,1
DA:7,1
DA:8,1
DA:9,1
DA:64,1
DA:108,1
DA:148,1
DA:149,1
LF:12
LH:12
BRF:0
BRH:0
end_of_record
TN:
SF:dist/routes/recipieRouter.js
FNF:0
FNH:0
DA:2,1
DA:3,1
DA:4,1
DA:5,1
DA:6,1
DA:7,1
DA:8,1
DA:10,1
DA:11,1
DA:90,1
DA:146,1
DA:175,1
DA:243,1
DA:274,1
DA:276,1
DA:277,1
DA:278,1
DA:279,1
DA:280,1
LF:19
LH:19
BRF:0
BRH:0
end_of_record
TN:
SF:dist/routes/userRouter.js
FNF:0
FNH:0
DA:2,1
DA:3,1
DA:4,1
DA:5,1
DA:6,1
DA:7,1
DA:8,1
DA:9,1
DA:10,1
DA:11,1
DA:64,1
DA:125,1
DA:212,1
DA:213,1
DA:214,1
LF:15
LH:15
BRF:0
BRH:0
end_of_record
TN:
SF:dist/tests/mocks/comment.js
FNF:0
FNH:0
DA:2,1
DA:3,1
DA:4,1
LF:3
LH:3
BRF:0
BRH:0
end_of_record
TN:
SF:dist/tests/mocks/recipe.js
FNF:0
FNH:0
DA:2,2
DA:3,2
DA:4,2
DA:5,2
LF:4
LH:4
BRF:0
BRH:0
end_of_record
TN:
SF:dist/tests/mocks/user.js
FNF:0
FNH:0
DA:2,2
DA:3,2
DA:4,2
DA:5,2
LF:4
LH:4
BRF:0
BRH:0
end_of_record
TN:
SF:dist/utils/auth.js
FN:2,(anonymous_0)
FN:8,(anonymous_1)
FN:13,(anonymous_2)
FNF:3
FNH:3
FNDA:1,(anonymous_0)
FNDA:2,(anonymous_1)
FNDA:2,(anonymous_2)
DA:2,1
DA:3,1
DA:5,1
DA:6,1
DA:7,1
DA:8,1
DA:9,2
DA:10,2
DA:12,1
DA:13,1
DA:14,2
DA:16,1
LF:12
LH:12
BRDA:2,0,0,1
BRDA:2,0,1,1
BRDA:2,0,2,1
BRDA:3,1,0,0
BRDA:3,1,1,1
BRDA:3,2,0,1
BRDA:3,2,1,1
BRF:7
BRH:6
end_of_record
TN:
SF:dist/utils/jwt.js
FN:2,(anonymous_0)
FN:8,(anonymous_1)
FN:16,(anonymous_2)
FNF:3
FNH:3
FNDA:3,(anonymous_0)
FNDA:2,(anonymous_1)
FNDA:6,(anonymous_2)
DA:2,3
DA:3,3
DA:5,3
DA:6,3
DA:7,3
DA:8,3
DA:9,2
DA:12,2
DA:14,3
DA:16,3
DA:17,6
DA:19,3
LF:12
LH:12
BRDA:2,0,0,3
BRDA:2,0,1,3
BRDA:2,0,2,3
BRDA:3,1,0,0
BRDA:3,1,1,3
BRDA:3,2,0,3
BRDA:3,2,1,3
BRF:7
BRH:6
end_of_record
TN:
SF:src/server.ts
FN:31,(anonymous_10)
FNF:1
FNH:0
FNDA:0,(anonymous_10)
DA:1,1
DA:2,1
DA:3,1
DA:4,1
DA:5,1
DA:6,1
DA:7,1
DA:8,1
DA:9,1
DA:11,1
DA:14,1
DA:16,1
DA:19,1
DA:20,1
DA:21,1
DA:22,1
DA:25,1
DA:31,1
DA:32,0
DA:35,1
LF:20
LH:19
BRF:0
BRH:0
end_of_record
TN:
SF:src/config/db.ts
FN:4,(anonymous_1)
FNF:1
FNH:1
FNDA:1,(anonymous_1)
DA:1,1
DA:2,1
DA:4,1
DA:5,1
DA:6,1
DA:7,1
DA:8,1
DA:10,0
DA:11,0
LF:9
LH:7
BRF:0
BRH:0
end_of_record
TN:
SF:src/config/swagger.ts
FNF:0
FNH:0
DA:1,1
DA:4,1
DA:34,1
DA:36,1
DA:49,1
DA:50,1
LF:6
LH:6
BRF:0
BRH:0
end_of_record
TN:
SF:src/handlers/authHandler.ts
FN:7,(anonymous_1)
FN:35,(anonymous_2)
FNF:2
FNH:2
FNDA:4,(anonymous_1)
FNDA:4,(anonymous_2)
DA:2,2
DA:3,2
DA:4,2
DA:5,2
DA:7,2
DA:8,4
DA:9,4
DA:11,4
DA:12,4
DA:14,3
DA:15,1
DA:16,1
DA:19,2
DA:20,0
DA:21,0
DA:24,2
DA:25,2
DA:26,2
DA:27,2
DA:29,2
DA:31,1
DA:35,2
DA:36,4
DA:37,4
DA:39,4
DA:40,0
DA:41,0
DA:44,4
DA:49,3
DA:50,1
DA:51,1
DA:54,2
DA:60,2
DA:62,1
LF:34
LH:30
BRDA:14,0,0,1
BRDA:14,0,1,2
BRDA:19,1,0,0
BRDA:19,1,1,2
BRDA:39,2,0,0
BRDA:39,2,1,4
BRDA:49,3,0,1
BRDA:49,3,1,2
BRF:8
BRH:6
end_of_record
TN:
SF:src/handlers/commentHandler.ts
FN:4,(anonymous_1)
FN:18,(anonymous_2)
FN:36,(anonymous_3)
FNF:3
FNH:3
FNDA:2,(anonymous_1)
FNDA:2,(anonymous_2)
FNDA:5,(anonymous_3)
DA:2,2
DA:4,2
DA:5,2
DA:6,2
DA:8,2
DA:12,1
DA:14,1
DA:18,2
DA:19,2
DA:20,2
DA:21,2
DA:23,2
DA:29,2
DA:30,1
DA:32,1
DA:36,2
DA:37,5
DA:38,5
DA:40,5
DA:42,4
DA:43,1
DA:44,1
DA:48,3
DA:49,1
DA:52,1
DA:56,2
DA:57,1
DA:58,1
DA:61,1
DA:63,1
DA:65,1
LF:31
LH:31
BRDA:42,0,0,1
BRDA:42,0,1,3
BRDA:48,1,0,1
BRDA:48,1,1,2
BRDA:56,2,0,1
BRDA:56,2,1,1
BRF:6
BRH:6
end_of_record
TN:
SF:src/handlers/recipeHandler.ts
FN:6,(anonymous_1)
FN:15,(anonymous_2)
FN:49,(anonymous_3)
FN:53,(anonymous_4)
FN:87,(anonymous_5)
FN:113,(anonymous_6)
FN:145,(anonymous_7)
FN:151,(anonymous_8)
FN:178,(anonymous_9)
FN:219,(anonymous_10)
FN:226,(anonymous_11)
FNF:11
FNH:5
FNDA:4,(anonymous_1)
FNDA:2,(anonymous_2)
FNDA:1,(anonymous_3)
FNDA:2,(anonymous_4)
FNDA:4,(anonymous_5)
FNDA:0,(anonymous_6)
FNDA:0,(anonymous_7)
FNDA:0,(anonymous_8)
FNDA:0,(anonymous_9)
FNDA:0,(anonymous_10)
FNDA:0,(anonymous_11)
DA:2,2
DA:3,2
DA:4,2
DA:6,2
DA:7,4
DA:8,4
DA:9,3
DA:11,1
DA:15,2
DA:16,2
DA:25,2
DA:27,2
DA:37,2
DA:39,1
DA:43,1
DA:45,1
DA:49,2
DA:50,1
DA:53,2
DA:54,2
DA:55,2
DA:58,2
DA:59,0
DA:60,0
DA:63,2
DA:64,2
DA:65,2
DA:66,2
DA:67,2
DA:71,2
DA:72,0
DA:77,2
DA:79,2
DA:81,1
DA:83,1
DA:87,2
DA:88,4
DA:89,4
DA:91,4
DA:93,4
DA:94,1
DA:95,1
DA:98,3
DA:99,1
DA:100,1
DA:103,2
DA:105,1
DA:107,1
DA:113,2
DA:114,0
DA:115,0
DA:116,0
DA:117,0
DA:119,0
DA:120,0
DA:121,0
DA:123,0
DA:145,2
DA:146,0
DA:147,0
DA:148,0
DA:149,0
DA:151,0
DA:152,0
DA:154,0
DA:178,2
DA:179,0
DA:180,0
DA:181,0
DA:182,0
DA:184,0
DA:185,0
DA:186,0
DA:187,0
DA:189,0
DA:219,2
DA:220,0
DA:221,0
DA:222,0
DA:223,0
DA:225,0
DA:226,0
DA:228,0
DA:230,0
LF:84
LH:49
BRDA:58,0,0,0
BRDA:58,0,1,2
BRDA:65,1,0,2
BRDA:65,1,1,0
BRDA:71,2,0,0
BRDA:71,2,1,2
BRDA:93,3,0,1
BRDA:93,3,1,3
BRDA:98,4,0,1
BRDA:98,4,1,2
BRDA:117,5,0,0
BRDA:117,5,1,0
BRDA:120,6,0,0
BRDA:120,6,1,0
BRDA:149,7,0,0
BRDA:149,7,1,0
BRDA:182,8,0,0
BRDA:182,8,1,0
BRDA:185,9,0,0
BRDA:185,9,1,0
BRDA:223,10,0,0
BRDA:223,10,1,0
BRF:22
BRH:7
end_of_record
TN:
SF:src/handlers/userHandler.ts
FN:5,(anonymous_1)
FN:14,(anonymous_2)
FN:47,(anonymous_3)
FN:65,(anonymous_4)
FNF:4
FNH:3
FNDA:1,(anonymous_1)
FNDA:2,(anonymous_2)
FNDA:2,(anonymous_3)
FNDA:0,(anonymous_4)
DA:2,2
DA:3,2
DA:5,2
DA:6,1
DA:14,2
DA:15,2
DA:16,2
DA:17,2
DA:19,2
DA:20,2
DA:22,2
DA:23,0
DA:24,0
DA:27,2
DA:32,0
DA:35,1
DA:36,1
DA:37,1
DA:39,1
DA:41,1
DA:43,1
DA:47,2
DA:48,2
DA:49,2
DA:51,2
DA:53,1
DA:54,0
DA:59,1
DA:61,1
DA:65,2
DA:66,0
DA:67,0
DA:69,0
DA:71,0
DA:72,0
DA:77,0
DA:79,0
LF:37
LH:26
BRDA:22,0,0,0
BRDA:22,0,1,2
BRDA:22,1,0,2
BRDA:22,1,1,0
BRDA:27,2,0,0
BRDA:27,2,1,1
BRDA:28,3,0,2
BRDA:28,3,1,0
BRDA:28,3,2,0
BRDA:35,4,0,1
BRDA:35,4,1,0
BRDA:36,5,0,1
BRDA:36,5,1,0
BRDA:37,6,0,1
BRDA:37,6,1,0
BRDA:53,7,0,0
BRDA:53,7,1,1
BRDA:71,8,0,0
BRDA:71,8,1,0
BRF:19
BRH:8
end_of_record
TN:
SF:src/middleware/authenticateJWT.ts
FN:4,(anonymous_0)
FNF:1
FNH:1
FNDA:6,(anonymous_0)
DA:2,3
DA:4,3
DA:9,6
DA:11,6
DA:12,3
DA:15,3
DA:17,3
DA:18,3
DA:19,0
DA:20,0
DA:22,3
LF:11
LH:9
BRDA:11,0,0,3
BRDA:11,0,1,3
BRF:2
BRH:2
end_of_record
TN:
SF:src/middleware/bodyErrors.ts
FN:5,handleBodyErrors
FNF:1
FNH:1
FNDA:12,handleBodyErrors
DA:1,3
DA:5,3
DA:10,12
DA:11,12
DA:12,9
DA:14,3
LF:6
LH:6
BRDA:11,0,0,9
BRDA:11,0,1,3
BRF:2
BRH:2
end_of_record
TN:
SF:src/middleware/comment.ts
FN:4,(anonymous_0)
FN:13,(anonymous_1)
FNF:2
FNH:0
FNDA:0,(anonymous_0)
FNDA:0,(anonymous_1)
DA:2,1
DA:4,1
DA:9,0
DA:10,0
DA:13,1
DA:18,0
DA:22,0
LF:7
LH:3
BRF:0
BRH:0
end_of_record
TN:
SF:src/middleware/recipe.ts
FN:13,(anonymous_1)
FN:46,(anonymous_2)
FN:55,(anonymous_3)
FNF:3
FNH:1
FNDA:0,(anonymous_1)
FNDA:0,(anonymous_2)
FNDA:1,(anonymous_3)
DA:2,2
DA:3,2
DA:13,2
DA:18,0
DA:23,0
DA:28,0
DA:32,0
DA:36,0
DA:41,0
DA:43,0
DA:46,2
DA:51,0
DA:52,0
DA:55,2
DA:60,1
DA:61,1
DA:63,1
DA:65,1
DA:66,1
DA:67,1
DA:70,0
DA:72,0
DA:74,0
LF:23
LH:11
BRDA:65,0,0,1
BRDA:65,0,1,0
BRF:2
BRH:1
end_of_record
TN:
SF:src/middleware/user.ts
FN:19,(anonymous_1)
FN:31,(anonymous_2)
FN:54,(anonymous_3)
FN:75,(anonymous_4)
FN:103,(anonymous_5)
FN:118,(anonymous_6)
FNF:6
FNH:6
FNDA:1,(anonymous_1)
FNDA:7,(anonymous_2)
FNDA:9,(anonymous_3)
FNDA:8,(anonymous_4)
FNDA:7,(anonymous_5)
FNDA:7,(anonymous_6)
DA:3,3
DA:4,3
DA:19,3
DA:24,1
DA:28,1
DA:31,3
DA:36,7
DA:37,7
DA:39,7
DA:41,6
DA:42,4
DA:43,4
DA:46,2
DA:48,2
DA:50,1
DA:54,3
DA:59,9
DA:60,9
DA:62,9
DA:64,9
DA:65,6
DA:66,6
DA:69,3
DA:71,0
DA:75,3
DA:80,8
DA:81,8
DA:83,8
DA:84,1
DA:85,1
DA:88,7
DA:90,7
DA:91,4
DA:92,4
DA:95,3
DA:97,3
DA:99,0
DA:103,3
DA:108,7
DA:109,7
DA:110,7
DA:111,7
DA:115,7
DA:119,7
DA:120,1
DA:122,6
DA:126,7
LF:47
LH:45
BRDA:41,0,0,4
BRDA:41,0,1,2
BRDA:64,1,0,6
BRDA:64,1,1,3
BRDA:64,2,0,9
BRDA:64,2,1,6
BRDA:83,3,0,1
BRDA:83,3,1,7
BRDA:90,4,0,4
BRDA:90,4,1,3
BRDA:119,5,0,1
BRDA:119,5,1,6
BRF:12
BRH:12
end_of_record
TN:
SF:src/models/Comment.ts
FNF:0
FNH:0
DA:1,1
DA:9,1
DA:27,1
DA:29,1
LF:4
LH:4
BRF:0
BRH:0
end_of_record
TN:
SF:src/models/Recipe.ts
FNF:0
FNH:0
DA:1,1
DA:15,1
DA:64,1
DA:65,1
LF:4
LH:4
BRF:0
BRH:0
end_of_record
TN:
SF:src/models/User.ts
FNF:0
FNH:0
DA:1,1
DA:15,1
DA:51,1
DA:52,1
LF:4
LH:4
BRF:0
BRH:0
end_of_record
TN:
SF:src/routes/authRouter.ts
FNF:0
FNH:0
DA:1,1
DA:2,1
DA:3,1
DA:4,1
DA:5,1
DA:11,1
DA:95,1
DA:161,1
DA:170,1
LF:9
LH:9
BRF:0
BRH:0
end_of_record
TN:
SF:src/routes/commentRouter.ts
FNF:0
FNH:0
DA:1,1
DA:2,1
DA:7,1
DA:8,1
DA:9,1
DA:13,1
DA:15,1
DA:74,1
DA:125,1
DA:174,1
DA:183,1
LF:11
LH:11
BRF:0
BRH:0
end_of_record
TN:
SF:src/routes/recipieRouter.ts
FNF:0
FNH:0
DA:1,1
DA:2,1
DA:14,1
DA:15,1
DA:16,1
DA:22,1
DA:25,1
DA:26,1
DA:108,1
DA:166,1
DA:203,1
DA:273,1
DA:312,1
DA:316,1
DA:322,1
DA:328,1
DA:334,1
DA:341,1
LF:18
LH:18
BRF:0
BRH:0
end_of_record
TN:
SF:src/routes/userRouter.ts
FNF:0
FNH:0
DA:1,1
DA:2,1
DA:3,1
DA:4,1
DA:10,1
DA:11,1
DA:17,1
DA:19,1
DA:20,1
DA:76,1
DA:140,1
DA:239,1
DA:241,1
DA:243,1
LF:14
LH:14
BRF:0
BRH:0
end_of_record
TN:
SF:src/tests/mocks/comment.ts
FNF:0
FNH:0
DA:1,1
LF:1
LH:1
BRF:0
BRH:0
end_of_record
TN:
SF:src/tests/mocks/recipe.ts
FNF:0
FNH:0
DA:1,2
DA:3,2
LF:2
LH:2
BRF:0
BRH:0
end_of_record
TN:
SF:src/tests/mocks/user.ts
FNF:0
FNH:0
DA:1,2
DA:3,2
LF:2
LH:2
BRF:0
BRH:0
end_of_record
TN:
SF:src/utils/auth.ts
FN:3,(anonymous_1)
FN:8,(anonymous_2)
FNF:2
FNH:2
FNDA:1,(anonymous_1)
FNDA:1,(anonymous_2)
DA:1,1
DA:3,1
DA:4,1
DA:5,1
DA:8,1
DA:12,1
LF:6
LH:6
BRF:0
BRH:0
end_of_record
TN:
SF:src/utils/jwt.ts
FN:3,(anonymous_1)
FN:11,(anonymous_2)
FNF:2
FNH:2
FNDA:1,(anonymous_1)
FNDA:3,(anonymous_2)
DA:1,3
DA:3,3
DA:4,1
DA:7,1
DA:11,3
DA:12,3
LF:6
LH:6
BRF:0
BRH:0
end_of_record
