TN:
SF:src/server.ts
FN:31,(anonymous_10)
FNF:1
FNH:0
FNDA:0,(anonymous_10)
DA:1,1
DA:2,1
DA:3,1
DA:4,1
DA:5,1
DA:6,1
DA:7,1
DA:8,1
DA:9,1
DA:11,1
DA:14,1
DA:16,1
DA:19,1
DA:20,1
DA:21,1
DA:22,1
DA:25,1
DA:31,1
DA:32,0
DA:35,1
LF:20
LH:19
BRF:0
BRH:0
end_of_record
TN:
SF:src/config/db.ts
FN:4,(anonymous_1)
FNF:1
FNH:1
FNDA:1,(anonymous_1)
DA:1,1
DA:2,1
DA:4,1
DA:5,1
DA:6,1
DA:7,1
DA:8,1
DA:10,0
DA:11,0
LF:9
LH:7
BRF:0
BRH:0
end_of_record
TN:
SF:src/config/swagger.ts
FNF:0
FNH:0
DA:1,1
DA:4,1
DA:34,1
DA:36,1
DA:49,1
DA:50,1
LF:6
LH:6
BRF:0
BRH:0
end_of_record
TN:
SF:src/handlers/authHandler.ts
FN:7,(anonymous_1)
FN:35,(anonymous_2)
FNF:2
FNH:2
FNDA:6,(anonymous_1)
FNDA:5,(anonymous_2)
DA:2,2
DA:3,2
DA:4,2
DA:5,2
DA:7,2
DA:8,6
DA:9,6
DA:11,6
DA:12,6
DA:14,5
DA:15,2
DA:16,2
DA:19,3
DA:20,0
DA:21,0
DA:24,3
DA:25,3
DA:26,3
DA:27,3
DA:29,3
DA:31,1
DA:35,2
DA:36,5
DA:37,5
DA:39,5
DA:40,0
DA:41,0
DA:44,5
DA:49,4
DA:50,1
DA:51,1
DA:54,3
DA:60,3
DA:62,1
LF:34
LH:30
BRDA:14,0,0,2
BRDA:14,0,1,3
BRDA:19,1,0,0
BRDA:19,1,1,3
BRDA:39,2,0,0
BRDA:39,2,1,5
BRDA:49,3,0,1
BRDA:49,3,1,3
BRF:8
BRH:6
end_of_record
TN:
SF:src/handlers/commentHandler.ts
FN:4,(anonymous_1)
FN:18,(anonymous_2)
FN:36,(anonymous_3)
FNF:3
FNH:3
FNDA:2,(anonymous_1)
FNDA:2,(anonymous_2)
FNDA:5,(anonymous_3)
DA:2,2
DA:4,2
DA:5,2
DA:6,2
DA:8,2
DA:12,1
DA:14,1
DA:18,2
DA:19,2
DA:20,2
DA:21,2
DA:23,2
DA:29,2
DA:30,1
DA:32,1
DA:36,2
DA:37,5
DA:38,5
DA:40,5
DA:42,4
DA:43,1
DA:44,1
DA:48,3
DA:49,1
DA:52,1
DA:56,2
DA:57,1
DA:58,1
DA:61,1
DA:63,1
DA:65,1
LF:31
LH:31
BRDA:42,0,0,1
BRDA:42,0,1,3
BRDA:48,1,0,1
BRDA:48,1,1,2
BRDA:56,2,0,1
BRDA:56,2,1,1
BRF:6
BRH:6
end_of_record
TN:
SF:src/handlers/recipeHandler.ts
FN:6,(anonymous_1)
FN:15,(anonymous_2)
FN:49,(anonymous_3)
FN:53,(anonymous_4)
FN:87,(anonymous_5)
FN:113,(anonymous_6)
FN:145,(anonymous_7)
FN:151,(anonymous_8)
FN:178,(anonymous_9)
FN:219,(anonymous_10)
FN:226,(anonymous_11)
FNF:11
FNH:5
FNDA:6,(anonymous_1)
FNDA:5,(anonymous_2)
FNDA:2,(anonymous_3)
FNDA:3,(anonymous_4)
FNDA:5,(anonymous_5)
FNDA:0,(anonymous_6)
FNDA:0,(anonymous_7)
FNDA:0,(anonymous_8)
FNDA:0,(anonymous_9)
FNDA:0,(anonymous_10)
FNDA:0,(anonymous_11)
DA:2,2
DA:3,2
DA:4,2
DA:6,2
DA:7,6
DA:8,6
DA:9,5
DA:11,1
DA:15,2
DA:16,5
DA:25,5
DA:27,5
DA:37,5
DA:39,4
DA:43,4
DA:45,1
DA:49,2
DA:50,2
DA:53,2
DA:54,3
DA:55,3
DA:58,3
DA:59,0
DA:60,0
DA:63,3
DA:64,3
DA:65,3
DA:66,3
DA:67,3
DA:71,3
DA:72,0
DA:77,3
DA:79,3
DA:81,2
DA:83,1
DA:87,2
DA:88,5
DA:89,5
DA:91,5
DA:93,5
DA:94,1
DA:95,1
DA:98,4
DA:99,1
DA:100,1
DA:103,3
DA:105,2
DA:107,1
DA:113,2
DA:114,0
DA:115,0
DA:116,0
DA:117,0
DA:119,0
DA:120,0
DA:121,0
DA:123,0
DA:145,2
DA:146,0
DA:147,0
DA:148,0
DA:149,0
DA:151,0
DA:152,0
DA:154,0
DA:178,2
DA:179,0
DA:180,0
DA:181,0
DA:182,0
DA:184,0
DA:185,0
DA:186,0
DA:187,0
DA:189,0
DA:219,2
DA:220,0
DA:221,0
DA:222,0
DA:223,0
DA:225,0
DA:226,0
DA:228,0
DA:230,0
LF:84
LH:49
BRDA:58,0,0,0
BRDA:58,0,1,3
BRDA:65,1,0,3
BRDA:65,1,1,0
BRDA:71,2,0,0
BRDA:71,2,1,3
BRDA:93,3,0,1
BRDA:93,3,1,4
BRDA:98,4,0,1
BRDA:98,4,1,3
BRDA:117,5,0,0
BRDA:117,5,1,0
BRDA:120,6,0,0
BRDA:120,6,1,0
BRDA:149,7,0,0
BRDA:149,7,1,0
BRDA:182,8,0,0
BRDA:182,8,1,0
BRDA:185,9,0,0
BRDA:185,9,1,0
BRDA:223,10,0,0
BRDA:223,10,1,0
BRF:22
BRH:7
end_of_record
TN:
SF:src/handlers/userHandler.ts
FN:5,(anonymous_1)
FN:14,(anonymous_2)
FN:47,(anonymous_3)
FN:65,(anonymous_4)
FNF:4
FNH:3
FNDA:2,(anonymous_1)
FNDA:3,(anonymous_2)
FNDA:3,(anonymous_3)
FNDA:0,(anonymous_4)
DA:2,2
DA:3,2
DA:5,2
DA:6,2
DA:14,2
DA:15,3
DA:16,3
DA:17,3
DA:19,3
DA:20,3
DA:22,3
DA:23,0
DA:24,0
DA:27,3
DA:32,0
DA:35,2
DA:36,2
DA:37,2
DA:39,2
DA:41,2
DA:43,1
DA:47,2
DA:48,3
DA:49,3
DA:51,3
DA:53,2
DA:54,1
DA:59,1
DA:61,1
DA:65,2
DA:66,0
DA:67,0
DA:69,0
DA:71,0
DA:72,0
DA:77,0
DA:79,0
LF:37
LH:27
BRDA:22,0,0,0
BRDA:22,0,1,3
BRDA:22,1,0,3
BRDA:22,1,1,0
BRDA:27,2,0,0
BRDA:27,2,1,2
BRDA:28,3,0,3
BRDA:28,3,1,0
BRDA:28,3,2,0
BRDA:35,4,0,2
BRDA:35,4,1,0
BRDA:36,5,0,2
BRDA:36,5,1,0
BRDA:37,6,0,2
BRDA:37,6,1,0
BRDA:53,7,0,1
BRDA:53,7,1,1
BRDA:71,8,0,0
BRDA:71,8,1,0
BRF:19
BRH:9
end_of_record
TN:
SF:src/middleware/authenticateJWT.ts
FN:4,(anonymous_0)
FNF:1
FNH:1
FNDA:9,(anonymous_0)
DA:2,3
DA:4,3
DA:9,9
DA:11,9
DA:12,3
DA:15,6
DA:17,6
DA:18,6
DA:19,6
DA:20,6
DA:22,0
LF:11
LH:10
BRDA:11,0,0,3
BRDA:11,0,1,6
BRF:2
BRH:2
end_of_record
TN:
SF:src/middleware/bodyErrors.ts
FN:5,handleBodyErrors
FNF:1
FNH:1
FNDA:24,handleBodyErrors
DA:1,3
DA:5,3
DA:10,24
DA:11,24
DA:12,11
DA:14,13
LF:6
LH:6
BRDA:11,0,0,11
BRDA:11,0,1,13
BRF:2
BRH:2
end_of_record
TN:
SF:src/middleware/comment.ts
FN:4,(anonymous_0)
FN:13,(anonymous_1)
FNF:2
FNH:0
FNDA:0,(anonymous_0)
FNDA:0,(anonymous_1)
DA:2,1
DA:4,1
DA:9,0
DA:10,0
DA:13,1
DA:18,0
DA:22,0
LF:7
LH:3
BRF:0
BRH:0
end_of_record
TN:
SF:src/middleware/recipe.ts
FN:13,(anonymous_1)
FN:46,(anonymous_2)
FN:55,(anonymous_3)
FNF:3
FNH:3
FNDA:4,(anonymous_1)
FNDA:3,(anonymous_2)
FNDA:3,(anonymous_3)
DA:2,2
DA:3,2
DA:13,2
DA:18,4
DA:23,4
DA:28,4
DA:32,4
DA:36,4
DA:41,4
DA:43,4
DA:46,2
DA:51,3
DA:52,3
DA:55,2
DA:60,3
DA:61,3
DA:63,3
DA:65,3
DA:66,1
DA:67,1
DA:70,2
DA:72,2
DA:74,0
LF:23
LH:22
BRDA:65,0,0,1
BRDA:65,0,1,2
BRF:2
BRH:2
end_of_record
TN:
SF:src/middleware/user.ts
FN:19,(anonymous_1)
FN:31,(anonymous_2)
FN:54,(anonymous_3)
FN:75,(anonymous_4)
FN:103,(anonymous_5)
FN:118,(anonymous_6)
FNF:6
FNH:6
FNDA:4,(anonymous_1)
FNDA:10,(anonymous_2)
FNDA:10,(anonymous_3)
FNDA:8,(anonymous_4)
FNDA:11,(anonymous_5)
FNDA:11,(anonymous_6)
DA:3,3
DA:4,3
DA:19,3
DA:24,4
DA:28,4
DA:31,3
DA:36,10
DA:37,10
DA:39,10
DA:41,9
DA:42,4
DA:43,4
DA:46,5
DA:48,5
DA:50,1
DA:54,3
DA:59,10
DA:60,10
DA:62,10
DA:64,10
DA:65,2
DA:66,2
DA:69,8
DA:71,0
DA:75,3
DA:80,8
DA:81,8
DA:83,8
DA:84,1
DA:85,1
DA:88,7
DA:90,7
DA:91,3
DA:92,3
DA:95,4
DA:97,4
DA:99,0
DA:103,3
DA:108,11
DA:109,11
DA:110,11
DA:111,11
DA:115,11
DA:119,11
DA:120,2
DA:122,9
DA:126,11
LF:47
LH:45
BRDA:41,0,0,4
BRDA:41,0,1,5
BRDA:64,1,0,2
BRDA:64,1,1,8
BRDA:64,2,0,10
BRDA:64,2,1,2
BRDA:83,3,0,1
BRDA:83,3,1,7
BRDA:90,4,0,3
BRDA:90,4,1,4
BRDA:119,5,0,2
BRDA:119,5,1,9
BRF:12
BRH:12
end_of_record
TN:
SF:src/models/Comment.ts
FNF:0
FNH:0
DA:1,1
DA:9,1
DA:27,1
DA:29,1
LF:4
LH:4
BRF:0
BRH:0
end_of_record
TN:
SF:src/models/Recipe.ts
FNF:0
FNH:0
DA:1,1
DA:15,1
DA:64,1
DA:65,1
LF:4
LH:4
BRF:0
BRH:0
end_of_record
TN:
SF:src/models/User.ts
FNF:0
FNH:0
DA:1,1
DA:15,1
DA:51,1
DA:52,1
LF:4
LH:4
BRF:0
BRH:0
end_of_record
TN:
SF:src/routes/authRouter.ts
FNF:0
FNH:0
DA:1,1
DA:2,1
DA:3,1
DA:4,1
DA:5,1
DA:11,1
DA:95,1
DA:161,1
DA:170,1
LF:9
LH:9
BRF:0
BRH:0
end_of_record
TN:
SF:src/routes/commentRouter.ts
FNF:0
FNH:0
DA:1,1
DA:2,1
DA:7,1
DA:8,1
DA:9,1
DA:13,1
DA:15,1
DA:74,1
DA:125,1
DA:174,1
DA:183,1
LF:11
LH:11
BRF:0
BRH:0
end_of_record
TN:
SF:src/routes/recipieRouter.ts
FNF:0
FNH:0
DA:1,1
DA:2,1
DA:14,1
DA:15,1
DA:16,1
DA:22,1
DA:25,1
DA:26,1
DA:108,1
DA:166,1
DA:203,1
DA:273,1
DA:312,1
DA:316,1
DA:322,1
DA:328,1
DA:334,1
DA:341,1
LF:18
LH:18
BRF:0
BRH:0
end_of_record
TN:
SF:src/routes/userRouter.ts
FNF:0
FNH:0
DA:1,1
DA:2,1
DA:3,1
DA:4,1
DA:10,1
DA:11,1
DA:17,1
DA:19,1
DA:20,1
DA:76,1
DA:140,1
DA:239,1
DA:241,1
DA:243,1
LF:14
LH:14
BRF:0
BRH:0
end_of_record
TN:
SF:src/tests/mocks/comment.ts
FNF:0
FNH:0
DA:1,1
LF:1
LH:1
BRF:0
BRH:0
end_of_record
TN:
SF:src/tests/mocks/recipe.ts
FNF:0
FNH:0
DA:1,2
DA:3,2
LF:2
LH:2
BRF:0
BRH:0
end_of_record
TN:
SF:src/tests/mocks/user.ts
FNF:0
FNH:0
DA:1,2
DA:3,2
LF:2
LH:2
BRF:0
BRH:0
end_of_record
TN:
SF:src/utils/auth.ts
FN:3,(anonymous_1)
FN:8,(anonymous_2)
FNF:2
FNH:2
FNDA:2,(anonymous_1)
FNDA:2,(anonymous_2)
DA:1,1
DA:3,1
DA:4,2
DA:5,2
DA:8,1
DA:12,2
LF:6
LH:6
BRF:0
BRH:0
end_of_record
TN:
SF:src/utils/jwt.ts
FN:3,(anonymous_1)
FN:11,(anonymous_2)
FNF:2
FNH:2
FNDA:2,(anonymous_1)
FNDA:6,(anonymous_2)
DA:1,3
DA:3,3
DA:4,2
DA:7,2
DA:11,3
DA:12,6
LF:6
LH:6
BRF:0
BRH:0
end_of_record
